================== VBSP ==================



materialPath: C:\Program Files (x86)\Steam\steamapps\common\Source SDK Base 2013 Multiplayer\customConfig_tf2\materials
Loading D:\oihguv\mge_oihguv_sucks_b4_sky3.vmf
ConVarRef mat_reduceparticles doesn't point to an existing ConVar
Could not locate GameData file tf2_ficool2_lite.fgd
Patching WVT material: maps/mge_oihguv_sucks_b4_sky3/winter/blendgrasstograss002_wvt_patch
Patching WVT material: maps/mge_oihguv_sucks_b4_sky3/nature/blendrockground007_wvt_patch
Patching WVT material: maps/mge_oihguv_sucks_b4_sky3/nature/blendgroundtograss007_nodetail_wvt_patch
Patching WVT material: maps/mge_oihguv_sucks_b4_sky3/nature/blendrockgroundwallforest_wvt_patch
Patching WVT material: maps/mge_oihguv_sucks_b4_sky3/nature/blendgroundtograss008_nodetail_wvt_patch
Patching WVT material: maps/mge_oihguv_sucks_b4_sky3/nature/blendgroundtograss008_wvt_patch
Patching WVT material: maps/mge_oihguv_sucks_b4_sky3/brick/blendcobbletocobblesnow001_wvt_patch
Patching WVT material: maps/mge_oihguv_sucks_b4_sky3/nature/blendgroundtograss001_wvt_patch
Patching WVT material: maps/mge_oihguv_sucks_b4_sky3/nature/blendgroundtograss005_wvt_patch
fixing up env_cubemap materials on brush sides...
0...1...2...3...4...5...6...7...8...9...100...1...2...3...4...5...6...7...8...9...10Processing areas...done (0)
Building Faces...done (0)
Chop Details...done (0)
Find Visible Detail Sides...
Merged 2482 detail faces...done (1)
Merging details...done (1)
FixTjuncs...
PruneNodes...
WriteBSP...
done (1)
writing D:\oihguv\mge_oihguv_sucks_b4_sky3.prt...Building visibility clusters...
done (1)
*** Error: Skybox vtf files for skybox/sky_yuki_01 weren't compiled with the same size texture and/or same flags!
Can't load skybox file skybox/sky_yuki_01 to build the default cubemap!
*** Error: Skybox vtf files for skybox/sky_yuki_01 weren't compiled with the same size texture and/or same flags!
Can't load skybox file skybox/sky_yuki_01 to build the default cubemap!
Finding displacement neighbors...
Found a displacement edge abutting multiple other edges.
Finding lightmap sample positions...
Displacement Alpha : 0...1...2...3...4...5...6...7...8...9...10
Building Physics collision data...
WARNING: Map using power 4 displacements, terrain physics cannot be compressed, map will need additional memory and CPU.
done (2) (7692104 bytes)
Placing detail props : 0...1...2...3...4...5...6...7...8...9.Material NATURE/BLENDGROUNDTOGRASS008 uses unknown detail object type tf_forest_grass!
Material NATURE/BLENDGROUNDTOGRASS008 uses unknown detail object type tf_forest_grass!
.Material NATURE/BLENDGROUNDTOGRASS008 uses unknown detail object type tf_forest_grass!
Material NATURE/BLENDGROUNDTOGRASS008 uses unknown detail object type tf_forest_grass!
.10
Compacting texture/material tables...
Reduced 10475 texinfos to 6676
Reduced 188 texdatas to 150 (6467 bytes to 4512)
Writing D:\oihguv\mge_oihguv_sucks_b4_sky3.bsp
MSG_FILEWRITE - Filesystem was asked to write to 'D:\oihguv\mge_oihguv_sucks_b4_sky3.bsp', but we don't own that location. Allowing.
Wrote ZIP buffer, estimated size 28434, actual size 21386
13 seconds elapsed

================== VVIS ==================




12 threads
reading d:\oihguv\mge_oihguv_sucks_b4_sky3.bsp
reading d:\oihguv\mge_oihguv_sucks_b4_sky3.prt
6048 portalclusters
20721 numportals
0...1...2...3...4...5...6...7...8...9...10Optimized: 108158 visible clusters (3.45%)
Total clusters visible: 3131456
Average clusters visible: 517
Building PAS...
Average clusters audible: 588
visdatasize:1127050  compressed from 9192960
writing d:\oihguv\mge_oihguv_sucks_b4_sky3.bsp
MSG_FILEWRITE - Filesystem was asked to write to 'd:\oihguv\mge_oihguv_sucks_b4_sky3.bsp', but we don't own that location. Allowing.
12 seconds elapsed

================== VRAD ==================




[Reading texlights from 'lights.rad']
[56 texlights parsed from 'lights.rad']

Loading d:\oihguv\mge_oihguv_sucks_b4_sky3.bsp
20875 faces
18 degenerate faces
10398707 square feet [1497413760.00 square inches]
922 Displacements
463479 Square Feet [66741084.00 Square Inches]
20857 patches before subdivision
zero area child patch
zero area child patch
247123 patches after subdivision
3199 direct lights
0...1...2...3...4...5...6...7...8...9...100...1...2...3...4...5...6...7...8...9...10transfers 16794876, max 844
transfer lists: 128.1 megs
0...1...2...3...4...5...6...7...8...9...10	Bounce #1 added RGB(289770, 201331, 220061)
0...1...2...3...4...5...6...7...8...9...10	Bounce #2 added RGB(43343, 25499, 23877)
0...1...2...3...4...5...6...7...8...9...10	Bounce #3 added RGB(8309, 4292, 3549)
0...1...2...3...4...5...6...7...8...9...10	Bounce #4 added RGB(1799, 850, 642)
0...1...2...3...4...5...6...7...8...9...10	Bounce #5 added RGB(443, 198, 138)
0...1...2...3...4...5...6...7...8...9...10	Bounce #6 added RGB(117, 52, 33)
0...1...2...3...4...5...6...7...8...9...10	Bounce #7 added RGB(35, 15, 9)
0...1...2...3...4...5...6...7...8...9...10	Bounce #8 added RGB(11, 5, 3)
0...1...2...3...4...5...6...7...8...9...10	Bounce #9 added RGB(4, 2, 1)
0...1...2...3...4...5...6...7...8...9...10	Bounce #10 added RGB(1, 1, 0)
0...1...2...3...4...5...6...7...8...9...10	Bounce #11 added RGB(0, 0, 0)
Build Patch/Sample Hash Table(s).....Done<0.0798 sec>
0...1...2...3...4...5...6...7...8...9...10FinalLightFace Done
Computing detail prop lighting : 0...1...2...3...4...5...6...7...8...9...10
3096 of 3096 (100% of) surface lights went in leaf ambient cubes.
0...1...2...3...4...5...6...7...8...9...10Writing leaf ambient...done
Ready to Finish

Object names       Objects/Maxobjs  Memory / Maxmem  Fullness 
------------       ---------------  ---------------  -------- 
models                  56/1024         2688/49152    ( 5.5%) 
brushes               4714/8192        56568/98304    (57.5%) 
brushsides           38940/65536      311520/524288   (59.4%) 
planes               31718/65536      634360/1310720  (48.4%) 
vertexes             41096/65536      493152/786432   (62.7%) 
nodes                11435/65536      365920/2097152  (17.4%) 
texinfos              6676/12288      480672/884736   (54.3%) 
texdata                150/2048         4800/65536    ( 7.3%) 
dispinfos              922/0          162272/0        ( 0.0%) 
disp_verts           35810/0          716200/0        ( 0.0%) 
disp_tris            51872/0          103744/0        ( 0.0%) 
disp_lmsamples     1259189/0         1259189/0        ( 0.0%) 
faces                20875/65536     1169000/3670016  (31.9%) 
hdr faces                0/65536           0/3670016  ( 0.0%) 
origfaces            12924/65536      723744/3670016  (19.7%) 
leaves               11492/65536      367744/2097152  (17.5%) 
leaffaces            26404/65536       52808/131072   (40.3%) 
leafbrushes          13692/65536       27384/131072   (20.9%) 
areas                   32/256           256/2048     (12.5%) 
surfedges           154204/512000     616816/2048000  (30.1%) 
edges                94952/256000     379808/1024000  (37.1%) 
LDR worldlights       3199/8192       281512/720896   (39.1%) 
HDR worldlights          0/8192            0/720896   ( 0.0%) 
leafwaterdata            0/32768           0/393216   ( 0.0%) 
waterstrips           2611/32768       26110/327680   ( 8.0%) 
waterverts               0/65536           0/786432   ( 0.0%) 
waterindices         47553/65536       95106/131072   (72.6%) 
cubemapsamples          28/1024          448/16384    ( 2.7%) 
overlays                 0/512             0/180224   ( 0.0%) 
LDR lightdata         [variable]    12494148/0        ( 0.0%) 
HDR lightdata         [variable]           0/0        ( 0.0%) 
visdata               [variable]     1127050/16777216 ( 6.7%) 
entdata               [variable]       59223/393216   (15.1%) 
LDR ambient table    11492/65536       45968/262144   (17.5%) 
HDR ambient table    11492/65536       45968/262144   (17.5%) 
LDR leaf ambient     60407/65536     1691396/1835008  (92.2%) VERY FULL!
HDR leaf ambient     11492/65536      321776/1835008  (17.5%) 
occluders                0/0               0/0        ( 0.0%) 
occluder polygons        0/0               0/0        ( 0.0%) 
occluder vert ind        0/0               0/0        ( 0.0%) 
detail props          [variable]           1/137276   ( 0.0%) 
dtl prp lght          [variable]           1/4        (25.0%) 
HDR dtl prp lght      [variable]           1/4        (25.0%) 
static props          [variable]           1/70468    ( 0.0%) 
pakfile               [variable]       21386/0        ( 0.0%) 
physics               [variable]     7692104/4194304  (183.4%) VERY FULL!
physics terrain       [variable]           0/1048576  ( 0.0%) 

Level flags = 0

Total triangle count: 60425
Writing d:\oihguv\mge_oihguv_sucks_b4_sky3.bsp
8 minutes, 8 seconds elapsed
