================== VBSP ==================



materialPath: C:\Program Files (x86)\Steam\steamapps\common\Source SDK Base 2013 Multiplayer\customConfig_tf2\materials
Loading D:\oihguv\mge_oihguv_sucks_b5.vmf
ConVarRef mat_reduceparticles doesn't point to an existing ConVar
Could not locate GameData file tf2_ficool2_lite.fgd
Patching WVT material: maps/mge_oihguv_sucks_b5/winter/blendgrasstograss002_wvt_patch
Patching WVT material: maps/mge_oihguv_sucks_b5/nature/blendrockground007_wvt_patch
Patching WVT material: maps/mge_oihguv_sucks_b5/nature/blendgroundtograss007_nodetail_wvt_patch
Patching WVT material: maps/mge_oihguv_sucks_b5/nature/blendrockgroundwallforest_wvt_patch
Patching WVT material: maps/mge_oihguv_sucks_b5/nature/blendgroundtograss008_nodetail_wvt_patch
Patching WVT material: maps/mge_oihguv_sucks_b5/nature/blendgroundtograss008_wvt_patch
Patching WVT material: maps/mge_oihguv_sucks_b5/brick/blendcobbletocobblesnow001_wvt_patch
Patching WVT material: maps/mge_oihguv_sucks_b5/nature/blendgroundtograss001_wvt_patch
Patching WVT material: maps/mge_oihguv_sucks_b5/nature/blendgroundtograss005_wvt_patch
fixing up env_cubemap materials on brush sides...
0...1...2...3...4...5...6...7...8...9...100...1...2...3...4...5...6...7...8...9...10Processing areas...done (0)
Building Faces...done (0)
Chop Details...done (0)
Find Visible Detail Sides...
Merged 2484 detail faces...done (1)
Merging details...done (1)
FixTjuncs...
PruneNodes...
WriteBSP...
done (1)
writing D:\oihguv\mge_oihguv_sucks_b5.prt...Building visibility clusters...
done (0)
*** Error: Skybox vtf files for skybox/sky_yuki_01 weren't compiled with the same size texture and/or same flags!
Can't load skybox file skybox/sky_yuki_01 to build the default cubemap!
*** Error: Skybox vtf files for skybox/sky_yuki_01 weren't compiled with the same size texture and/or same flags!
Can't load skybox file skybox/sky_yuki_01 to build the default cubemap!
Finding displacement neighbors...
Found a displacement edge abutting multiple other edges.
Finding lightmap sample positions...
Displacement Alpha : 0...1...2...3...4...5...6...7...8...9...10
Building Physics collision data...
WARNING: Map using power 4 displacements, terrain physics cannot be compressed, map will need additional memory and CPU.
done (1) (7682112 bytes)
Placing detail props : 0...1...2...3...4...5...6...7...8...9.Material NATURE/BLENDGROUNDTOGRASS008 uses unknown detail object type tf_forest_grass!
Material NATURE/BLENDGROUNDTOGRASS008 uses unknown detail object type tf_forest_grass!
Material NATURE/BLENDGROUNDTOGRASS008 uses unknown detail object type tf_forest_grass!
Material NATURE/BLENDGROUNDTOGRASS008 uses unknown detail object type tf_forest_grass!
..10
Compacting texture/material tables...
Reduced 10398 texinfos to 6487
Reduced 195 texdatas to 157 (6646 bytes to 4811)
Writing D:\oihguv\mge_oihguv_sucks_b5.bsp
MSG_FILEWRITE - Filesystem was asked to write to 'D:\oihguv\mge_oihguv_sucks_b5.bsp', but we don't own that location. Allowing.
Wrote ZIP buffer, estimated size 31235, actual size 23249
11 seconds elapsed

================== VVIS ==================




12 threads
reading d:\oihguv\mge_oihguv_sucks_b5.bsp
reading d:\oihguv\mge_oihguv_sucks_b5.prt
5979 portalclusters
20552 numportals
0...1...2...3...4...5...6...7...8...9...100...1...2...3...4...5...6...7...8...9...10Optimized: 9154 visible clusters (0.43%)
Total clusters visible: 2109006
Average clusters visible: 352
Building PAS...
Average clusters audible: 566
visdatasize:1057024  compressed from 8992416
writing d:\oihguv\mge_oihguv_sucks_b5.bsp
MSG_FILEWRITE - Filesystem was asked to write to 'd:\oihguv\mge_oihguv_sucks_b5.bsp', but we don't own that location. Allowing.
1 hour, 45 minutes, 7 seconds elapsed

================== VRAD ==================




[Reading texlights from 'lights.rad']
[56 texlights parsed from 'lights.rad']

Loading d:\oihguv\mge_oihguv_sucks_b5.bsp
20830 faces
16 degenerate faces
10494934 square feet [1511270528.00 square inches]
922 Displacements
463478 Square Feet [66740836.00 Square Inches]
20814 patches before subdivision
zero area child patch
zero area child patch
247688 patches after subdivision
3200 direct lights
0...1...2...3...4...5...6...7...8...9...100...1...2...3...4...5...6...7...8...9...10transfers 17761178, max 934
transfer lists: 135.5 megs
0...1...2...3...4...5...6...7...8...9...10	Bounce #1 added RGB(306630, 212374, 239666)
0...1...2...3...4...5...6...7...8...9...10	Bounce #2 added RGB(49046, 29114, 29076)
0...1...2...3...4...5...6...7...8...9...10	Bounce #3 added RGB(10080, 5386, 4853)
0...1...2...3...4...5...6...7...8...9...10	Bounce #4 added RGB(2339, 1169, 970)
0...1...2...3...4...5...6...7...8...9...10	Bounce #5 added RGB(616, 297, 226)
0...1...2...3...4...5...6...7...8...9...10	Bounce #6 added RGB(176, 84, 59)
0...1...2...3...4...5...6...7...8...9...10	Bounce #7 added RGB(56, 26, 17)
0...1...2...3...4...5...6...7...8...9...10	Bounce #8 added RGB(19, 9, 5)
0...1...2...3...4...5...6...7...8...9...10	Bounce #9 added RGB(7, 3, 2)
0...1...2...3...4...5...6...7...8...9...10	Bounce #10 added RGB(3, 1, 1)
0...1...2...3...4...5...6...7...8...9...10	Bounce #11 added RGB(1, 0, 0)
0...1...2...3...4...5...6...7...8...9...10	Bounce #12 added RGB(0, 0, 0)
Build Patch/Sample Hash Table(s).....Done<0.0758 sec>
0...1...2...3...4...5...6...7...8...9...10FinalLightFace Done
Computing detail prop lighting : 0...1...2...3...4...5...6...7...8...9...10
3096 of 3096 (100% of) surface lights went in leaf ambient cubes.
0...1...2...3...4...5...6...7...8...9...10Writing leaf ambient...done
Ready to Finish

Object names       Objects/Maxobjs  Memory / Maxmem  Fullness 
------------       ---------------  ---------------  -------- 
models                  56/1024         2688/49152    ( 5.5%) 
brushes               4724/8192        56688/98304    (57.7%) 
brushsides           38630/65536      309040/524288   (58.9%) 
planes               31246/65536      624920/1310720  (47.7%) 
vertexes             41152/65536      493824/786432   (62.8%) 
nodes                11396/65536      364672/2097152  (17.4%) 
texinfos              6487/12288      467064/884736   (52.8%) 
texdata                157/2048         5024/65536    ( 7.7%) 
dispinfos              922/0          162272/0        ( 0.0%) 
disp_verts           35810/0          716200/0        ( 0.0%) 
disp_tris            51872/0          103744/0        ( 0.0%) 
disp_lmsamples     1259189/0         1259189/0        ( 0.0%) 
faces                20830/65536     1166480/3670016  (31.8%) 
hdr faces                0/65536           0/3670016  ( 0.0%) 
origfaces            12724/65536      712544/3670016  (19.4%) 
leaves               11453/65536      366496/2097152  (17.5%) 
leaffaces            26427/65536       52854/131072   (40.3%) 
leafbrushes          13845/65536       27690/131072   (21.1%) 
areas                   32/256           256/2048     (12.5%) 
surfedges           152997/512000     611988/2048000  (29.9%) 
edges                94352/256000     377408/1024000  (36.9%) 
LDR worldlights       3199/8192       281512/720896   (39.1%) 
HDR worldlights          0/8192            0/720896   ( 0.0%) 
leafwaterdata            0/32768           0/393216   ( 0.0%) 
waterstrips           2595/32768       25950/327680   ( 7.9%) 
waterverts               0/65536           0/786432   ( 0.0%) 
waterindices         47043/65536       94086/131072   (71.8%) 
cubemapsamples          29/1024          464/16384    ( 2.8%) 
overlays                 0/512             0/180224   ( 0.0%) 
LDR lightdata         [variable]    11882204/0        ( 0.0%) 
HDR lightdata         [variable]           0/0        ( 0.0%) 
visdata               [variable]     1057024/16777216 ( 6.3%) 
entdata               [variable]       59535/393216   (15.1%) 
LDR ambient table    11453/65536       45812/262144   (17.5%) 
HDR ambient table    11453/65536       45812/262144   (17.5%) 
LDR leaf ambient     61158/65536     1712424/1835008  (93.3%) VERY FULL!
HDR leaf ambient     11453/65536      320684/1835008  (17.5%) 
occluders                0/0               0/0        ( 0.0%) 
occluder polygons        0/0               0/0        ( 0.0%) 
occluder vert ind        0/0               0/0        ( 0.0%) 
detail props          [variable]           1/137276   ( 0.0%) 
dtl prp lght          [variable]           1/4        (25.0%) 
HDR dtl prp lght      [variable]           1/4        (25.0%) 
static props          [variable]           1/70380    ( 0.0%) 
pakfile               [variable]       23249/0        ( 0.0%) 
physics               [variable]     7682112/4194304  (183.2%) VERY FULL!
physics terrain       [variable]           0/1048576  ( 0.0%) 

Level flags = 0

Total triangle count: 60131
Writing d:\oihguv\mge_oihguv_sucks_b5.bsp
30 minutes, 37 seconds elapsed



[Reading texlights from 'lights.rad']
[56 texlights parsed from 'lights.rad']

Loading d:\oihguv\mge_oihguv_sucks_b5.bsp
20830 faces
16 degenerate faces
10494934 square feet [1511270528.00 square inches]
922 Displacements
463478 Square Feet [66740836.00 Square Inches]
20814 patches before subdivision
zero area child patch
zero area child patch
247688 patches after subdivision
3200 direct lights
0...1...2...3...4...5...6...7...8...9...100...1...2...3...4...5...6...7...8...9...10transfers 17761178, max 934
transfer lists: 135.5 megs
0...1...2...3...4...5...6...7...8...9...10	Bounce #1 added RGB(304582, 211467, 239243)
0...1...2...3...4...5...6...7...8...9...10	Bounce #2 added RGB(48869, 29051, 29047)
0...1...2...3...4...5...6...7...8...9...10	Bounce #3 added RGB(10059, 5380, 4850)
0...1...2...3...4...5...6...7...8...9...10	Bounce #4 added RGB(2337, 1169, 970)
0...1...2...3...4...5...6...7...8...9...10	Bounce #5 added RGB(616, 297, 226)
0...1...2...3...4...5...6...7...8...9...10	Bounce #6 added RGB(176, 84, 59)
0...1...2...3...4...5...6...7...8...9...10	Bounce #7 added RGB(56, 26, 17)
0...1...2...3...4...5...6...7...8...9...10	Bounce #8 added RGB(19, 9, 5)
0...1...2...3...4...5...6...7...8...9...10	Bounce #9 added RGB(7, 3, 2)
0...1...2...3...4...5...6...7...8...9...10	Bounce #10 added RGB(3, 1, 1)
0...1...2...3...4...5...6...7...8...9...10	Bounce #11 added RGB(1, 0, 0)
0...1...2...3...4...5...6...7...8...9...10	Bounce #12 added RGB(0, 0, 0)
Build Patch/Sample Hash Table(s).....Done<0.0874 sec>
0...1...2...3...4...5...6...7...8...9...10FinalLightFace Done
Computing detail prop lighting : 0...1...2...3...4...5...6...7...8...9...10
3096 of 3096 (100% of) surface lights went in leaf ambient cubes.
0...1...2...3...4...5...6...7...8...9...10Writing leaf ambient...done
Ready to Finish

Object names       Objects/Maxobjs  Memory / Maxmem  Fullness 
------------       ---------------  ---------------  -------- 
models                  56/1024         2688/49152    ( 5.5%) 
brushes               4724/8192        56688/98304    (57.7%) 
brushsides           38630/65536      309040/524288   (58.9%) 
planes               31246/65536      624920/1310720  (47.7%) 
vertexes             41152/65536      493824/786432   (62.8%) 
nodes                11396/65536      364672/2097152  (17.4%) 
texinfos              6487/12288      467064/884736   (52.8%) 
texdata                157/2048         5024/65536    ( 7.7%) 
dispinfos              922/0          162272/0        ( 0.0%) 
disp_verts           35810/0          716200/0        ( 0.0%) 
disp_tris            51872/0          103744/0        ( 0.0%) 
disp_lmsamples     1259189/0         1259189/0        ( 0.0%) 
faces                20830/65536     1166480/3670016  (31.8%) 
hdr faces            20830/65536     1166480/3670016  (31.8%) 
origfaces            12724/65536      712544/3670016  (19.4%) 
leaves               11453/65536      366496/2097152  (17.5%) 
leaffaces            26427/65536       52854/131072   (40.3%) 
leafbrushes          13845/65536       27690/131072   (21.1%) 
areas                   32/256           256/2048     (12.5%) 
surfedges           152997/512000     611988/2048000  (29.9%) 
edges                94352/256000     377408/1024000  (36.9%) 
LDR worldlights       3199/8192       281512/720896   (39.1%) 
HDR worldlights       3199/8192       281512/720896   (39.1%) 
leafwaterdata            0/32768           0/393216   ( 0.0%) 
waterstrips           2595/32768       25950/327680   ( 7.9%) 
waterverts               0/65536           0/786432   ( 0.0%) 
waterindices         47043/65536       94086/131072   (71.8%) 
cubemapsamples          29/1024          464/16384    ( 2.8%) 
overlays                 0/512             0/180224   ( 0.0%) 
LDR lightdata         [variable]    11882204/0        ( 0.0%) 
HDR lightdata         [variable]    11882204/0        ( 0.0%) 
visdata               [variable]     1057024/16777216 ( 6.3%) 
entdata               [variable]       59535/393216   (15.1%) 
LDR ambient table    11453/65536       45812/262144   (17.5%) 
HDR ambient table    11453/65536       45812/262144   (17.5%) 
LDR leaf ambient     61158/65536     1712424/1835008  (93.3%) VERY FULL!
HDR leaf ambient     61154/65536     1712312/1835008  (93.3%) VERY FULL!
occluders                0/0               0/0        ( 0.0%) 
occluder polygons        0/0               0/0        ( 0.0%) 
occluder vert ind        0/0               0/0        ( 0.0%) 
detail props          [variable]           1/137276   ( 0.0%) 
dtl prp lght          [variable]           1/4        (25.0%) 
HDR dtl prp lght      [variable]           1/4        (25.0%) 
static props          [variable]           1/70380    ( 0.0%) 
pakfile               [variable]       23249/0        ( 0.0%) 
physics               [variable]     7682112/4194304  (183.2%) VERY FULL!
physics terrain       [variable]           0/1048576  ( 0.0%) 

Level flags = 0

Total triangle count: 60131
Writing d:\oihguv\mge_oihguv_sucks_b5.bsp
31 minutes, 30 seconds elapsed
