


materialPath: C:\Program Files (x86)\Steam\steamapps\common\Source SDK Base 2013 Multiplayer\customConfig_tf2\materials
Loading D:\oihguv\Oihguv_sucks_night_beta1.vmf
ConVarRef mat_reduceparticles doesn't point to an existing ConVar
Could not locate GameData file tf2_ficool2_lite.fgd
Patching WVT material: maps/oihguv_sucks_night_beta1/winter/blendgrasstograss002_wvt_patch
Patching WVT material: maps/oihguv_sucks_night_beta1/nature/blendrockground007_wvt_patch
Patching WVT material: maps/oihguv_sucks_night_beta1/nature/blendgroundtograss007_nodetail_wvt_patch
Patching WVT material: maps/oihguv_sucks_night_beta1/nature/blendrockgroundwallforest_wvt_patch
Patching WVT material: maps/oihguv_sucks_night_beta1/nature/blendgroundtograss008_nodetail_wvt_patch
Patching WVT material: maps/oihguv_sucks_night_beta1/nature/blendgroundtograss008_wvt_patch
Patching WVT material: maps/oihguv_sucks_night_beta1/brick/blendcobbletocobblesnow001_wvt_patch
Patching WVT material: maps/oihguv_sucks_night_beta1/nature/blendgroundtograss001_wvt_patch
Patching WVT material: maps/oihguv_sucks_night_beta1/nature/blendgroundtograss005_wvt_patch
fixing up env_cubemap materials on brush sides...
0...1...2...3...4...5...6...7...8...9...100...1...2...3...4...5...6...7...8...9...10Processing areas...done (0)
Building Faces...done (0)
Chop Details...done (1)
Find Visible Detail Sides...
Merged 1678 detail faces...done (1)
Merging details...done (1)
FixTjuncs...
PruneNodes...
WriteBSP...
done (1)
writing D:\oihguv\Oihguv_sucks_night_beta1.prt...Building visibility clusters...
done (0)
Creating default LDR cubemaps for env_cubemap using skybox materials:
   skybox/sky_skylab_01*.vmt
 ! Run buildcubemaps in the engine to get the correct cube maps.
Creating default HDR cubemaps for env_cubemap using skybox materials:
   skybox/sky_skylab_01*.vmt
 ! Run buildcubemaps in the engine to get the correct cube maps.
Finding displacement neighbors...
Found a displacement edge abutting multiple other edges.
Finding lightmap sample positions...
Displacement Alpha : 0...1...2...3...4...5...6...7...8...9...10
Building Physics collision data...
WARNING: Map using power 4 displacements, terrain physics cannot be compressed, map will need additional memory and CPU.
done (1) (7553173 bytes)
Placing detail props : 0...1...2...3...4...5...6...7...8...9..Material NATURE/BLENDGROUNDTOGRASS008 uses unknown detail object type tf_forest_grass!
Material NATURE/BLENDGROUNDTOGRASS008 uses unknown detail object type tf_forest_grass!
Material NATURE/BLENDGROUNDTOGRASS008 uses unknown detail object type tf_forest_grass!
Material NATURE/BLENDGROUNDTOGRASS008 uses unknown detail object type tf_forest_grass!
.10
Compacting texture/material tables...
Reduced 10352 texinfos to 6854
Reduced 147 texdatas to 130 (3585 bytes to 2815)
Writing D:\oihguv\Oihguv_sucks_night_beta1.bsp
Wrote ZIP buffer, estimated size 170304, actual size 168482
12 seconds elapsed
