PRT1
179
608
4 0 2 (6816 3072 2128 ) (6144 3072 2128 ) (6144 3072 -544 ) (6816 3072 -544 ) 
4 0 1 (6144 3072 -544 ) (6144 3072 2128 ) (6144 3080 2128 ) (6144 3080 -544 ) 
4 1 68 (5120 3072 -544 ) (5120 3072 2128 ) (5120 3080 2128 ) (5120 3080 -544 ) 
4 1 35 (5560 3072 -544 ) (5592 3072 -544 ) (5592 3072 -208 ) (5560 3072 -208 ) 
4 1 37 (5120 3072 -208 ) (5120 3072 -544 ) (5560 3072 -544 ) (5560 3072 -208 ) 
4 1 21 (5528 3072 -208 ) (5592 3072 -208 ) (5592 3072 32 ) (5528 3072 32 ) 
4 1 22 (5272 3072 -208 ) (5528 3072 -208 ) (5528 3072 32 ) (5272 3072 32 ) 
4 1 18 (5592 3072 32 ) (5592 3072 240 ) (5384 3072 240 ) (5384 3072 32 ) 
4 1 20 (5384 3072 240 ) (5272 3072 240 ) (5272 3072 32 ) (5384 3072 32 ) 
4 1 34 (5120 3072 240 ) (5120 3072 -208 ) (5272 3072 -208 ) (5272 3072 240 ) 
4 1 17 (5592 3072 2128 ) (5120 3072 2128 ) (5120 3072 240 ) (5592 3072 240 ) 
4 1 16 (6144 3072 -544 ) (6144 3072 -208 ) (5592 3072 -208 ) (5592 3072 -544 ) 
4 1 14 (5656 3072 48 ) (5592 3072 48 ) (5592 3072 -208 ) (5656 3072 -208 ) 
4 1 13 (6144 3072 -208 ) (6144 3072 48 ) (5656 3072 48 ) (5656 3072 -208 ) 
4 1 7 (5656 3072 224 ) (5592 3072 224 ) (5592 3072 48 ) (5656 3072 48 ) 
4 1 6 (6144 3072 48 ) (6144 3072 224 ) (5656 3072 224 ) (5656 3072 48 ) 
4 1 5 (5656 3072 240 ) (5592 3072 240 ) (5592 3072 224 ) (5656 3072 224 ) 
4 1 4 (6144 3072 224 ) (6144 3072 240 ) (5656 3072 240 ) (5656 3072 224 ) 
4 1 3 (6144 3072 240 ) (6144 3072 2128 ) (5592 3072 2128 ) (5592 3072 240 ) 
4 2 60 (6816 2048 2128 ) (6144 2048 2128 ) (6144 2048 -544 ) (6816 2048 -544 ) 
4 2 43 (6144 2544 -544 ) (6144 2048 -544 ) (6144 2048 -464 ) (6144 2544 -464 ) 
4 2 39 (6144 2048 -464 ) (6144 2048 32 ) (6144 2544 32 ) (6144 2544 -464 ) 
4 2 38 (6144 2048 32 ) (6144 2048 2128 ) (6144 2544 2128 ) (6144 2544 32 ) 
4 2 16 (6144 3072 -208 ) (6144 3072 -544 ) (6144 2544 -544 ) (6144 2544 -208 ) 
4 2 13 (6144 3072 48 ) (6144 3072 -208 ) (6144 2544 -208 ) (6144 2544 48 ) 
4 2 12 (6144 2608 48 ) (6144 2544 48 ) (6144 2544 224 ) (6144 2608 224 ) 
4 2 10 (6144 2992 48 ) (6144 2608 48 ) (6144 2608 176 ) (6144 2992 176 ) 
4 2 8 (6144 2608 176 ) (6144 2608 224 ) (6144 2992 224 ) (6144 2992 176 ) 
4 2 6 (6144 3072 224 ) (6144 3072 48 ) (6144 2992 48 ) (6144 2992 224 ) 
4 2 4 (6144 3072 240 ) (6144 3072 224 ) (6144 2544 224 ) (6144 2544 240 ) 
4 2 3 (6144 3072 2128 ) (6144 3072 240 ) (6144 2544 240 ) (6144 2544 2128 ) 
4 3 38 (6144 2544 240 ) (6144 2544 2128 ) (5592 2544 2128 ) (5592 2544 240 ) 
4 3 17 (5592 3072 2128 ) (5592 3072 240 ) (5592 2544 240 ) (5592 2544 2128 ) 
4 3 5 (5592 3056 240 ) (5592 3072 240 ) (5656 3072 240 ) (5656 3056 240 ) 
4 3 4 (6144 2544 240 ) (5656 2544 240 ) (5656 3072 240 ) (6144 3072 240 ) 
4 4 38 (6144 2544 224 ) (6144 2544 240 ) (5656 2544 240 ) (5656 2544 224 ) 
4 4 12 (6144 2544 224 ) (5656 2544 224 ) (5656 2608 224 ) (6144 2608 224 ) 
4 4 8 (5656 2608 224 ) (5656 2992 224 ) (6144 2992 224 ) (6144 2608 224 ) 
4 4 6 (5656 2992 224 ) (5656 3072 224 ) (6144 3072 224 ) (6144 2992 224 ) 
4 4 5 (5656 3072 224 ) (5656 3056 224 ) (5656 3056 240 ) (5656 3072 240 ) 
4 5 18 (5592 3072 240 ) (5592 3072 224 ) (5592 3056 224 ) (5592 3056 240 ) 
4 5 7 (5592 3056 224 ) (5592 3072 224 ) (5656 3072 224 ) (5656 3056 224 ) 
4 6 13 (5656 3072 48 ) (6144 3072 48 ) (6144 2992 48 ) (5656 2992 48 ) 
4 6 10 (5656 2992 48 ) (6144 2992 48 ) (6144 2992 176 ) (5656 2992 176 ) 
4 6 8 (6144 2992 176 ) (6144 2992 224 ) (5656 2992 224 ) (5656 2992 176 ) 
4 6 7 (5656 3072 48 ) (5656 3056 48 ) (5656 3056 224 ) (5656 3072 224 ) 
4 7 18 (5592 3072 224 ) (5592 3072 48 ) (5592 3056 48 ) (5592 3056 224 ) 
4 7 14 (5592 3056 48 ) (5592 3072 48 ) (5656 3072 48 ) (5656 3056 48 ) 
4 8 12 (6144 2608 176 ) (6144 2608 224 ) (5656 2608 224 ) (5656 2608 176 ) 
4 8 10 (6144 2608 176 ) (5656 2608 176 ) (5656 2992 176 ) (6144 2992 176 ) 
4 9 26 (5592 2608 176 ) (5592 2608 224 ) (5592 2704 224 ) (5592 2704 176 ) 
4 9 19 (5592 2704 224 ) (5592 2992 224 ) (5592 2992 176 ) (5592 2704 176 ) 
4 9 11 (5624 2608 176 ) (5592 2608 176 ) (5592 2992 176 ) (5624 2992 176 ) 
4 10 13 (5656 2992 48 ) (6144 2992 48 ) (6144 2608 48 ) (5656 2608 48 ) 
4 10 12 (5656 2608 48 ) (6144 2608 48 ) (6144 2608 176 ) (5656 2608 176 ) 
4 11 26 (5592 2704 48 ) (5592 2608 48 ) (5592 2608 176 ) (5592 2704 176 ) 
4 11 19 (5592 2992 48 ) (5592 2704 48 ) (5592 2704 176 ) (5592 2992 176 ) 
4 12 38 (6144 2544 48 ) (6144 2544 224 ) (5656 2544 224 ) (5656 2544 48 ) 
4 12 13 (6144 2544 48 ) (5656 2544 48 ) (5656 2608 48 ) (6144 2608 48 ) 
4 13 39 (6144 2544 -208 ) (6144 2544 32 ) (5656 2544 32 ) (5656 2544 -208 ) 
4 13 38 (6144 2544 32 ) (6144 2544 48 ) (5656 2544 48 ) (5656 2544 32 ) 
4 13 16 (6144 2544 -208 ) (5656 2544 -208 ) (5656 3072 -208 ) (6144 3072 -208 ) 
4 13 15 (5656 2928 -208 ) (5656 2672 -208 ) (5656 2672 32 ) (5656 2928 32 ) 
4 13 14 (5656 3072 -208 ) (5656 3056 -208 ) (5656 3056 48 ) (5656 3072 48 ) 
4 14 21 (5592 3072 32 ) (5592 3072 -208 ) (5592 3056 -208 ) (5592 3056 32 ) 
4 14 18 (5592 3072 48 ) (5592 3072 32 ) (5592 3056 32 ) (5592 3056 48 ) 
4 14 16 (5592 3056 -208 ) (5592 3072 -208 ) (5656 3072 -208 ) (5656 3056 -208 ) 
4 15 16 (5592 2672 -208 ) (5592 2928 -208 ) (5656 2928 -208 ) (5656 2672 -208 ) 
4 16 43 (6144 2544 -544 ) (6144 2544 -464 ) (5592 2544 -464 ) (5592 2544 -544 ) 
4 16 39 (6144 2544 -464 ) (6144 2544 -208 ) (5592 2544 -208 ) (5592 2544 -464 ) 
4 16 36 (5592 2608 -544 ) (5592 2544 -544 ) (5592 2544 -464 ) (5592 2608 -464 ) 
4 16 35 (5592 3072 -208 ) (5592 3072 -544 ) (5592 2608 -544 ) (5592 2608 -208 ) 
4 17 70 (5120 2544 240 ) (5120 2544 304 ) (5120 3072 304 ) (5120 3072 240 ) 
4 17 69 (5120 2544 304 ) (5120 2544 2128 ) (5120 3072 2128 ) (5120 3072 304 ) 
4 17 44 (5208 2544 2128 ) (5120 2544 2128 ) (5120 2544 240 ) (5208 2544 240 ) 
4 17 38 (5592 2544 240 ) (5592 2544 2128 ) (5208 2544 2128 ) (5208 2544 240 ) 
4 17 24 (5368 2680 240 ) (5368 2640 240 ) (5336 2608 240 ) (5296 2608 240 ) 
3 17 25 (5272 2544 240 ) (5272 2608 240 ) (5336 2608 240 ) 
4 17 23 (5368 2640 240 ) (5368 2704 240 ) (5384 2704 240 ) (5384 2656 240 ) 
4 17 18 (5384 3072 240 ) (5592 3072 240 ) (5592 3056 240 ) (5384 3056 240 ) 
4 17 20 (5272 3072 240 ) (5384 3072 240 ) (5384 2704 240 ) (5272 2704 240 ) 
4 17 34 (5120 3072 240 ) (5272 3072 240 ) (5272 2544 240 ) (5120 2544 240 ) 
4 18 21 (5528 3072 32 ) (5592 3072 32 ) (5592 3056 32 ) (5528 3056 32 ) 
4 18 22 (5384 3056 32 ) (5384 3072 32 ) (5528 3072 32 ) (5528 3056 32 ) 
4 18 19 (5384 3056 224 ) (5384 3056 32 ) (5592 3056 32 ) (5592 3056 224 ) 
4 18 20 (5384 3072 32 ) (5384 3056 32 ) (5384 3056 240 ) (5384 3072 240 ) 
4 19 27 (5384 2704 32 ) (5528 2704 32 ) (5528 2704 224 ) (5384 2704 224 ) 
4 19 26 (5528 2704 32 ) (5592 2704 32 ) (5592 2704 224 ) (5528 2704 224 ) 
4 19 21 (5528 2992 32 ) (5528 3056 32 ) (5592 3056 32 ) (5592 2992 32 ) 
4 19 22 (5528 2704 32 ) (5384 2704 32 ) (5384 3056 32 ) (5528 3056 32 ) 
4 19 20 (5384 3056 32 ) (5384 2704 32 ) (5384 2704 224 ) (5384 3056 224 ) 
4 20 27 (5368 2704 32 ) (5384 2704 32 ) (5384 2704 224 ) (5368 2704 224 ) 
4 20 23 (5368 2704 224 ) (5384 2704 224 ) (5384 2704 240 ) (5368 2704 240 ) 
4 20 22 (5384 2704 32 ) (5272 2704 32 ) (5272 3072 32 ) (5384 3072 32 ) 
4 20 34 (5272 2704 32 ) (5272 2704 240 ) (5272 3072 240 ) (5272 3072 32 ) 
4 21 35 (5592 3072 -208 ) (5592 2992 -208 ) (5560 2992 -208 ) (5560 3072 -208 ) 
4 21 37 (5560 2992 -208 ) (5528 2992 -208 ) (5528 3072 -208 ) (5560 3072 -208 ) 
4 21 22 (5528 3072 -208 ) (5528 2992 -208 ) (5528 2992 32 ) (5528 3072 32 ) 
4 22 37 (5528 2704 -208 ) (5272 2704 -208 ) (5272 3072 -208 ) (5528 3072 -208 ) 
4 22 29 (5272 2704 16 ) (5272 2704 -208 ) (5368 2704 -208 ) (5368 2704 16 ) 
4 22 27 (5368 2704 -208 ) (5528 2704 -208 ) (5528 2704 32 ) (5368 2704 32 ) 
4 22 34 (5272 3072 -208 ) (5272 2704 -208 ) (5272 2704 32 ) (5272 3072 32 ) 
4 23 27 (5368 2704 224 ) (5384 2704 224 ) (5384 2656 224 ) (5368 2640 224 ) 
4 23 24 (5368 2680 224 ) (5368 2640 224 ) (5368 2640 240 ) (5368 2680 240 ) 
4 24 28 (5368 2680 224 ) (5368 2640 224 ) (5336 2608 224 ) (5296 2608 224 ) 
4 24 25 (5296 2608 224 ) (5336 2608 224 ) (5336 2608 240 ) (5296 2608 240 ) 
3 25 31 (5272 2544 224 ) (5272 2560 224 ) (5288 2560 224 ) 
4 25 30 (5272 2560 224 ) (5272 2608 224 ) (5336 2608 224 ) (5288 2560 224 ) 
4 25 34 (5272 2544 224 ) (5272 2544 240 ) (5272 2608 240 ) (5272 2608 224 ) 
4 26 32 (5560 2608 32 ) (5592 2608 32 ) (5592 2608 48 ) (5560 2608 48 ) 
4 26 33 (5528 2608 48 ) (5528 2608 32 ) (5560 2608 32 ) (5560 2608 48 ) 
4 26 30 (5592 2608 224 ) (5528 2608 224 ) (5528 2608 48 ) (5592 2608 48 ) 
4 26 27 (5528 2608 32 ) (5528 2608 224 ) (5528 2704 224 ) (5528 2704 32 ) 
4 27 37 (5528 2608 -208 ) (5368 2608 -208 ) (5368 2704 -208 ) (5528 2704 -208 ) 
4 27 33 (5368 2608 48 ) (5368 2608 -208 ) (5528 2608 -208 ) (5528 2608 48 ) 
4 27 30 (5528 2608 224 ) (5368 2608 224 ) (5368 2608 48 ) (5528 2608 48 ) 
4 27 28 (5368 2608 16 ) (5368 2608 224 ) (5368 2680 224 ) (5368 2680 16 ) 
4 27 29 (5368 2608 -208 ) (5368 2608 16 ) (5368 2704 16 ) (5368 2704 -208 ) 
4 28 33 (5296 2608 48 ) (5296 2608 16 ) (5368 2608 16 ) (5368 2608 48 ) 
4 28 30 (5368 2608 224 ) (5296 2608 224 ) (5296 2608 48 ) (5368 2608 48 ) 
3 28 29 (5368 2680 16 ) (5368 2608 16 ) (5296 2608 16 ) 
4 29 37 (5368 2608 -208 ) (5272 2608 -208 ) (5272 2704 -208 ) (5368 2704 -208 ) 
4 29 33 (5272 2608 16 ) (5272 2608 -208 ) (5368 2608 -208 ) (5368 2608 16 ) 
4 29 34 (5272 2704 -208 ) (5272 2608 -208 ) (5272 2608 16 ) (5272 2704 16 ) 
4 30 32 (5560 2608 48 ) (5592 2608 48 ) (5592 2560 48 ) (5560 2560 48 ) 
4 30 33 (5272 2560 48 ) (5272 2608 48 ) (5560 2608 48 ) (5560 2560 48 ) 
4 30 31 (5272 2560 48 ) (5288 2560 48 ) (5288 2560 224 ) (5272 2560 224 ) 
4 30 34 (5272 2560 224 ) (5272 2608 224 ) (5272 2608 48 ) (5272 2560 48 ) 
3 31 33 (5272 2544 48 ) (5272 2560 48 ) (5288 2560 48 ) 
4 31 34 (5272 2544 48 ) (5272 2544 224 ) (5272 2560 224 ) (5272 2560 48 ) 
4 32 38 (5592 2544 32 ) (5592 2544 48 ) (5560 2544 48 ) (5560 2544 32 ) 
4 32 33 (5560 2544 48 ) (5560 2608 48 ) (5560 2608 32 ) (5560 2544 32 ) 
4 33 40 (5304 2544 -208 ) (5560 2544 -208 ) (5560 2544 32 ) (5304 2544 32 ) 
4 33 42 (5272 2544 32 ) (5272 2544 -208 ) (5304 2544 -208 ) (5304 2544 32 ) 
4 33 38 (5560 2544 48 ) (5272 2544 48 ) (5272 2544 32 ) (5560 2544 32 ) 
4 33 37 (5560 2544 -208 ) (5272 2544 -208 ) (5272 2608 -208 ) (5560 2608 -208 ) 
4 33 34 (5272 2608 -208 ) (5272 2544 -208 ) (5272 2544 48 ) (5272 2608 48 ) 
4 34 81 (5120 2544 -208 ) (5120 2544 16 ) (5120 3072 16 ) (5120 3072 -208 ) 
4 34 78 (5120 2544 16 ) (5120 2544 48 ) (5120 3072 48 ) (5120 3072 16 ) 
4 34 72 (5120 2544 48 ) (5120 2544 240 ) (5120 3072 240 ) (5120 3072 48 ) 
4 34 54 (5120 2544 -48 ) (5120 2544 -208 ) (5208 2544 -208 ) (5208 2544 -48 ) 
4 34 42 (5208 2544 32 ) (5208 2544 -208 ) (5272 2544 -208 ) (5272 2544 32 ) 
4 34 38 (5272 2544 240 ) (5208 2544 240 ) (5208 2544 32 ) (5272 2544 32 ) 
4 34 37 (5272 2544 -208 ) (5120 2544 -208 ) (5120 3072 -208 ) (5272 3072 -208 ) 
4 35 36 (5560 2608 -464 ) (5560 2608 -544 ) (5592 2608 -544 ) (5592 2608 -464 ) 
4 35 37 (5560 3072 -544 ) (5560 2608 -544 ) (5560 2608 -208 ) (5560 3072 -208 ) 
4 36 43 (5592 2544 -544 ) (5592 2544 -464 ) (5560 2544 -464 ) (5560 2544 -544 ) 
4 36 37 (5560 2608 -544 ) (5560 2544 -544 ) (5560 2544 -464 ) (5560 2608 -464 ) 
4 37 81 (5120 2544 -544 ) (5120 2544 -208 ) (5120 3072 -208 ) (5120 3072 -544 ) 
4 37 54 (5208 2544 -208 ) (5120 2544 -208 ) (5120 2544 -544 ) (5208 2544 -544 ) 
4 37 43 (5208 2544 -464 ) (5208 2544 -544 ) (5560 2544 -544 ) (5560 2544 -464 ) 
4 37 40 (5560 2544 -208 ) (5304 2544 -208 ) (5304 2544 -464 ) (5560 2544 -464 ) 
4 37 42 (5304 2544 -208 ) (5208 2544 -208 ) (5208 2544 -464 ) (5304 2544 -464 ) 
4 38 61 (6144 2048 32 ) (6144 2048 2128 ) (5208 2048 2128 ) (5208 2048 32 ) 
4 38 57 (5208 2160 32 ) (5208 2048 32 ) (5208 2048 48 ) (5208 2160 48 ) 
4 38 51 (5208 2520 32 ) (5208 2512 32 ) (5208 2512 48 ) (5208 2520 48 ) 
4 38 50 (5208 2160 48 ) (5208 2048 48 ) (5208 2048 240 ) (5208 2160 240 ) 
4 38 49 (5208 2048 240 ) (5208 2048 2128 ) (5208 2432 2128 ) (5208 2432 240 ) 
4 38 47 (5208 2432 240 ) (5208 2432 2128 ) (5208 2480 2128 ) (5208 2480 240 ) 
4 38 45 (5208 2520 48 ) (5208 2480 48 ) (5208 2480 240 ) (5208 2520 240 ) 
4 38 44 (5208 2544 2128 ) (5208 2544 240 ) (5208 2480 240 ) (5208 2480 2128 ) 
4 38 41 (5576 2048 32 ) (5304 2048 32 ) (5304 2240 32 ) (5576 2512 32 ) 
4 38 40 (5304 2256 32 ) (5304 2544 32 ) (5560 2544 32 ) (5560 2512 32 ) 
4 38 42 (5304 2048 32 ) (5208 2048 32 ) (5208 2544 32 ) (5304 2544 32 ) 
4 38 39 (6144 2048 32 ) (5576 2048 32 ) (5576 2544 32 ) (6144 2544 32 ) 
4 39 61 (6144 2048 -464 ) (6144 2048 32 ) (5576 2048 32 ) (5576 2048 -464 ) 
4 39 43 (5576 2544 -464 ) (6144 2544 -464 ) (6144 2048 -464 ) (5576 2048 -464 ) 
4 39 41 (5576 2512 -464 ) (5576 2048 -464 ) (5576 2048 32 ) (5576 2512 32 ) 
4 40 43 (5304 2544 -464 ) (5560 2544 -464 ) (5560 2512 -464 ) (5304 2256 -464 ) 
4 40 42 (5304 2544 -464 ) (5304 2256 -464 ) (5304 2256 32 ) (5304 2544 32 ) 
4 41 61 (5576 2048 32 ) (5304 2048 32 ) (5304 2048 -464 ) (5576 2048 -464 ) 
4 41 43 (5576 2512 -464 ) (5576 2048 -464 ) (5304 2048 -464 ) (5304 2240 -464 ) 
4 41 42 (5304 2240 -464 ) (5304 2048 -464 ) (5304 2048 32 ) (5304 2240 32 ) 
4 42 61 (5304 2048 32 ) (5208 2048 32 ) (5208 2048 -464 ) (5304 2048 -464 ) 
4 42 56 (5208 2224 -464 ) (5208 2160 -464 ) (5208 2160 -208 ) (5208 2224 -208 ) 
4 42 57 (5208 2160 -464 ) (5208 2048 -464 ) (5208 2048 32 ) (5208 2160 32 ) 
4 42 55 (5208 2288 -464 ) (5208 2224 -464 ) (5208 2224 -208 ) (5208 2288 -208 ) 
4 42 54 (5208 2544 -48 ) (5208 2544 -464 ) (5208 2288 -464 ) (5208 2288 -48 ) 
4 42 53 (5208 2520 16 ) (5208 2448 16 ) (5208 2448 32 ) (5208 2520 32 ) 
4 42 43 (5208 2048 -464 ) (5208 2544 -464 ) (5304 2544 -464 ) (5304 2048 -464 ) 
4 43 61 (6144 2048 -544 ) (6144 2048 -464 ) (5208 2048 -464 ) (5208 2048 -544 ) 
4 43 56 (5208 2224 -544 ) (5208 2160 -544 ) (5208 2160 -464 ) (5208 2224 -464 ) 
4 43 57 (5208 2160 -544 ) (5208 2048 -544 ) (5208 2048 -464 ) (5208 2160 -464 ) 
4 43 55 (5208 2288 -544 ) (5208 2224 -544 ) (5208 2224 -464 ) (5208 2288 -464 ) 
4 43 54 (5208 2544 -464 ) (5208 2544 -544 ) (5208 2288 -544 ) (5208 2288 -464 ) 
4 44 70 (5120 2544 304 ) (5120 2544 240 ) (5120 2448 240 ) (5120 2448 304 ) 
4 44 69 (5120 2544 2128 ) (5120 2544 304 ) (5120 2448 304 ) (5120 2448 2128 ) 
4 44 47 (5208 2480.001953 240 ) (5208 2480.001953 2128 ) (5175.998047 2448 2128 ) (5175.998047 2448 240 ) 
4 44 46 (5176 2448 304 ) (5176 2448 2128 ) (5120 2448 2128 ) (5120 2448 304 ) 
4 44 45 (5208 2480 240 ) (5176 2448 240 ) (5136 2448 240 ) (5208 2520 240 ) 
4 45 52 (5192 2464 48 ) (5176 2448 48 ) (5136 2448 48 ) (5192 2504 48 ) 
4 45 51 (5208 2520 48 ) (5208 2512 48 ) (5192 2496 48 ) (5192 2504 48 ) 
4 45 48 (5175.998047 2448 48 ) (5192 2464.001953 48 ) (5192 2464.001953 224 ) (5175.998047 2448 224 ) 
4 46 74 (5120 2432 304 ) (5120 2432 2128 ) (5120 2448 2128 ) (5120 2448 304 ) 
4 46 49 (5120 2432 2128 ) (5120 2432 304 ) (5160 2432 304 ) (5160 2432 2128 ) 
4 46 47 (5159.998047 2432 2128 ) (5159.998047 2432 304 ) (5175.998047 2448 304 ) (5175.998047 2448 2128 ) 
4 47 49 (5208 2432 240 ) (5208 2432 2128 ) (5160 2432 2128 ) (5160 2432 240 ) 
3 48 52 (5176 2448 48 ) (5192 2464 48 ) (5192 2448 48 ) 
4 49 75 (5120 2160 304 ) (5120 2432 304 ) (5120 2432 240 ) (5120 2160 240 ) 
4 49 77 (5120 2048 240 ) (5120 2048 304 ) (5120 2160 304 ) (5120 2160 240 ) 
4 49 74 (5120 2048 304 ) (5120 2048 2128 ) (5120 2432 2128 ) (5120 2432 304 ) 
4 49 61 (5208 2048 240 ) (5208 2048 2128 ) (5120 2048 2128 ) (5120 2048 240 ) 
4 49 50 (5208 2160 240 ) (5208 2048 240 ) (5120 2048 240 ) (5120 2160 240 ) 
4 50 77 (5120 2048 48 ) (5120 2048 240 ) (5120 2160 240 ) (5120 2160 48 ) 
4 50 61 (5208 2048 48 ) (5208 2048 240 ) (5120 2048 240 ) (5120 2048 48 ) 
4 50 59 (5144 2048 48 ) (5120 2048 48 ) (5120 2160 48 ) (5144 2160 48 ) 
4 50 57 (5208 2160 48 ) (5208 2048 48 ) (5144 2048 48 ) (5144 2160 48 ) 
4 51 53 (5208 2520 32 ) (5208 2512 32 ) (5192 2496 32 ) (5192 2504 32 ) 
4 51 52 (5192 2504 32 ) (5192 2496 32 ) (5192 2496 48 ) (5192 2504 48 ) 
3 52 53 (5192 2504 32 ) (5192 2448 32 ) (5136 2448 32 ) 
4 54 82 (5120 2288 -544 ) (5120 2288 -48 ) (5120 2544 -48 ) (5120 2544 -544 ) 
4 54 55 (5208 2288 -544 ) (5208 2288 -208 ) (5120 2288 -208 ) (5120 2288 -544 ) 
4 55 84 (5120 2224 -544 ) (5120 2224 -208 ) (5120 2288 -208 ) (5120 2288 -544 ) 
4 55 58 (5144 2224 -208 ) (5120 2224 -208 ) (5120 2224 -544 ) (5144 2224 -544 ) 
4 55 56 (5208 2224 -544 ) (5208 2224 -208 ) (5144 2224 -208 ) (5144 2224 -544 ) 
4 56 58 (5144 2224 -208 ) (5144 2224 -544 ) (5144 2160 -544 ) (5144 2160 -208 ) 
4 56 57 (5144 2160 -208 ) (5144 2160 -544 ) (5208 2160 -544 ) (5208 2160 -208 ) 
4 57 61 (5208 2048 -544 ) (5208 2048 48 ) (5144 2048 48 ) (5144 2048 -544 ) 
4 57 59 (5144 2160 -544 ) (5144 2048 -544 ) (5144 2048 48 ) (5144 2160 48 ) 
4 58 87 (5120 2224 32 ) (5120 2224 -544 ) (5120 2160 -544 ) (5120 2160 32 ) 
4 58 59 (5120 2160 -544 ) (5144 2160 -544 ) (5144 2160 32 ) (5120 2160 32 ) 
4 59 88 (5120 2048 -544 ) (5120 2048 48 ) (5120 2160 48 ) (5120 2160 -544 ) 
4 59 61 (5144 2048 -544 ) (5144 2048 48 ) (5120 2048 48 ) (5120 2048 -544 ) 
4 60 62 (6816 1024 2128 ) (6144 1024 2128 ) (6144 1024 -544 ) (6816 1024 -544 ) 
4 60 61 (6144 1024 -544 ) (6144 1024 2128 ) (6144 2048 2128 ) (6144 2048 -544 ) 
4 61 125 (5120 1024 -544 ) (5120 1024 -16 ) (5120 1607.750000 -16 ) (5120 1607.750000 -544 ) 
4 61 121 (5120 1607.750000 -16 ) (5120 2048 -16 ) (5120 2048 -544 ) (5120 1607.750000 -544 ) 
4 61 118 (5120 1024 -16 ) (5120 1024 0 ) (5120 1263.750000 0 ) (5120 1263.750000 -16 ) 
4 61 116 (5120 1263.750000 0 ) (5120 1583.750000 0 ) (5120 1583.750000 -16 ) (5120 1263.750000 -16 ) 
4 61 111 (5120 1583.750000 0 ) (5120 2048 0 ) (5120 2048 -16 ) (5120 1583.750000 -16 ) 
4 61 108 (5120 1024 0 ) (5120 1024 256 ) (5120 1263.750000 256 ) (5120 1263.750000 0 ) 
4 61 105 (5120 1024 256 ) (5120 1024 2128 ) (5120 1263.750000 2128 ) (5120 1263.750000 256 ) 
4 61 96 (5120 1263.750000 2128 ) (5120 2048 2128 ) (5120 2048 0 ) (5120 1263.750000 0 ) 
4 61 67 (5120 1024 -208 ) (5120 1024 -544 ) (6144 1024 -544 ) (6144 1024 -208 ) 
4 61 64 (5120 1024 2128 ) (5120 1024 -208 ) (5792 1024 -208 ) (5792 1024 2128 ) 
4 61 63 (5792 1024 -208 ) (6144 1024 -208 ) (6144 1024 2128 ) (5792 1024 2128 ) 
4 62 176 (6816 0 2128 ) (6144 0 2128 ) (6144 0 -544 ) (6816 0 -544 ) 
4 62 67 (6144 1024 -208 ) (6144 1024 -544 ) (6144 0 -544 ) (6144 0 -208 ) 
4 62 63 (6144 1024 2128 ) (6144 1024 -208 ) (6144 0 -208 ) (6144 0 2128 ) 
4 63 177 (6144 0 -208 ) (6144 0 2128 ) (5792 0 2128 ) (5792 0 -208 ) 
4 63 67 (5792 1024 -208 ) (6144 1024 -208 ) (6144 0 -208 ) (5792 0 -208 ) 
4 63 65 (5792 620 -16 ) (5792 620 2128 ) (5792 636 2128 ) (5792 636 -16 ) 
4 63 64 (5792 1024 -208 ) (5792 636 -208 ) (5792 636 2128 ) (5792 1024 2128 ) 
4 63 66 (5792 620 -208 ) (5792 0 -208 ) (5792 0 2128 ) (5792 620 2128 ) 
4 64 164 (5120 1024 -16 ) (5120 1024 -208 ) (5120 636 -208 ) (5120 636 -16 ) 
4 64 151 (5120 1024 256 ) (5120 1024 -16 ) (5120 636 -16 ) (5120 636 256 ) 
4 64 135 (5120 1024 300 ) (5120 1024 256 ) (5120 636 256 ) (5120 636 300 ) 
4 64 131 (5120 636 2128 ) (5120 1024 2128 ) (5120 1024 300 ) (5120 636 300 ) 
4 64 67 (5120 636 -208 ) (5120 1024 -208 ) (5792 1024 -208 ) (5792 636 -208 ) 
4 64 65 (5792 636 -16 ) (5792 636 2128 ) (5120 636 2128 ) (5120 636 -16 ) 
4 65 151 (5120 636 256 ) (5120 636 -16 ) (5120 620 -16 ) (5120 620 256 ) 
4 65 135 (5120 636 300 ) (5120 636 256 ) (5120 620 256 ) (5120 620 300 ) 
4 65 131 (5120 620 2128 ) (5120 636 2128 ) (5120 636 300 ) (5120 620 300 ) 
4 65 66 (5792 620 -16 ) (5792 620 2128 ) (5120 620 2128 ) (5120 620 -16 ) 
4 66 177 (5792 0 2128 ) (5120 0 2128 ) (5120 0 -208 ) (5792 0 -208 ) 
4 66 166 (5120 0 -208 ) (5120 0 -16 ) (5120 620 -16 ) (5120 620 -208 ) 
4 66 151 (5120 0 -16 ) (5120 0 256 ) (5120 620 256 ) (5120 620 -16 ) 
4 66 135 (5120 0 256 ) (5120 0 300 ) (5120 620 300 ) (5120 620 256 ) 
4 66 131 (5120 0 300 ) (5120 0 2128 ) (5120 620 2128 ) (5120 620 300 ) 
4 66 67 (5120 0 -208 ) (5120 620 -208 ) (5792 620 -208 ) (5792 0 -208 ) 
4 67 177 (6144 0 -544 ) (6144 0 -208 ) (5120 0 -208 ) (5120 0 -544 ) 
4 67 165 (5120 620 -208 ) (5120 636 -208 ) (5120 636 -544 ) (5120 620 -544 ) 
4 67 164 (5120 636 -208 ) (5120 1024 -208 ) (5120 1024 -544 ) (5120 636 -544 ) 
4 67 166 (5120 0 -544 ) (5120 0 -208 ) (5120 620 -208 ) (5120 620 -544 ) 
4 68 91 (4824 3072 2128 ) (4696 3072 2128 ) (4696 3072 -544 ) (4824 3072 -544 ) 
4 68 95 (4696 3072 2128 ) (4320 3072 2128 ) (4320 3072 -544 ) (4696 3072 -544 ) 
4 68 81 (5120 3072 -544 ) (5120 3072 16 ) (5112 3072 16 ) (5112 3072 -544 ) 
4 68 83 (5112 3072 16 ) (4824 3072 16 ) (4824 3072 -544 ) (5112 3072 -544 ) 
4 68 78 (5120 3072 16 ) (5120 3072 48 ) (5112 3072 48 ) (5112 3072 16 ) 
4 68 79 (5112 3072 48 ) (4824 3072 48 ) (4824 3072 16 ) (5112 3072 16 ) 
4 68 72 (5120 3072 48 ) (5120 3072 240 ) (5112 3072 240 ) (5112 3072 48 ) 
4 68 73 (5112 3072 240 ) (4824 3072 240 ) (4824 3072 48 ) (5112 3072 48 ) 
4 68 71 (4920 3072 304 ) (4824 3072 304 ) (4824 3072 240 ) (4920 3072 240 ) 
4 68 70 (5120 3072 240 ) (5120 3072 304 ) (4920 3072 304 ) (4920 3072 240 ) 
4 68 69 (5120 3072 304 ) (5120 3072 2128 ) (4824 3072 2128 ) (4824 3072 304 ) 
4 69 92 (4824 2512 304 ) (4824 2448 304 ) (4824 2448 2128 ) (4824 2512 2128 ) 
4 69 91 (4824 3072 2128 ) (4824 3072 304 ) (4824 2512 304 ) (4824 2512 2128 ) 
4 69 74 (4824 2448 2128 ) (4824 2448 304 ) (5120 2448 304 ) (5120 2448 2128 ) 
4 69 71 (4824 2608 304 ) (4824 3072 304 ) (4920 3072 304 ) (4920 2608 304 ) 
4 69 70 (5120 2448 304 ) (4920 2448 304 ) (4920 3072 304 ) (5120 3072 304 ) 
4 70 72 (5112 2544 240 ) (5112 3072 240 ) (5120 3072 240 ) (5120 2544 240 ) 
4 70 73 (5112 2448 240 ) (4920 2448 240 ) (4920 3072 240 ) (5112 3072 240 ) 
4 70 71 (4920 3072 240 ) (4920 2608 240 ) (4920 2608 304 ) (4920 3072 304 ) 
4 71 91 (4824 3072 304 ) (4824 3072 240 ) (4824 2608 240 ) (4824 2608 304 ) 
4 71 73 (4824 2608 240 ) (4824 3072 240 ) (4920 3072 240 ) (4920 2608 240 ) 
4 72 78 (5112 3072 48 ) (5120 3072 48 ) (5120 2544 48 ) (5112 2544 48 ) 
4 72 73 (5112 3072 48 ) (5112 2544 48 ) (5112 2544 240 ) (5112 3072 240 ) 
4 73 93 (4824 2512 48 ) (4824 2448 48 ) (4824 2448 240 ) (4824 2512 240 ) 
4 73 91 (4824 3072 240 ) (4824 3072 48 ) (4824 2512 48 ) (4824 2512 240 ) 
4 73 79 (4824 2448 48 ) (4824 3072 48 ) (5112 3072 48 ) (5112 2448 48 ) 
4 73 76 (4824 2448 240 ) (4824 2448 48 ) (4888 2448 48 ) (4888 2448 240 ) 
4 74 96 (5120 2048 304 ) (5120 2048 2128 ) (4824 2048 2128 ) (4824 2048 304 ) 
4 74 92 (4824 2208 2128 ) (4824 2448 2128 ) (4824 2448 304 ) (4824 2208 304 ) 
4 74 94 (4824 2048 304 ) (4824 2048 2128 ) (4824 2208 2128 ) (4824 2208 304 ) 
4 74 75 (5120 2432 304 ) (5120 2160 304 ) (4888 2160 304 ) (4888 2432 304 ) 
4 74 77 (4824 2048 304 ) (4824 2160 304 ) (5120 2160 304 ) (5120 2048 304 ) 
4 75 77 (5120 2160 240 ) (5120 2160 304 ) (4888 2160 304 ) (4888 2160 240 ) 
4 76 93 (4824 2448 240 ) (4824 2448 48 ) (4824 2432 48 ) (4824 2432 240 ) 
4 77 96 (5120 2048 48 ) (5120 2048 304 ) (4824 2048 304 ) (4824 2048 48 ) 
4 77 94 (4824 2048 48 ) (4824 2048 304 ) (4824 2160 304 ) (4824 2160 48 ) 
4 77 90 (4824 2048 48 ) (4824 2160 48 ) (4888 2160 48 ) (4888 2048 48 ) 
4 77 88 (4888 2160 48 ) (5120 2160 48 ) (5120 2048 48 ) (4888 2048 48 ) 
4 78 81 (5112 3072 16 ) (5120 3072 16 ) (5120 2544 16 ) (5112 2544 16 ) 
4 78 79 (5112 3072 16 ) (5112 2544 16 ) (5112 2544 48 ) (5112 3072 48 ) 
4 79 93 (4824 2448 48 ) (4824 2512 48 ) (4824 2512 16 ) (4824 2448 16 ) 
4 79 91 (4824 2512 48 ) (4824 3072 48 ) (4824 3072 16 ) (4824 2512 16 ) 
4 79 83 (4824 2448 16 ) (4824 3072 16 ) (5112 3072 16 ) (5112 2448 16 ) 
4 79 80 (4824 2448 16 ) (4920 2448 16 ) (4920 2448 32 ) (4824 2448 32 ) 
4 80 93 (4824 2288 16 ) (4824 2288 32 ) (4824 2448 32 ) (4824 2448 16 ) 
4 80 83 (4920 2288 16 ) (4824 2288 16 ) (4824 2448 16 ) (4920 2448 16 ) 
4 81 82 (5112 2544 -48 ) (5112 2544 -544 ) (5120 2544 -544 ) (5120 2544 -48 ) 
4 81 83 (5112 3072 -544 ) (5112 2544 -544 ) (5112 2544 16 ) (5112 3072 16 ) 
4 82 84 (5112 2288 -544 ) (5120 2288 -544 ) (5120 2288 -208 ) (5112 2288 -208 ) 
4 82 83 (5112 2544 -544 ) (5112 2288 -544 ) (5112 2288 -48 ) (5112 2544 -48 ) 
4 83 93 (4824 2288 -544 ) (4824 2288 16 ) (4824 2512 16 ) (4824 2512 -544 ) 
4 83 91 (4824 2512 16 ) (4824 3072 16 ) (4824 3072 -544 ) (4824 2512 -544 ) 
4 83 86 (4824 2288 -208 ) (4824 2288 -544 ) (4920 2288 -544 ) (4920 2288 -208 ) 
4 83 85 (4920 2288 -544 ) (5112 2288 -544 ) (5112 2288 -224 ) (4920 2288 -224 ) 
4 84 87 (5120 2224 -544 ) (5120 2224 -208 ) (5112 2224 -208 ) (5112 2224 -544 ) 
4 84 85 (5112 2288 -544 ) (5112 2224 -544 ) (5112 2224 -224 ) (5112 2288 -224 ) 
4 85 87 (4920 2224 -224 ) (4920 2224 -544 ) (5112 2224 -544 ) (5112 2224 -224 ) 
4 85 86 (4920 2288 -544 ) (4920 2224 -544 ) (4920 2224 -224 ) (4920 2288 -224 ) 
4 86 93 (4824 2224 -544 ) (4824 2224 -208 ) (4824 2288 -208 ) (4824 2288 -544 ) 
4 86 89 (4824 2224 -208 ) (4824 2224 -544 ) (4888 2224 -544 ) (4888 2224 -208 ) 
4 86 87 (4888 2224 -544 ) (4920 2224 -544 ) (4920 2224 -208 ) (4888 2224 -208 ) 
4 87 89 (4888 2224 -208 ) (4888 2224 -544 ) (4888 2160 -544 ) (4888 2160 -208 ) 
4 87 88 (4888 2160 32 ) (4888 2160 -544 ) (5120 2160 -544 ) (5120 2160 32 ) 
4 88 121 (5120 2048 -544 ) (5120 2048 -16 ) (4888 2048 -16 ) (4888 2048 -544 ) 
4 88 111 (5120 2048 -16 ) (5120 2048 0 ) (4888 2048 0 ) (4888 2048 -16 ) 
4 88 96 (5120 2048 0 ) (5120 2048 48 ) (4888 2048 48 ) (4888 2048 0 ) 
4 88 90 (4888 2160 -544 ) (4888 2048 -544 ) (4888 2048 48 ) (4888 2160 48 ) 
4 89 93 (4824 2224 -208 ) (4824 2224 -544 ) (4824 2208 -544 ) (4824 2208 -208 ) 
4 89 94 (4824 2208 -544 ) (4824 2160 -544 ) (4824 2160 -208 ) (4824 2208 -208 ) 
4 89 90 (4824 2160 -544 ) (4888 2160 -544 ) (4888 2160 -208 ) (4824 2160 -208 ) 
4 90 121 (4824 2048 -16 ) (4824 2048 -544 ) (4888 2048 -544 ) (4888 2048 -16 ) 
4 90 111 (4824 2048 0 ) (4824 2048 -16 ) (4888 2048 -16 ) (4888 2048 0 ) 
4 90 96 (4888 2048 48 ) (4824 2048 48 ) (4824 2048 0 ) (4888 2048 0 ) 
4 90 94 (4824 2048 -544 ) (4824 2048 48 ) (4824 2160 48 ) (4824 2160 -544 ) 
4 91 92 (4696 2512 2128 ) (4696 2512 304 ) (4824 2512 304 ) (4824 2512 2128 ) 
4 91 93 (4696 2512 272 ) (4696 2512 -544 ) (4824 2512 -544 ) (4824 2512 272 ) 
4 91 95 (4696 3072 -544 ) (4696 2512 -544 ) (4696 2512 2128 ) (4696 3072 2128 ) 
4 92 94 (4696 2208 2128 ) (4696 2208 304 ) (4824 2208 304 ) (4824 2208 2128 ) 
4 92 95 (4696 2208 304 ) (4696 2208 2128 ) (4696 2512 2128 ) (4696 2512 304 ) 
4 93 95 (4696 2512 -544 ) (4696 2208 -544 ) (4696 2208 272 ) (4696 2512 272 ) 
4 93 94 (4696 2208 272 ) (4696 2208 -544 ) (4824 2208 -544 ) (4824 2208 272 ) 
4 94 122 (4704 2048 -16 ) (4696 2048 -16 ) (4696 2048 -544 ) (4704 2048 -544 ) 
4 94 121 (4824 2048 -544 ) (4824 2048 -16 ) (4704 2048 -16 ) (4704 2048 -544 ) 
4 94 112 (4736 2048 0 ) (4696 2048 0 ) (4696 2048 -16 ) (4736 2048 -16 ) 
4 94 111 (4824 2048 -16 ) (4824 2048 0 ) (4736 2048 0 ) (4736 2048 -16 ) 
4 94 98 (4696 2048 304 ) (4696 2048 0 ) (4736 2048 0 ) (4736 2048 304 ) 
4 94 97 (4736 2048 2128 ) (4696 2048 2128 ) (4696 2048 304 ) (4736 2048 304 ) 
4 94 96 (4824 2048 0 ) (4824 2048 2128 ) (4736 2048 2128 ) (4736 2048 0 ) 
4 94 95 (4696 2208 -544 ) (4696 2048 -544 ) (4696 2048 2128 ) (4696 2208 2128 ) 
4 95 124 (4320 2048 -16 ) (4320 2048 -544 ) (4496 2048 -544 ) (4496 2048 -16 ) 
4 95 122 (4496 2048 -544 ) (4696 2048 -544 ) (4696 2048 -16 ) (4496 2048 -16 ) 
4 95 112 (4320 2048 0 ) (4320 2048 -16 ) (4696 2048 -16 ) (4696 2048 0 ) 
4 95 98 (4320 2048 304 ) (4320 2048 0 ) (4696 2048 0 ) (4696 2048 304 ) 
4 95 97 (4696 2048 2128 ) (4320 2048 2128 ) (4320 2048 304 ) (4696 2048 304 ) 
4 96 116 (5120 1583.750000 0 ) (5120 1263.750000 0 ) (4736 1263.750000 0 ) (4736 1583.750000 0 ) 
4 96 111 (4736 2048 0 ) (5120 2048 0 ) (5120 1583.750000 0 ) (4736 1583.750000 0 ) 
4 96 108 (4776 1263.750000 0 ) (5120 1263.750000 0 ) (5120 1263.750000 256 ) (4776 1263.750000 256 ) 
4 96 105 (5120 1263.750000 256 ) (5120 1263.750000 2128 ) (4736 1263.750000 2128 ) (4736 1263.750000 256 ) 
4 96 102 (4736 1583.750000 0 ) (4736 1263.750000 0 ) (4736 1263.750000 2128 ) (4736 1583.750000 2128 ) 
4 96 98 (4736 2048 0 ) (4736 1807.750000 0 ) (4736 1807.750000 304 ) (4736 2048 304 ) 
4 96 97 (4736 1583.750000 304 ) (4736 1583.750000 2128 ) (4736 2048 2128 ) (4736 2048 304 ) 
4 97 103 (4696 1583.750000 2128 ) (4504 1583.750000 2128 ) (4504 1583.750000 408 ) (4696 1583.750000 408 ) 
4 97 102 (4736 1583.750000 304 ) (4736 1583.750000 2128 ) (4696 1583.750000 2128 ) (4696 1583.750000 304 ) 
4 97 104 (4504 1583.750000 2128 ) (4320 1583.750000 2128 ) (4320 1583.750000 304 ) (4504 1583.750000 304 ) 
4 97 101 (4472 1583.750000 304 ) (4320 1583.750000 304 ) (4320 1591.750000 304 ) (4480.250000 1591.750000 304 ) 
4 97 100 (4320 1591.750000 304 ) (4320 1799.750000 304 ) (4728 1799.750000 304 ) (4728 1591.750000 304 ) 
4 97 99 (4320 1799.750000 304 ) (4320 1807.750000 304 ) (4472 1807.750000 304 ) (4480 1799.750000 304 ) 
4 97 98 (4320 1807.750000 304 ) (4320 2048 304 ) (4736 2048 304 ) (4736 1807.750000 304 ) 
4 98 112 (4320 2048 0 ) (4736 2048 0 ) (4736 1807.750000 0 ) (4320 1807.750000 0 ) 
4 98 99 (4320 1807.750000 304 ) (4320 1807.750000 0 ) (4472 1807.750000 0 ) (4472 1807.750000 304 ) 
4 99 113 (4474.694824 1799.750000 0 ) (4320 1799.750000 0 ) (4320 1807.750000 0 ) (4472 1807.750000 0 ) 
4 99 100 (4320 1799.750000 304 ) (4320 1799.750000 0 ) (4480 1799.750000 0 ) (4480 1799.750000 304 ) 
4 100 113 (4320 1784 0 ) (4320 1799.750000 0 ) (4474.694336 1799.750000 0 ) (4480 1784 0 ) 
4 100 114 (4672 1591.750000 0 ) (4320 1591.750000 0 ) (4320 1784 0 ) (4672 1784 0 ) 
4 100 101 (4320 1591.750000 304 ) (4320 1591.750000 0 ) (4480.250000 1591.750000 0 ) (4480.250000 1591.750000 304 ) 
4 101 115 (4472 1583.750000 0 ) (4320 1583.750000 0 ) (4320 1591.750000 0 ) (4480 1591.750000 0 ) 
4 101 104 (4320 1583.750000 0 ) (4472 1583.750000 0 ) (4472 1583.750000 304 ) (4320 1583.750000 304 ) 
4 102 116 (4696 1583.750000 0 ) (4736 1583.750000 0 ) (4736 1263.750000 0 ) (4696 1263.750000 0 ) 
4 102 106 (4712 1263.750000 2128 ) (4696 1263.750000 2128 ) (4696 1263.750000 528 ) (4712 1263.750000 528 ) 
4 102 105 (4736 1263.750000 256 ) (4736 1263.750000 2128 ) (4712 1263.750000 2128 ) (4712 1263.750000 256 ) 
4 102 103 (4696 1583.750000 2128 ) (4696 1583.750000 408 ) (4696 1263.750000 408 ) (4696 1263.750000 2128 ) 
4 103 106 (4696 1263.750000 528 ) (4696 1263.750000 2128 ) (4504 1263.750000 2128 ) (4504 1263.750000 528 ) 
4 103 104 (4504 1583.750000 2128 ) (4504 1583.750000 408 ) (4504 1263.750000 408 ) (4504 1263.750000 2128 ) 
4 104 117 (4320 1583.750000 0 ) (4504 1583.750000 0 ) (4504 1263.750000 0 ) (4320 1263.750000 0 ) 
4 104 110 (4320 1263.750000 0 ) (4504 1263.750000 0 ) (4504 1263.750000 256 ) (4320 1263.750000 256 ) 
4 104 107 (4488 1263.750000 2128 ) (4320 1263.750000 2128 ) (4320 1263.750000 256 ) (4488 1263.750000 256 ) 
4 104 106 (4504 1263.750000 528 ) (4504 1263.750000 2128 ) (4488 1263.750000 2128 ) (4488 1263.750000 528 ) 
4 105 136 (4824 1024 300 ) (4712 1024 300 ) (4712 1024 256 ) (4824 1024 256 ) 
4 105 135 (5120 1024 256 ) (5120 1024 300 ) (4824 1024 300 ) (4824 1024 256 ) 
4 105 132 (4752 1024 2128 ) (4712 1024 2128 ) (4712 1024 300 ) (4752 1024 300 ) 
4 105 131 (5120 1024 300 ) (5120 1024 2128 ) (4752 1024 2128 ) (4752 1024 300 ) 
4 105 109 (4768 1024 256 ) (4712 1024 256 ) (4712 1255.750000 256 ) (4768 1255.750000 256 ) 
4 105 108 (5120 1024 256 ) (4776 1024 256 ) (4776 1263.750000 256 ) (5120 1263.750000 256 ) 
4 105 106 (4712 1024 528 ) (4712 1024 2128 ) (4712 1263.750000 2128 ) (4712 1263.750000 528 ) 
4 106 144 (4584 1024 2128 ) (4488 1024 2128 ) (4488 1024 528 ) (4584 1024 528 ) 
4 106 138 (4712 1024 2128 ) (4584 1024 2128 ) (4584 1024 528 ) (4712 1024 528 ) 
4 106 107 (4488 1024 528 ) (4488 1024 2128 ) (4488 1263.750000 2128 ) (4488 1263.750000 528 ) 
4 107 150 (4488 1024 2128 ) (4320 1024 2128 ) (4320 1024 256 ) (4488 1024 256 ) 
4 107 110 (4488 1024 256 ) (4320 1024 256 ) (4320 1263.750000 256 ) (4488 1263.750000 256 ) 
4 108 154 (4808 1024 256 ) (4776 1024 256 ) (4776 1024 0 ) (4808 1024 0 ) 
4 108 152 (4824 1024 256 ) (4808 1024 256 ) (4808 1024 0 ) (4824 1024 0 ) 
4 108 151 (5120 1024 0 ) (5120 1024 256 ) (4824 1024 256 ) (4824 1024 0 ) 
4 108 118 (5120 1024 0 ) (4776 1024 0 ) (4776 1263.750000 0 ) (5120 1263.750000 0 ) 
4 109 163 (4536 1024 256 ) (4504 1024 256 ) (4504 1024 0 ) (4536 1024 0 ) 
4 109 159 (4768 1024 256 ) (4536 1024 256 ) (4536 1024 0 ) (4768 1024 0 ) 
4 109 119 (4760 1024 0 ) (4504 1024 0 ) (4504 1247.750000 0 ) (4760 1247.750000 0 ) 
4 109 110 (4504 1024 256 ) (4504 1255.750000 256 ) (4504 1255.750000 0 ) (4504 1024 0 ) 
4 110 163 (4504 1024 256 ) (4320 1024 256 ) (4320 1024 0 ) (4504 1024 0 ) 
4 110 120 (4504 1024 0 ) (4320 1024 0 ) (4320 1263.750000 0 ) (4504 1263.750000 0 ) 
4 111 126 (4760 1583.750000 -16 ) (4736 1583.750000 -16 ) (4736 1607.750000 -16 ) (4760 1607.750000 -16 ) 
4 111 125 (5120 1607.750000 -16 ) (5120 1583.750000 -16 ) (4760 1583.750000 -16 ) (4760 1607.750000 -16 ) 
4 111 121 (4736 2048 -16 ) (5120 2048 -16 ) (5120 1607.750000 -16 ) (4736 1607.750000 -16 ) 
4 111 116 (4736 1583.750000 -16 ) (5120 1583.750000 -16 ) (5120 1583.750000 0 ) (4736 1583.750000 0 ) 
4 111 112 (4736 2048 -16 ) (4736 1807.750000 -16 ) (4736 1807.750000 0 ) (4736 2048 0 ) 
4 112 124 (4320 2048 -16 ) (4496 2048 -16 ) (4496 1807.750000 -16 ) (4320 1807.750000 -16 ) 
4 112 122 (4496 2048 -16 ) (4704 2048 -16 ) (4704 1807.750000 -16 ) (4496 1807.750000 -16 ) 
4 112 121 (4704 2048 -16 ) (4736 2048 -16 ) (4736 1807.750000 -16 ) (4704 1807.750000 -16 ) 
4 112 113 (4320 1807.750000 0 ) (4320 1807.750000 -16 ) (4472 1807.750000 -16 ) (4472 1807.750000 0 ) 
4 113 124 (4320 1784 -16 ) (4320 1807.750000 -16 ) (4472 1807.750000 -16 ) (4480 1784 -16 ) 
4 113 114 (4320 1784 0 ) (4320 1784 -16 ) (4480 1784 -16 ) (4480 1784 0 ) 
4 114 130 (4520 1591.750000 -16 ) (4320 1591.750000 -16 ) (4320 1607.750000 -16 ) (4520 1607.750000 -16 ) 
4 114 124 (4320 1607.750000 -16 ) (4320 1784 -16 ) (4496 1784 -16 ) (4496 1607.750000 -16 ) 
4 114 115 (4320 1591.750000 0 ) (4320 1591.750000 -16 ) (4480 1591.750000 -16 ) (4480 1591.750000 0 ) 
4 115 130 (4472 1583.750000 -16 ) (4320 1583.750000 -16 ) (4320 1591.750000 -16 ) (4480 1591.750000 -16 ) 
4 115 117 (4320 1583.750000 -16 ) (4472 1583.750000 -16 ) (4472 1583.750000 0 ) (4320 1583.750000 0 ) 
4 116 126 (4696 1583.750000 -16 ) (4760 1583.750000 -16 ) (4760 1263.750000 -16 ) (4696 1263.750000 -16 ) 
4 116 125 (4760 1583.750000 -16 ) (5120 1583.750000 -16 ) (5120 1263.750000 -16 ) (4760 1263.750000 -16 ) 
4 116 118 (4776 1263.750000 -16 ) (5120 1263.750000 -16 ) (5120 1263.750000 0 ) (4776 1263.750000 0 ) 
4 117 130 (4320 1583.750000 -16 ) (4504 1583.750000 -16 ) (4504 1263.750000 -16 ) (4320 1263.750000 -16 ) 
4 117 120 (4320 1263.750000 -16 ) (4504 1263.750000 -16 ) (4504 1263.750000 0 ) (4320 1263.750000 0 ) 
4 118 154 (4808 1024 0 ) (4776 1024 0 ) (4776 1024 -16 ) (4808 1024 -16 ) 
4 118 152 (4824 1024 0 ) (4808 1024 0 ) (4808 1024 -16 ) (4824 1024 -16 ) 
4 118 151 (5120 1024 -16 ) (5120 1024 0 ) (4824 1024 0 ) (4824 1024 -16 ) 
4 118 125 (4776 1263.750000 -16 ) (5120 1263.750000 -16 ) (5120 1024 -16 ) (4776 1024 -16 ) 
4 119 163 (4536 1024 0 ) (4504 1024 0 ) (4504 1024 -16 ) (4536 1024 -16 ) 
4 119 160 (4760 1024 0 ) (4536 1024 0 ) (4536 1024 -16 ) (4760 1024 -16 ) 
4 119 129 (4680 1024 -16 ) (4520 1024 -16 ) (4520 1247.750000 -16 ) (4680 1247.750000 -16 ) 
4 119 130 (4520 1024 -16 ) (4504 1024 -16 ) (4504 1247.750000 -16 ) (4520 1247.750000 -16 ) 
4 119 120 (4504 1247.750000 -16 ) (4504 1024 -16 ) (4504 1024 0 ) (4504 1247.750000 0 ) 
4 120 163 (4504 1024 0 ) (4320 1024 0 ) (4320 1024 -16 ) (4504 1024 -16 ) 
4 120 130 (4320 1263.750000 -16 ) (4504 1263.750000 -16 ) (4504 1024 -16 ) (4320 1024 -16 ) 
4 121 126 (4704 1607.750000 -544 ) (4760 1607.750000 -544 ) (4760 1607.750000 -16 ) (4704 1607.750000 -16 ) 
4 121 125 (4760 1607.750000 -544 ) (5120 1607.750000 -544 ) (5120 1607.750000 -16 ) (4760 1607.750000 -16 ) 
4 121 123 (4704 1798 -544 ) (4704 1607.750000 -544 ) (4704 1607.750000 -318 ) (4704 1798 -318 ) 
4 121 122 (4704 2048 -544 ) (4704 1798 -544 ) (4704 1798 -16 ) (4704 2048 -16 ) 
4 122 124 (4496 2048 -544 ) (4496 1798 -544 ) (4496 1798 -16 ) (4496 2048 -16 ) 
4 122 123 (4496 1798 -318 ) (4496 1798 -544 ) (4704 1798 -544 ) (4704 1798 -318 ) 
4 123 128 (4520 1607.750000 -544 ) (4680 1607.750000 -544 ) (4680 1607.750000 -318 ) (4520 1607.750000 -318 ) 
4 123 130 (4496 1607.750000 -544 ) (4520 1607.750000 -544 ) (4520 1607.750000 -318 ) (4496 1607.750000 -318 ) 
4 123 126 (4680 1607.750000 -544 ) (4704 1607.750000 -544 ) (4704 1607.750000 -318 ) (4680 1607.750000 -318 ) 
4 123 124 (4496 1798 -544 ) (4496 1607.750000 -544 ) (4496 1607.750000 -318 ) (4496 1798 -318 ) 
4 124 130 (4320 1607.750000 -544 ) (4496 1607.750000 -544 ) (4496 1607.750000 -16 ) (4320 1607.750000 -16 ) 
4 125 170 (4808 1024 -16 ) (4760 1024 -16 ) (4760 1024 -544 ) (4808 1024 -544 ) 
4 125 167 (4824 1024 -16 ) (4808 1024 -16 ) (4808 1024 -544 ) (4824 1024 -544 ) 
4 125 164 (5120 1024 -544 ) (5120 1024 -16 ) (4824 1024 -16 ) (4824 1024 -544 ) 
4 125 127 (4760 1247.750000 -544 ) (4760 1024 -544 ) (4760 1024 -240 ) (4760 1247.750000 -240 ) 
4 125 126 (4760 1607.750000 -16 ) (4760 1607.750000 -544 ) (4760 1247.750000 -544 ) (4760 1247.750000 -16 ) 
4 126 128 (4680 1607.750000 -318 ) (4680 1607.750000 -544 ) (4680 1247.750000 -544 ) (4680 1247.750000 -318 ) 
4 126 127 (4680 1247.750000 -240 ) (4680 1247.750000 -544 ) (4760 1247.750000 -544 ) (4760 1247.750000 -240 ) 
4 127 171 (4680 1024 -240 ) (4680 1024 -544 ) (4760 1024 -544 ) (4760 1024 -240 ) 
4 127 129 (4680 1247.750000 -544 ) (4680 1024 -544 ) (4680 1024 -240 ) (4680 1247.750000 -240 ) 
4 128 129 (4520 1247.750000 -318 ) (4520 1247.750000 -544 ) (4680 1247.750000 -544 ) (4680 1247.750000 -318 ) 
4 128 130 (4520 1607.750000 -318 ) (4520 1607.750000 -544 ) (4520 1247.750000 -544 ) (4520 1247.750000 -318 ) 
4 129 172 (4680 1024 -16 ) (4520 1024 -16 ) (4520 1024 -544 ) (4680 1024 -544 ) 
4 129 130 (4520 1247.750000 -544 ) (4520 1024 -544 ) (4520 1024 -16 ) (4520 1247.750000 -16 ) 
4 130 172 (4520 1024 -16 ) (4320 1024 -16 ) (4320 1024 -544 ) (4520 1024 -544 ) 
4 131 178 (5120 0 300 ) (5120 0 2128 ) (4752 0 2128 ) (4752 0 300 ) 
4 131 136 (4752 1023.750000 300 ) (4752 1024 300 ) (4824 1024 300 ) (4824 1023.750000 300 ) 
4 131 137 (4824 0 300 ) (4752 0 300 ) (4752 479.750000 300 ) (4824 479.750000 300 ) 
4 131 135 (5120 0 300 ) (4824 0 300 ) (4824 1024 300 ) (5120 1024 300 ) 
4 131 133 (4752 479.750000 336 ) (4752 479.750000 2128 ) (4752 527.750000 2128 ) (4752 527.750000 336 ) 
4 131 132 (4752 1024 300 ) (4752 527.750000 300 ) (4752 527.750000 2128 ) (4752 1024 2128 ) 
4 131 134 (4752 479.750000 300 ) (4752 0 300 ) (4752 0 2128 ) (4752 479.750000 2128 ) 
4 132 140 (4712 703.750000 300 ) (4712 527.750000 300 ) (4712 527.750000 528 ) (4712 703.750000 528 ) 
4 132 139 (4712 1023.750000 300 ) (4712 703.750000 300 ) (4712 703.750000 336 ) (4712 1023.750000 336 ) 
4 132 138 (4712 1024 2128 ) (4712 1024 528 ) (4712 527.750000 528 ) (4712 527.750000 2128 ) 
4 132 136 (4712 1023.750000 300 ) (4712 1024 300 ) (4752 1024 300 ) (4752 1023.750000 300 ) 
4 132 133 (4752 527.750000 336 ) (4752 527.750000 2128 ) (4712 527.750000 2128 ) (4712 527.750000 336 ) 
4 133 141 (4712 479.750000 336 ) (4712 479.750000 528 ) (4712 527.750000 528 ) (4712 527.750000 336 ) 
4 133 138 (4712 479.750000 528 ) (4712 479.750000 2128 ) (4712 527.750000 2128 ) (4712 527.750000 528 ) 
4 133 134 (4752 479.750000 336 ) (4752 479.750000 2128 ) (4712 479.750000 2128 ) (4712 479.750000 336 ) 
4 134 178 (4752 0 2128 ) (4712 0 2128 ) (4712 0 300 ) (4752 0 300 ) 
4 134 143 (4712 479.750000 300 ) (4712 0 300 ) (4712 0 528 ) (4712 479.750000 528 ) 
4 134 138 (4712 0 528 ) (4712 0 2128 ) (4712 479.750000 2128 ) (4712 479.750000 528 ) 
4 134 137 (4752 0 300 ) (4712 0 300 ) (4712 479.750000 300 ) (4752 479.750000 300 ) 
4 135 178 (5120 0 256 ) (5120 0 300 ) (4824 0 300 ) (4824 0 256 ) 
4 135 151 (5120 0 256 ) (4824 0 256 ) (4824 1024 256 ) (5120 1024 256 ) 
4 135 136 (4824 1024 256 ) (4824 1023.750000 256 ) (4824 1023.750000 300 ) (4824 1024 300 ) 
4 135 137 (4824 479.750000 256 ) (4824 0 256 ) (4824 0 300 ) (4824 479.750000 300 ) 
4 136 159 (4712 1023.750000 256 ) (4712 1024 256 ) (4768 1024 256 ) (4768 1023.750000 256 ) 
4 136 154 (4776 1024 256 ) (4808 1024 256 ) (4808 1023.750000 256 ) (4776 1023.750000 256 ) 
4 136 152 (4808 1024 256 ) (4824 1024 256 ) (4824 1023.750000 256 ) (4808 1023.750000 256 ) 
4 137 178 (4824 0 300 ) (4712 0 300 ) (4712 0 256 ) (4824 0 256 ) 
4 137 162 (4776 0 256 ) (4712 0 256 ) (4712 479.750000 256 ) (4776 479.750000 256 ) 
4 137 157 (4808 0 256 ) (4776 0 256 ) (4776 479.750000 256 ) (4808 479.750000 256 ) 
4 137 153 (4824 0 256 ) (4808 0 256 ) (4808 479.750000 256 ) (4824 479.750000 256 ) 
4 137 143 (4712 479.750000 256 ) (4712 0 256 ) (4712 0 300 ) (4712 479.750000 300 ) 
4 138 178 (4584 0 2128 ) (4584 0 528 ) (4712 0 528 ) (4712 0 2128 ) 
4 138 146 (4584 479.750000 2128 ) (4584 527.750000 2128 ) (4584 527.750000 528 ) (4584 479.750000 528 ) 
4 138 145 (4584 527.750000 2128 ) (4584 1023.750000 2128 ) (4584 1023.750000 528 ) (4584 527.750000 528 ) 
4 138 148 (4584 0 528 ) (4584 0 2128 ) (4584 479.750000 2128 ) (4584 479.750000 528 ) 
4 138 144 (4584 1023.750000 2128 ) (4584 1024 2128 ) (4584 1024 528 ) (4584 1023.750000 528 ) 
4 138 141 (4584 479.750000 528 ) (4584 527.750000 528 ) (4712 527.750000 528 ) (4712 479.750000 528 ) 
4 138 140 (4584 527.750000 528 ) (4584 703.750000 528 ) (4712 703.750000 528 ) (4712 527.750000 528 ) 
4 138 143 (4584 0 528 ) (4584 479.750000 528 ) (4712 479.750000 528 ) (4712 0 528 ) 
4 139 161 (4584 703.750000 256 ) (4584 1007.750000 256 ) (4712 1007.750000 256 ) (4712 703.750000 256 ) 
4 139 159 (4584 1007.750000 256 ) (4584 1023.750000 256 ) (4712 1023.750000 256 ) (4712 1007.750000 256 ) 
4 139 145 (4584 1023.750000 256 ) (4584 703.750000 256 ) (4584 703.750000 336 ) (4584 1023.750000 336 ) 
4 139 140 (4712 703.750000 256 ) (4712 703.750000 336 ) (4584 703.750000 336 ) (4584 703.750000 256 ) 
4 140 161 (4584 527.750000 256 ) (4584 703.750000 256 ) (4712 703.750000 256 ) (4712 527.750000 256 ) 
4 140 145 (4584 703.750000 256 ) (4584 527.750000 256 ) (4584 527.750000 528 ) (4584 703.750000 528 ) 
4 140 141 (4712 527.750000 336 ) (4712 527.750000 528 ) (4584 527.750000 528 ) (4584 527.750000 336 ) 
4 140 142 (4712 527.750000 256 ) (4712 527.750000 300 ) (4584 527.750000 300 ) (4584 527.750000 256 ) 
4 141 146 (4584 479.750000 336 ) (4584 479.750000 528 ) (4584 527.750000 528 ) (4584 527.750000 336 ) 
4 141 143 (4712 479.750000 336 ) (4712 479.750000 528 ) (4584 479.750000 528 ) (4584 479.750000 336 ) 
4 142 161 (4584 495.750000 256 ) (4584 527.750000 256 ) (4712 527.750000 256 ) (4712 495.750000 256 ) 
4 142 147 (4584 527.750000 256 ) (4584 479.750000 256 ) (4584 479.750000 300 ) (4584 527.750000 300 ) 
4 142 143 (4712 479.750000 256 ) (4712 479.750000 300 ) (4584 479.750000 300 ) (4584 479.750000 256 ) 
4 143 178 (4584 0 528 ) (4584 0 256 ) (4712 0 256 ) (4712 0 528 ) 
4 143 162 (4712 0 256 ) (4584 0 256 ) (4584 479.750000 256 ) (4712 479.750000 256 ) 
4 143 148 (4584 479.750000 256 ) (4584 0 256 ) (4584 0 528 ) (4584 479.750000 528 ) 
4 144 150 (4488 1023.750000 528 ) (4488 1023.750000 2128 ) (4488 1024 2128 ) (4488 1024 528 ) 
4 144 145 (4536 1023.750000 528 ) (4584 1023.750000 528 ) (4584 1023.750000 2128 ) (4536 1023.750000 2128 ) 
4 144 149 (4488 1023.750000 2128 ) (4488 1023.750000 528 ) (4536 1023.750000 528 ) (4536 1023.750000 2128 ) 
4 145 161 (4536 527.750000 256 ) (4536 1007.750000 256 ) (4584 1007.750000 256 ) (4584 527.750000 256 ) 
4 145 159 (4536 1007.750000 256 ) (4536 1023.750000 256 ) (4584 1023.750000 256 ) (4584 1007.750000 256 ) 
4 145 146 (4536 527.750000 2128 ) (4536 527.750000 336 ) (4584 527.750000 336 ) (4584 527.750000 2128 ) 
4 145 147 (4536 527.750000 300 ) (4536 527.750000 256 ) (4584 527.750000 256 ) (4584 527.750000 300 ) 
4 145 149 (4536 1023.750000 2128 ) (4536 1023.750000 256 ) (4536 527.750000 256 ) (4536 527.750000 2128 ) 
4 146 148 (4536 479.750000 2128 ) (4536 479.750000 336 ) (4584 479.750000 336 ) (4584 479.750000 2128 ) 
4 146 149 (4536 479.750000 336 ) (4536 479.750000 2128 ) (4536 527.750000 2128 ) (4536 527.750000 336 ) 
4 147 161 (4536 495.750000 256 ) (4536 527.750000 256 ) (4584 527.750000 256 ) (4584 495.750000 256 ) 
4 147 149 (4536 527.750000 256 ) (4536 479.750000 256 ) (4536 479.750000 300 ) (4536 527.750000 300 ) 
4 147 148 (4536 479.750000 300 ) (4536 479.750000 256 ) (4584 479.750000 256 ) (4584 479.750000 300 ) 
4 148 178 (4536 0 256 ) (4584 0 256 ) (4584 0 2128 ) (4536 0 2128 ) 
4 148 162 (4584 0 256 ) (4536 0 256 ) (4536 479.750000 256 ) (4584 479.750000 256 ) 
4 148 149 (4536 479.750000 256 ) (4536 0 256 ) (4536 0 2128 ) (4536 479.750000 2128 ) 
4 149 178 (4488 0 256 ) (4536 0 256 ) (4536 0 2128 ) (4488 0 2128 ) 
4 149 163 (4536 0 256 ) (4488 0 256 ) (4488 1023.750000 256 ) (4536 1023.750000 256 ) 
4 149 150 (4488 1023.750000 256 ) (4488 0 256 ) (4488 0 2128 ) (4488 1023.750000 2128 ) 
4 150 178 (4320 0 256 ) (4488 0 256 ) (4488 0 2128 ) (4320 0 2128 ) 
4 150 163 (4488 0 256 ) (4320 0 256 ) (4320 1024 256 ) (4488 1024 256 ) 
4 151 178 (5120 0 -16 ) (5120 0 256 ) (4824 0 256 ) (4824 0 -16 ) 
4 151 164 (4824 1024 -16 ) (5120 1024 -16 ) (5120 636 -16 ) (4824 636 -16 ) 
4 151 166 (5120 620 -16 ) (5120 0 -16 ) (4824 0 -16 ) (4824 620 -16 ) 
4 151 153 (4824 479.750000 -16 ) (4824 0 -16 ) (4824 0 256 ) (4824 479.750000 256 ) 
4 151 152 (4824 1024 -16 ) (4824 1023.750000 -16 ) (4824 1023.750000 256 ) (4824 1024 256 ) 
4 152 167 (4808 1024 -16 ) (4824 1024 -16 ) (4824 1023.750000 -16 ) (4808 1023.750000 -16 ) 
4 152 154 (4808 1024 -16 ) (4808 1023.750000 -16 ) (4808 1023.750000 256 ) (4808 1024 256 ) 
4 153 178 (4824 0 256 ) (4808 0 256 ) (4808 0 -16 ) (4824 0 -16 ) 
4 153 169 (4824 479.750000 -16 ) (4824 0 -16 ) (4808 0 -16 ) (4808 479.750000 -16 ) 
4 153 157 (4808 479.750000 -16 ) (4808 0 -16 ) (4808 0 256 ) (4808 479.750000 256 ) 
4 154 170 (4776 1024 -16 ) (4808 1024 -16 ) (4808 1023.750000 -16 ) (4776 1023.750000 -16 ) 
4 155 158 (4776 1007.750000 0 ) (4776 1007.750000 256 ) (4776 1015.750000 256 ) (4776 1015.750000 0 ) 
4 155 156 (4776 1007.750000 256 ) (4776 1007.750000 0 ) (4808 1007.750000 0 ) (4808 1007.750000 256 ) 
4 156 161 (4776 1007.750000 -16 ) (4776 495.750000 -16 ) (4776 495.750000 256 ) (4776 1007.750000 256 ) 
4 157 178 (4808 0 256 ) (4776 0 256 ) (4776 0 -16 ) (4808 0 -16 ) 
4 157 174 (4808 479.750000 -16 ) (4808 0 -16 ) (4776 0 -16 ) (4776 479.750000 -16 ) 
4 157 162 (4776 479.750000 -16 ) (4776 0 -16 ) (4776 0 256 ) (4776 479.750000 256 ) 
4 158 161 (4768 1007.750000 0 ) (4776 1007.750000 0 ) (4776 1007.750000 256 ) (4768 1007.750000 256 ) 
4 158 159 (4768 1015.750000 0 ) (4768 1007.750000 0 ) (4768 1007.750000 256 ) (4768 1015.750000 256 ) 
4 159 163 (4536 1007.750000 0 ) (4536 1007.750000 256 ) (4536 1024 256 ) (4536 1024 0 ) 
4 159 161 (4536 1007.750000 256 ) (4536 1007.750000 0 ) (4768 1007.750000 0 ) (4768 1007.750000 256 ) 
4 159 160 (4760 1007.750000 0 ) (4536 1007.750000 0 ) (4536 1024 0 ) (4760 1024 0 ) 
4 160 172 (4536 1024 -16 ) (4680 1024 -16 ) (4680 1007.750000 -16 ) (4536 1007.750000 -16 ) 
4 160 163 (4536 1024 -16 ) (4536 1007.750000 -16 ) (4536 1007.750000 0 ) (4536 1024 0 ) 
4 160 161 (4536 1007.750000 0 ) (4536 1007.750000 -16 ) (4760 1007.750000 -16 ) (4760 1007.750000 0 ) 
4 161 163 (4536 1007.750000 -16 ) (4536 495.750000 -16 ) (4536 495.750000 256 ) (4536 1007.750000 256 ) 
4 162 178 (4776 0 256 ) (4536 0 256 ) (4536 0 -16 ) (4776 0 -16 ) 
4 162 174 (4776 479.750000 -16 ) (4776 0 -16 ) (4536 0 -16 ) (4536 479.750000 -16 ) 
4 162 163 (4536 479.750000 -16 ) (4536 0 -16 ) (4536 0 256 ) (4536 479.750000 256 ) 
4 163 178 (4536 0 256 ) (4320 0 256 ) (4320 0 -16 ) (4536 0 -16 ) 
4 163 174 (4536 485 -16 ) (4536 0 -16 ) (4488 0 -16 ) (4488 485 -16 ) 
4 163 175 (4488 0 -16 ) (4320 0 -16 ) (4320 1007.750000 -16 ) (4488 1007.750000 -16 ) 
4 163 172 (4320 1024 -16 ) (4536 1024 -16 ) (4536 1007.750000 -16 ) (4320 1007.750000 -16 ) 
4 164 168 (4824 751.750000 -544 ) (4824 636 -544 ) (4824 636 -208 ) (4824 751.750000 -208 ) 
4 164 167 (4824 1024 -544 ) (4824 751.750000 -544 ) (4824 751.750000 -16 ) (4824 1024 -16 ) 
4 164 165 (4824 636 -208 ) (4824 636 -544 ) (5120 636 -544 ) (5120 636 -208 ) 
4 165 168 (4824 636 -544 ) (4824 620 -544 ) (4824 620 -208 ) (4824 636 -208 ) 
4 165 166 (4824 620 -208 ) (4824 620 -544 ) (5120 620 -544 ) (5120 620 -208 ) 
4 166 178 (5120 0 -544 ) (5120 0 -16 ) (4824 0 -16 ) (4824 0 -544 ) 
4 166 168 (4824 620 -544 ) (4824 495.750000 -544 ) (4824 495.750000 -208 ) (4824 620 -208 ) 
4 166 169 (4824 495.750000 -544 ) (4824 0 -544 ) (4824 0 -16 ) (4824 495.750000 -16 ) 
4 167 173 (4808 1007.750000 -544 ) (4808 751.750000 -544 ) (4808 751.750000 -240 ) (4808 1007.750000 -240 ) 
4 167 170 (4808 1024 -544 ) (4808 1007.750000 -544 ) (4808 1007.750000 -16 ) (4808 1024 -16 ) 
4 167 168 (4808 751.750000 -208 ) (4808 751.750000 -544 ) (4824 751.750000 -544 ) (4824 751.750000 -208 ) 
4 168 173 (4808 751.750000 -544 ) (4808 495.750000 -544 ) (4808 495.750000 -240 ) (4808 751.750000 -240 ) 
4 168 169 (4808 495.750000 -208 ) (4808 495.750000 -544 ) (4824 495.750000 -544 ) (4824 495.750000 -208 ) 
4 169 178 (4824 0 -16 ) (4808 0 -16 ) (4808 0 -544 ) (4824 0 -544 ) 
4 169 173 (4808 495.750000 -544 ) (4808 485 -544 ) (4808 485 -240 ) (4808 495.750000 -240 ) 
4 169 174 (4808 485 -544 ) (4808 0 -544 ) (4808 0 -16 ) (4808 485 -16 ) 
4 170 173 (4760 1007.750000 -544 ) (4808 1007.750000 -544 ) (4808 1007.750000 -240 ) (4760 1007.750000 -240 ) 
4 170 171 (4760 1024 -544 ) (4760 1007.750000 -544 ) (4760 1007.750000 -240 ) (4760 1024 -240 ) 
4 171 173 (4680 1007.750000 -544 ) (4760 1007.750000 -544 ) (4760 1007.750000 -240 ) (4680 1007.750000 -240 ) 
4 171 172 (4680 1024 -544 ) (4680 1007.750000 -544 ) (4680 1007.750000 -240 ) (4680 1024 -240 ) 
4 172 173 (4488 1007.750000 -544 ) (4680 1007.750000 -544 ) (4680 1007.750000 -240 ) (4488 1007.750000 -240 ) 
4 172 175 (4320 1007.750000 -544 ) (4488 1007.750000 -544 ) (4488 1007.750000 -16 ) (4320 1007.750000 -16 ) 
4 173 174 (4488 485 -240 ) (4488 485 -544 ) (4808 485 -544 ) (4808 485 -240 ) 
4 173 175 (4488 1007.750000 -240 ) (4488 1007.750000 -544 ) (4488 485 -544 ) (4488 485 -240 ) 
4 174 178 (4808 0 -16 ) (4488 0 -16 ) (4488 0 -544 ) (4808 0 -544 ) 
4 174 175 (4488 485 -544 ) (4488 0 -544 ) (4488 0 -16 ) (4488 485 -16 ) 
4 175 178 (4488 0 -16 ) (4320 0 -16 ) (4320 0 -544 ) (4488 0 -544 ) 
4 176 177 (6144 0 2128 ) (6144 0 -544 ) (6144 -24 -544 ) (6144 -24 2128 ) 
4 177 178 (5120 -24 2128 ) (5120 0 2128 ) (5120 0 -544 ) (5120 -24 -544 ) 
