================== VBSP ==================



materialPath: C:\Program Files (x86)\Steam\steamapps\common\Source SDK Base 2013 Multiplayer\customConfig_tf2\materials
Loading D:\oihguv\mge_oihguv_sucks_b3_fix2.vmf
ConVarRef mat_reduceparticles doesn't point to an existing ConVar
Could not locate GameData file tf2_ficool2_lite.fgd
Patching WVT material: maps/mge_oihguv_sucks_b3_fix2/winter/blendgrasstograss002_wvt_patch
Patching WVT material: maps/mge_oihguv_sucks_b3_fix2/nature/blendrockground007_wvt_patch
Patching WVT material: maps/mge_oihguv_sucks_b3_fix2/nature/blendgroundtograss007_nodetail_wvt_patch
Patching WVT material: maps/mge_oihguv_sucks_b3_fix2/nature/blendrockgroundwallforest_wvt_patch
Patching WVT material: maps/mge_oihguv_sucks_b3_fix2/nature/blendgroundtograss008_nodetail_wvt_patch
Patching WVT material: maps/mge_oihguv_sucks_b3_fix2/nature/blendgroundtograss008_wvt_patch
Patching WVT material: maps/mge_oihguv_sucks_b3_fix2/brick/blendcobbletocobblesnow001_wvt_patch
Patching WVT material: maps/mge_oihguv_sucks_b3_fix2/nature/blendgroundtograss001_wvt_patch
Patching WVT material: maps/mge_oihguv_sucks_b3_fix2/nature/blendgroundtograss005_wvt_patch
fixing up env_cubemap materials on brush sides...
0...1...2...3...4...5...6...7...8...9...100...1...2...3...4...5...6...7...8...9...10Processing areas...done (0)
Building Faces...done (0)
Chop Details...done (0)
Find Visible Detail Sides...
Merged 2842 detail faces...done (1)
Merging details...done (1)
FixTjuncs...
PruneNodes...
WriteBSP...
done (1)
writing D:\oihguv\mge_oihguv_sucks_b3_fix2.prt...Building visibility clusters...
done (1)
*** Error: Skybox vtf files for skybox/sky_yuki_01 weren't compiled with the same size texture and/or same flags!
Can't load skybox file skybox/sky_yuki_01 to build the default cubemap!
*** Error: Skybox vtf files for skybox/sky_yuki_01 weren't compiled with the same size texture and/or same flags!
Can't load skybox file skybox/sky_yuki_01 to build the default cubemap!
Finding displacement neighbors...
Found a displacement edge abutting multiple other edges.
Finding lightmap sample positions...
Displacement Alpha : 0...1...2...3...4...5...6...7...8...9...10
Building Physics collision data...
WARNING: Map using power 4 displacements, terrain physics cannot be compressed, map will need additional memory and CPU.
done (2) (8057926 bytes)
Placing detail props : 0...1...2...3...4...5...6...7...8...9..Material NATURE/BLENDGROUNDTOGRASS008 uses unknown detail object type tf_forest_grass!
Material NATURE/BLENDGROUNDTOGRASS008 uses unknown detail object type tf_forest_grass!
Material NATURE/BLENDGROUNDTOGRASS008 uses unknown detail object type tf_forest_grass!
Material NATURE/BLENDGROUNDTOGRASS008 uses unknown detail object type tf_forest_grass!
.10
Compacting texture/material tables...
Reduced 10537 texinfos to 6927
Reduced 149 texdatas to 131 (3641 bytes to 2847)
Writing D:\oihguv\mge_oihguv_sucks_b3_fix2.bsp
MSG_FILEWRITE - Filesystem was asked to write to 'D:\oihguv\mge_oihguv_sucks_b3_fix2.bsp', but we don't own that location. Allowing.
Wrote ZIP buffer, estimated size 6040, actual size 4754
12 seconds elapsed

================== VVIS ==================




12 threads
reading d:\oihguv\mge_oihguv_sucks_b3_fix2.bsp
reading d:\oihguv\mge_oihguv_sucks_b3_fix2.prt
6514 portalclusters
21833 numportals
0...1...2...3...4...5...6...7...8...9...100...1...2...3...4...5...6...7...8...9...10Optimized: 12758 visible clusters (0.51%)
Total clusters visible: 2515439
Average clusters visible: 386
Building PAS...
Average clusters audible: 681
visdatasize:1328927  compressed from 10630848
writing d:\oihguv\mge_oihguv_sucks_b3_fix2.bsp
MSG_FILEWRITE - Filesystem was asked to write to 'd:\oihguv\mge_oihguv_sucks_b3_fix2.bsp', but we don't own that location. Allowing.
1 hour, 17 minutes, 13 seconds elapsed

================== VRAD ==================




[Reading texlights from 'lights.rad']
[56 texlights parsed from 'lights.rad']

Loading d:\oihguv\mge_oihguv_sucks_b3_fix2.bsp
22876 faces
19 degenerate faces
10445285 square feet [1504120960.00 square inches]
938 Displacements
466718 Square Feet [67207408.00 Square Inches]
22857 patches before subdivision
zero area child patch
zero area child patch
zero area child patch
zero area child patch
293119 patches after subdivision
103 direct lights
0...1...2...3...4...5...6...7...8...9...100...1...2...3...4...5...6...7...8...9...10transfers 28093303, max 1148
transfer lists: 214.3 megs
0...1...2...3...4...5...6...7...8...9...10	Bounce #1 added RGB(856453, 498531, 582295)
0...1...2...3...4...5...6...7...8...9...10	Bounce #2 added RGB(115048, 60636, 61770)
0...1...2...3...4...5...6...7...8...9...10	Bounce #3 added RGB(22620, 10620, 9765)
0...1...2...3...4...5...6...7...8...9...10	Bounce #4 added RGB(4802, 2110, 1804)
0...1...2...3...4...5...6...7...8...9...10	Bounce #5 added RGB(1122, 461, 363)
0...1...2...3...4...5...6...7...8...9...10	Bounce #6 added RGB(275, 109, 78)
0...1...2...3...4...5...6...7...8...9...10	Bounce #7 added RGB(72, 28, 18)
0...1...2...3...4...5...6...7...8...9...10	Bounce #8 added RGB(20, 8, 4)
0...1...2...3...4...5...6...7...8...9...10	Bounce #9 added RGB(6, 2, 1)
0...1...2...3...4...5...6...7...8...9...10	Bounce #10 added RGB(2, 1, 0)
0...1...2...3...4...5...6...7...8...9...10	Bounce #11 added RGB(1, 0, 0)
Build Patch/Sample Hash Table(s).....Done<0.0825 sec>
0...1...2...3...4...5...6...7...8...9...10FinalLightFace Done
Computing detail prop lighting : 0...1...2...3...4...5...6...7...8...9...10
0 of 0 (0% of) surface lights went in leaf ambient cubes.
0...1...2...3...4...5...6...7...8...9...10Writing leaf ambient...done
Ready to Finish

Object names       Objects/Maxobjs  Memory / Maxmem  Fullness 
------------       ---------------  ---------------  -------- 
models                  56/1024         2688/49152    ( 5.5%) 
brushes               5210/8192        62520/98304    (63.6%) 
brushsides           42161/65536      337288/524288   (64.3%) 
planes               32492/65536      649840/1310720  (49.6%) 
vertexes             45252/65536      543024/786432   (69.0%) 
nodes                12596/65536      403072/2097152  (19.2%) 
texinfos              6927/12288      498744/884736   (56.4%) 
texdata                131/2048         4192/65536    ( 6.4%) 
dispinfos              938/0          165088/0        ( 0.0%) 
disp_verts           36882/0          737640/0        ( 0.0%) 
disp_tris            53536/0          107072/0        ( 0.0%) 
disp_lmsamples     1262109/0         1262109/0        ( 0.0%) 
faces                22876/65536     1281056/3670016  (34.9%) 
hdr faces                0/65536           0/3670016  ( 0.0%) 
origfaces            13803/65536      772968/3670016  (21.1%) 
leaves               12653/65536      404896/2097152  (19.3%) 
leaffaces            28918/65536       57836/131072   (44.1%) 
leafbrushes          15270/65536       30540/131072   (23.3%) 
areas                   32/256           256/2048     (12.5%) 
surfedges           166582/512000     666328/2048000  (32.5%) 
edges               102870/256000     411480/1024000  (40.2%) 
LDR worldlights        103/8192         9064/720896   ( 1.3%) 
HDR worldlights          0/8192            0/720896   ( 0.0%) 
leafwaterdata            0/32768           0/393216   ( 0.0%) 
waterstrips           2826/32768       28260/327680   ( 8.6%) 
waterverts               0/65536           0/786432   ( 0.0%) 
waterindices         51345/65536      102690/131072   (78.3%) 
cubemapsamples           0/1024            0/16384    ( 0.0%) 
overlays                 0/512             0/180224   ( 0.0%) 
LDR lightdata         [variable]    14061880/0        ( 0.0%) 
HDR lightdata         [variable]           0/0        ( 0.0%) 
visdata               [variable]     1328927/16777216 ( 7.9%) 
entdata               [variable]       59222/393216   (15.1%) 
LDR ambient table    12653/65536       50612/262144   (19.3%) 
HDR ambient table    12653/65536       50612/262144   (19.3%) 
LDR leaf ambient     63974/65536     1791272/1835008  (97.6%) VERY FULL!
HDR leaf ambient     12653/65536      354284/1835008  (19.3%) 
occluders                0/0               0/0        ( 0.0%) 
occluder polygons        0/0               0/0        ( 0.0%) 
occluder vert ind        0/0               0/0        ( 0.0%) 
detail props          [variable]           1/137276   ( 0.0%) 
dtl prp lght          [variable]           1/4        (25.0%) 
HDR dtl prp lght      [variable]           1/4        (25.0%) 
static props          [variable]           1/77926    ( 0.0%) 
pakfile               [variable]        4754/0        ( 0.0%) 
physics               [variable]     8057926/4194304  (192.1%) VERY FULL!
physics terrain       [variable]           0/1048576  ( 0.0%) 

Level flags = 0

Total triangle count: 65447
Writing d:\oihguv\mge_oihguv_sucks_b3_fix2.bsp
7 minutes, 55 seconds elapsed



[Reading texlights from 'lights.rad']
[56 texlights parsed from 'lights.rad']

Loading d:\oihguv\mge_oihguv_sucks_b3_fix2.bsp
22876 faces
19 degenerate faces
10445285 square feet [1504120960.00 square inches]
938 Displacements
466718 Square Feet [67207408.00 Square Inches]
22857 patches before subdivision
zero area child patch
zero area child patch
zero area child patch
zero area child patch
293119 patches after subdivision
103 direct lights
0...1...2...3...4...5...6...7...8...9...100...1...2...3...4...5...6...7...8...9...10transfers 28093303, max 1148
transfer lists: 214.3 megs
0...1...2...3...4...5...6...7...8...9...10	Bounce #1 added RGB(854363, 497601, 581860)
0...1...2...3...4...5...6...7...8...9...10	Bounce #2 added RGB(114860, 60570, 61739)
0...1...2...3...4...5...6...7...8...9...10	Bounce #3 added RGB(22596, 10614, 9761)
0...1...2...3...4...5...6...7...8...9...10	Bounce #4 added RGB(4799, 2109, 1803)
0...1...2...3...4...5...6...7...8...9...10	Bounce #5 added RGB(1122, 461, 363)
0...1...2...3...4...5...6...7...8...9...10	Bounce #6 added RGB(275, 109, 78)
0...1...2...3...4...5...6...7...8...9...10	Bounce #7 added RGB(72, 28, 18)
0...1...2...3...4...5...6...7...8...9...10	Bounce #8 added RGB(20, 8, 4)
0...1...2...3...4...5...6...7...8...9...10	Bounce #9 added RGB(6, 2, 1)
0...1...2...3...4...5...6...7...8...9...10	Bounce #10 added RGB(2, 1, 0)
0...1...2...3...4...5...6...7...8...9...10	Bounce #11 added RGB(1, 0, 0)
Build Patch/Sample Hash Table(s).....Done<0.0848 sec>
0...1...2...3...4...5...6...7...8...9...10FinalLightFace Done
Computing detail prop lighting : 0...1...2...3...4...5...6...7...8...9...10
0 of 0 (0% of) surface lights went in leaf ambient cubes.
0...1...2...3...4...5...6...7...8...9...10Writing leaf ambient...done
Ready to Finish

Object names       Objects/Maxobjs  Memory / Maxmem  Fullness 
------------       ---------------  ---------------  -------- 
models                  56/1024         2688/49152    ( 5.5%) 
brushes               5210/8192        62520/98304    (63.6%) 
brushsides           42161/65536      337288/524288   (64.3%) 
planes               32492/65536      649840/1310720  (49.6%) 
vertexes             45252/65536      543024/786432   (69.0%) 
nodes                12596/65536      403072/2097152  (19.2%) 
texinfos              6927/12288      498744/884736   (56.4%) 
texdata                131/2048         4192/65536    ( 6.4%) 
dispinfos              938/0          165088/0        ( 0.0%) 
disp_verts           36882/0          737640/0        ( 0.0%) 
disp_tris            53536/0          107072/0        ( 0.0%) 
disp_lmsamples     1262109/0         1262109/0        ( 0.0%) 
faces                22876/65536     1281056/3670016  (34.9%) 
hdr faces            22876/65536     1281056/3670016  (34.9%) 
origfaces            13803/65536      772968/3670016  (21.1%) 
leaves               12653/65536      404896/2097152  (19.3%) 
leaffaces            28918/65536       57836/131072   (44.1%) 
leafbrushes          15270/65536       30540/131072   (23.3%) 
areas                   32/256           256/2048     (12.5%) 
surfedges           166582/512000     666328/2048000  (32.5%) 
edges               102870/256000     411480/1024000  (40.2%) 
LDR worldlights        103/8192         9064/720896   ( 1.3%) 
HDR worldlights        103/8192         9064/720896   ( 1.3%) 
leafwaterdata            0/32768           0/393216   ( 0.0%) 
waterstrips           2826/32768       28260/327680   ( 8.6%) 
waterverts               0/65536           0/786432   ( 0.0%) 
waterindices         51345/65536      102690/131072   (78.3%) 
cubemapsamples           0/1024            0/16384    ( 0.0%) 
overlays                 0/512             0/180224   ( 0.0%) 
LDR lightdata         [variable]    14061880/0        ( 0.0%) 
HDR lightdata         [variable]    14061880/0        ( 0.0%) 
visdata               [variable]     1328927/16777216 ( 7.9%) 
entdata               [variable]       59222/393216   (15.1%) 
LDR ambient table    12653/65536       50612/262144   (19.3%) 
HDR ambient table    12653/65536       50612/262144   (19.3%) 
LDR leaf ambient     63974/65536     1791272/1835008  (97.6%) VERY FULL!
HDR leaf ambient     63991/65536     1791748/1835008  (97.6%) VERY FULL!
occluders                0/0               0/0        ( 0.0%) 
occluder polygons        0/0               0/0        ( 0.0%) 
occluder vert ind        0/0               0/0        ( 0.0%) 
detail props          [variable]           1/137276   ( 0.0%) 
dtl prp lght          [variable]           1/4        (25.0%) 
HDR dtl prp lght      [variable]           1/4        (25.0%) 
static props          [variable]           1/77926    ( 0.0%) 
pakfile               [variable]        4754/0        ( 0.0%) 
physics               [variable]     8057926/4194304  (192.1%) VERY FULL!
physics terrain       [variable]           0/1048576  ( 0.0%) 

Level flags = 0

Total triangle count: 65447
Writing d:\oihguv\mge_oihguv_sucks_b3_fix2.bsp
7 minutes, 58 seconds elapsed
