================== VBSP ==================



materialPath: C:\Program Files (x86)\Steam\steamapps\common\Source SDK Base 2013 Multiplayer\customConfig_tf2\materials
Loading D:\oihguv\mge_oihguv_sucks_b3.vmf
ConVarRef mat_reduceparticles doesn't point to an existing ConVar
Could not locate GameData file tf2_ficool2_lite.fgd
Patching WVT material: maps/mge_oihguv_sucks_b3/winter/blendgrasstograss002_wvt_patch
Patching WVT material: maps/mge_oihguv_sucks_b3/nature/blendrockground007_wvt_patch
Patching WVT material: maps/mge_oihguv_sucks_b3/nature/blendgroundtograss007_nodetail_wvt_patch
Patching WVT material: maps/mge_oihguv_sucks_b3/nature/blendrockgroundwallforest_wvt_patch
Patching WVT material: maps/mge_oihguv_sucks_b3/nature/blendgroundtograss008_nodetail_wvt_patch
Patching WVT material: maps/mge_oihguv_sucks_b3/nature/blendgroundtograss008_wvt_patch
Patching WVT material: maps/mge_oihguv_sucks_b3/brick/blendcobbletocobblesnow001_wvt_patch
Patching WVT material: maps/mge_oihguv_sucks_b3/nature/blendgroundtograss001_wvt_patch
Patching WVT material: maps/mge_oihguv_sucks_b3/nature/blendgroundtograss005_wvt_patch
fixing up env_cubemap materials on brush sides...
0...1...2...3...4...5...6...7...8...9...100...1...2...3...4...5...6...7...8...9...10Processing areas...done (0)
Building Faces...done (0)
Chop Details...done (0)
Find Visible Detail Sides...
Merged 2714 detail faces...done (1)
Merging details...done (1)
FixTjuncs...
PruneNodes...
WriteBSP...
done (1)
writing D:\oihguv\mge_oihguv_sucks_b3.prt...Building visibility clusters...
done (1)
*** Error: Skybox vtf files for skybox/sky_yuki_01 weren't compiled with the same size texture and/or same flags!
Can't load skybox file skybox/sky_yuki_01 to build the default cubemap!
*** Error: Skybox vtf files for skybox/sky_yuki_01 weren't compiled with the same size texture and/or same flags!
Can't load skybox file skybox/sky_yuki_01 to build the default cubemap!
Finding displacement neighbors...
Found a displacement edge abutting multiple other edges.
Finding lightmap sample positions...
Displacement Alpha : 0...1...2...3...4...5...6...7...8...9...10
Building Physics collision data...
WARNING: Map using power 4 displacements, terrain physics cannot be compressed, map will need additional memory and CPU.
done (2) (8340830 bytes)
Placing detail props : 0...1...2...3...4...5...6...7...8...9..Material NATURE/BLENDGROUNDTOGRASS008 uses unknown detail object type tf_forest_grass!
Material NATURE/BLENDGROUNDTOGRASS008 uses unknown detail object type tf_forest_grass!
Material NATURE/BLENDGROUNDTOGRASS008 uses unknown detail object type tf_forest_grass!
Material NATURE/BLENDGROUNDTOGRASS008 uses unknown detail object type tf_forest_grass!
.10
Compacting texture/material tables...
Reduced 10508 texinfos to 6914
Reduced 149 texdatas to 131 (3591 bytes to 2836)
Writing D:\oihguv\mge_oihguv_sucks_b3.bsp
Wrote ZIP buffer, estimated size 5935, actual size 4649
11 seconds elapsed

================== VVIS ==================




12 threads
reading d:\oihguv\mge_oihguv_sucks_b3.bsp
reading d:\oihguv\mge_oihguv_sucks_b3.prt
6540 portalclusters
21933 numportals
0...1...2...3...4...5...6...7...8...9...100...1...2...3...4...5...6...7...8...9...10Optimized: 12792 visible clusters (0.51%)
Total clusters visible: 2522777
Average clusters visible: 385
Building PAS...
Average clusters audible: 680
visdatasize:1331802  compressed from 10777920
writing d:\oihguv\mge_oihguv_sucks_b3.bsp
1 hour, 16 minutes, 51 seconds elapsed

================== VRAD ==================




[Reading texlights from 'lights.rad']
[56 texlights parsed from 'lights.rad']

Loading d:\oihguv\mge_oihguv_sucks_b3.bsp
23196 faces
22 degenerate faces
10456166 square feet [1505687936.00 square inches]
961 Displacements
482964 Square Feet [69546832.00 Square Inches]
23174 patches before subdivision
zero area child patch
zero area child patch
296404 patches after subdivision
103 direct lights
0...1...2...3...4...5...6...7...8...9...100...1...2...3...4...5...6...7...8...9...10transfers 28360921, max 1148
transfer lists: 216.4 megs
0...1...2...3...4...5...6...7...8...9...10	Bounce #1 added RGB(873361, 503365, 586946)
0...1...2...3...4...5...6...7...8...9...10	Bounce #2 added RGB(115890, 60802, 61909)
0...1...2...3...4...5...6...7...8...9...10	Bounce #3 added RGB(22710, 10631, 9776)
0...1...2...3...4...5...6...7...8...9...10	Bounce #4 added RGB(4808, 2111, 1805)
0...1...2...3...4...5...6...7...8...9...10	Bounce #5 added RGB(1122, 461, 363)
0...1...2...3...4...5...6...7...8...9...10	Bounce #6 added RGB(275, 109, 78)
0...1...2...3...4...5...6...7...8...9...10	Bounce #7 added RGB(72, 28, 18)
0...1...2...3...4...5...6...7...8...9...10	Bounce #8 added RGB(20, 8, 4)
0...1...2...3...4...5...6...7...8...9...10	Bounce #9 added RGB(6, 2, 1)
0...1...2...3...4...5...6...7...8...9...10	Bounce #10 added RGB(2, 1, 0)
0...1...2...3...4...5...6...7...8...9...10	Bounce #11 added RGB(1, 0, 0)
Build Patch/Sample Hash Table(s).....Done<0.0826 sec>
0...1...2...3...4...5...6...7...8...9...10FinalLightFace Done
Computing detail prop lighting : 0...1...2...3...4...5...6...7...8...9...10
0 of 0 (0% of) surface lights went in leaf ambient cubes.
0...1...2...3...4...5...6...7...8...9...10Writing leaf ambient...done
Ready to Finish

Object names       Objects/Maxobjs  Memory / Maxmem  Fullness 
------------       ---------------  ---------------  -------- 
models                  56/1024         2688/49152    ( 5.5%) 
brushes               5304/8192        63648/98304    (64.7%) 
brushsides           42929/65536      343432/524288   (65.5%) 
planes               33160/65536      663200/1310720  (50.6%) 
vertexes             45628/65536      547536/786432   (69.6%) 
nodes                12636/65536      404352/2097152  (19.3%) 
texinfos              6914/12288      497808/884736   (56.3%) 
texdata                131/2048         4192/65536    ( 6.4%) 
dispinfos              961/0          169136/0        ( 0.0%) 
disp_verts           38249/0          764980/0        ( 0.0%) 
disp_tris            55712/0          111424/0        ( 0.0%) 
disp_lmsamples     1301664/0         1301664/0        ( 0.0%) 
faces                23196/65536     1298976/3670016  (35.4%) 
hdr faces                0/65536           0/3670016  ( 0.0%) 
origfaces            14116/65536      790496/3670016  (21.5%) 
leaves               12693/65536      406176/2097152  (19.4%) 
leaffaces            29614/65536       59228/131072   (45.2%) 
leafbrushes          15545/65536       31090/131072   (23.7%) 
areas                   32/256           256/2048     (12.5%) 
surfedges           169536/512000     678144/2048000  (33.1%) 
edges               104763/256000     419052/1024000  (40.9%) 
LDR worldlights        103/8192         9064/720896   ( 1.3%) 
HDR worldlights          0/8192            0/720896   ( 0.0%) 
leafwaterdata            0/32768           0/393216   ( 0.0%) 
waterstrips           2826/32768       28260/327680   ( 8.6%) 
waterverts               0/65536           0/786432   ( 0.0%) 
waterindices         51924/65536      103848/131072   (79.2%) 
cubemapsamples           0/1024            0/16384    ( 0.0%) 
overlays                 0/512             0/180224   ( 0.0%) 
LDR lightdata         [variable]    14280316/0        ( 0.0%) 
HDR lightdata         [variable]           0/0        ( 0.0%) 
visdata               [variable]     1331802/16777216 ( 7.9%) 
entdata               [variable]       59185/393216   (15.1%) 
LDR ambient table    12693/65536       50772/262144   (19.4%) 
HDR ambient table    12693/65536       50772/262144   (19.4%) 
LDR leaf ambient     64204/65536     1797712/1835008  (98.0%) VERY FULL!
HDR leaf ambient     12693/65536      355404/1835008  (19.4%) 
occluders                0/0               0/0        ( 0.0%) 
occluder polygons        0/0               0/0        ( 0.0%) 
occluder vert ind        0/0               0/0        ( 0.0%) 
detail props          [variable]           1/6724     ( 0.0%) 
dtl prp lght          [variable]           1/4        (25.0%) 
HDR dtl prp lght      [variable]           1/4        (25.0%) 
static props          [variable]           1/77762    ( 0.0%) 
pakfile               [variable]        4649/0        ( 0.0%) 
physics               [variable]     8340830/4194304  (198.9%) VERY FULL!
physics terrain       [variable]           0/1048576  ( 0.0%) 

Level flags = 0

Total triangle count: 66510
Writing d:\oihguv\mge_oihguv_sucks_b3.bsp
7 minutes, 56 seconds elapsed



[Reading texlights from 'lights.rad']
[56 texlights parsed from 'lights.rad']

Loading d:\oihguv\mge_oihguv_sucks_b3.bsp
23196 faces
22 degenerate faces
10456166 square feet [1505687936.00 square inches]
961 Displacements
482964 Square Feet [69546832.00 Square Inches]
23174 patches before subdivision
zero area child patch
zero area child patch
296404 patches after subdivision
103 direct lights
0...1...2...3...4...5...6...7...8...9...100...1...2...3...4...5...6...7...8...9...10transfers 28360921, max 1148
transfer lists: 216.4 megs
0...1...2...3...4...5...6...7...8...9...10	Bounce #1 added RGB(871183, 502411, 586503)
0...1...2...3...4...5...6...7...8...9...10	Bounce #2 added RGB(115697, 60734, 61878)
0...1...2...3...4...5...6...7...8...9...10	Bounce #3 added RGB(22686, 10625, 9773)
0...1...2...3...4...5...6...7...8...9...10	Bounce #4 added RGB(4805, 2110, 1805)
0...1...2...3...4...5...6...7...8...9...10	Bounce #5 added RGB(1122, 461, 363)
0...1...2...3...4...5...6...7...8...9...10	Bounce #6 added RGB(275, 109, 78)
0...1...2...3...4...5...6...7...8...9...10	Bounce #7 added RGB(72, 28, 18)
0...1...2...3...4...5...6...7...8...9...10	Bounce #8 added RGB(20, 8, 4)
0...1...2...3...4...5...6...7...8...9...10	Bounce #9 added RGB(6, 2, 1)
0...1...2...3...4...5...6...7...8...9...10	Bounce #10 added RGB(2, 1, 0)
0...1...2...3...4...5...6...7...8...9...10	Bounce #11 added RGB(1, 0, 0)
Build Patch/Sample Hash Table(s).....Done<0.0859 sec>
0...1...2...3...4...5...6...7...8...9...10FinalLightFace Done
Computing detail prop lighting : 0...1...2...3...4...5...6...7...8...9...10
0 of 0 (0% of) surface lights went in leaf ambient cubes.
0...1...2...3...4...5...6...7...8...9...10Writing leaf ambient...done
Ready to Finish

Object names       Objects/Maxobjs  Memory / Maxmem  Fullness 
------------       ---------------  ---------------  -------- 
models                  56/1024         2688/49152    ( 5.5%) 
brushes               5304/8192        63648/98304    (64.7%) 
brushsides           42929/65536      343432/524288   (65.5%) 
planes               33160/65536      663200/1310720  (50.6%) 
vertexes             45628/65536      547536/786432   (69.6%) 
nodes                12636/65536      404352/2097152  (19.3%) 
texinfos              6914/12288      497808/884736   (56.3%) 
texdata                131/2048         4192/65536    ( 6.4%) 
dispinfos              961/0          169136/0        ( 0.0%) 
disp_verts           38249/0          764980/0        ( 0.0%) 
disp_tris            55712/0          111424/0        ( 0.0%) 
disp_lmsamples     1301664/0         1301664/0        ( 0.0%) 
faces                23196/65536     1298976/3670016  (35.4%) 
hdr faces            23196/65536     1298976/3670016  (35.4%) 
origfaces            14116/65536      790496/3670016  (21.5%) 
leaves               12693/65536      406176/2097152  (19.4%) 
leaffaces            29614/65536       59228/131072   (45.2%) 
leafbrushes          15545/65536       31090/131072   (23.7%) 
areas                   32/256           256/2048     (12.5%) 
surfedges           169536/512000     678144/2048000  (33.1%) 
edges               104763/256000     419052/1024000  (40.9%) 
LDR worldlights        103/8192         9064/720896   ( 1.3%) 
HDR worldlights        103/8192         9064/720896   ( 1.3%) 
leafwaterdata            0/32768           0/393216   ( 0.0%) 
waterstrips           2826/32768       28260/327680   ( 8.6%) 
waterverts               0/65536           0/786432   ( 0.0%) 
waterindices         51924/65536      103848/131072   (79.2%) 
cubemapsamples           0/1024            0/16384    ( 0.0%) 
overlays                 0/512             0/180224   ( 0.0%) 
LDR lightdata         [variable]    14280316/0        ( 0.0%) 
HDR lightdata         [variable]    14280316/0        ( 0.0%) 
visdata               [variable]     1331802/16777216 ( 7.9%) 
entdata               [variable]       59185/393216   (15.1%) 
LDR ambient table    12693/65536       50772/262144   (19.4%) 
HDR ambient table    12693/65536       50772/262144   (19.4%) 
LDR leaf ambient     64204/65536     1797712/1835008  (98.0%) VERY FULL!
HDR leaf ambient     64221/65536     1798188/1835008  (98.0%) VERY FULL!
occluders                0/0               0/0        ( 0.0%) 
occluder polygons        0/0               0/0        ( 0.0%) 
occluder vert ind        0/0               0/0        ( 0.0%) 
detail props          [variable]           1/6724     ( 0.0%) 
dtl prp lght          [variable]           1/4        (25.0%) 
HDR dtl prp lght      [variable]           1/4        (25.0%) 
static props          [variable]           1/77762    ( 0.0%) 
pakfile               [variable]        4649/0        ( 0.0%) 
physics               [variable]     8340830/4194304  (198.9%) VERY FULL!
physics terrain       [variable]           0/1048576  ( 0.0%) 

Level flags = 0

Total triangle count: 66510
Writing d:\oihguv\mge_oihguv_sucks_b3.bsp
7 minutes, 55 seconds elapsed
