================== VBSP ==================



materialPath: C:\Program Files (x86)\Steam\steamapps\common\Source SDK Base 2013 Multiplayer\customConfig_tf2\materials
Loading D:\oihguv\mge_oihguv_sucks_b3_fix4.vmf
ConVarRef mat_reduceparticles doesn't point to an existing ConVar
Could not locate GameData file tf2_ficool2_lite.fgd
Patching WVT material: maps/mge_oihguv_sucks_b3_fix4/nature/blendrockground007_wvt_patch
Patching WVT material: maps/mge_oihguv_sucks_b3_fix4/brick/blendcobbletocobblesnow001_wvt_patch
Patching WVT material: maps/mge_oihguv_sucks_b3_fix4/nature/blendgroundtograss001_wvt_patch
fixing up env_cubemap materials on brush sides...
0...1...2...3...4...5...6...7...8...9...100...1...2...3...4...5...6...7...8...9...10Processing areas...done (0)
Building Faces...done (0)
Chop Details...done (0)
Find Visible Detail Sides...
Merged 1442 detail faces...done (1)
Merging details...done (0)
FixTjuncs...
PruneNodes...
WriteBSP...
done (0)
writing D:\oihguv\mge_oihguv_sucks_b3_fix4.prt...Building visibility clusters...
done (0)
*** Error: Skybox vtf files for skybox/sky_yuki_01 weren't compiled with the same size texture and/or same flags!
Can't load skybox file skybox/sky_yuki_01 to build the default cubemap!
*** Error: Skybox vtf files for skybox/sky_yuki_01 weren't compiled with the same size texture and/or same flags!
Can't load skybox file skybox/sky_yuki_01 to build the default cubemap!
Finding displacement neighbors...
Finding lightmap sample positions...
Displacement Alpha : 0...1...2...3...4...5...6...7...8...9...10
Building Physics collision data...
done (1) (350017 bytes)
Placing detail props : 0...1...2...3...4...5...6...7...8...9...10
Compacting texture/material tables...
Reduced 2577 texinfos to 1751
Reduced 62 texdatas to 55 (1447 bytes to 1153)
Writing D:\oihguv\mge_oihguv_sucks_b3_fix4.bsp
MSG_FILEWRITE - Filesystem was asked to write to 'D:\oihguv\mge_oihguv_sucks_b3_fix4.bsp', but we don't own that location. Allowing.
Wrote ZIP buffer, estimated size 2327, actual size 1845
3 seconds elapsed

================== VVIS ==================




12 threads
reading d:\oihguv\mge_oihguv_sucks_b3_fix4.bsp
reading d:\oihguv\mge_oihguv_sucks_b3_fix4.prt
 797 portalclusters
3119 numportals
0...1...2...3...4...5...6...7...8...9...10Optimized: 10534 visible clusters (2.83%)
Total clusters visible: 372341
Average clusters visible: 467
Building PAS...
Average clusters audible: 505
visdatasize:111939  compressed from 165776
writing d:\oihguv\mge_oihguv_sucks_b3_fix4.bsp
MSG_FILEWRITE - Filesystem was asked to write to 'd:\oihguv\mge_oihguv_sucks_b3_fix4.bsp', but we don't own that location. Allowing.
0 seconds elapsed

================== VRAD ==================




[Reading texlights from 'lights.rad']
[56 texlights parsed from 'lights.rad']

Loading d:\oihguv\mge_oihguv_sucks_b3_fix4.bsp
4699 faces
4 degenerate faces
939633 square feet [135307200.00 square inches]
148 Displacements
58383 Square Feet [8407201.00 Square Inches]
4695 patches before subdivision
zero area child patch
zero area child patch
zero area child patch
zero area child patch
65065 patches after subdivision
41 direct lights
0...1...2...3...4...5...6...7...8...9...100...1...2...3...4...5...6...7...8...9...10transfers 5291944, max 684
transfer lists:  40.4 megs
0...1...2...3...4...5...6...7...8...9...10	Bounce #1 added RGB(178490, 101951, 99807)
0...1...2...3...4...5...6...7...8...9...10	Bounce #2 added RGB(29694, 14125, 11848)
0...1...2...3...4...5...6...7...8...9...10	Bounce #3 added RGB(5761, 2128, 1429)
0...1...2...3...4...5...6...7...8...9...10	Bounce #4 added RGB(1073, 327, 189)
0...1...2...3...4...5...6...7...8...9...10	Bounce #5 added RGB(219, 53, 26)
0...1...2...3...4...5...6...7...8...9...10	Bounce #6 added RGB(43, 9, 4)
0...1...2...3...4...5...6...7...8...9...10	Bounce #7 added RGB(9, 1, 1)
0...1...2...3...4...5...6...7...8...9...10	Bounce #8 added RGB(2, 0, 0)
0...1...2...3...4...5...6...7...8...9...10	Bounce #9 added RGB(0, 0, 0)
Build Patch/Sample Hash Table(s).....Done<0.0157 sec>
0...1...2...3...4...5...6...7...8...9...10FinalLightFace Done
Computing detail prop lighting : 0...1...2...3...4...5...6...7...8...9...10
0 of 0 (0% of) surface lights went in leaf ambient cubes.
0...1...2...3...4...5...6...7...8...9...10Writing leaf ambient...done
Ready to Finish

Object names       Objects/Maxobjs  Memory / Maxmem  Fullness 
------------       ---------------  ---------------  -------- 
models                   4/1024          192/49152    ( 0.4%) 
brushes                955/8192        11460/98304    (11.7%) 
brushsides            7892/65536       63136/524288   (12.0%) 
planes                8756/65536      175120/1310720  (13.4%) 
vertexes             11127/65536      133524/786432   (17.0%) 
nodes                 1520/65536       48640/2097152  ( 2.3%) 
texinfos              1751/12288      126072/884736   (14.2%) 
texdata                 55/2048         1760/65536    ( 2.7%) 
dispinfos              148/0           26048/0        ( 0.0%) 
disp_verts            6556/0          131120/0        ( 0.0%) 
disp_tris             9632/0           19264/0        ( 0.0%) 
disp_lmsamples      186680/0          186680/0        ( 0.0%) 
faces                 4699/65536      263144/3670016  ( 7.2%) 
hdr faces                0/65536           0/3670016  ( 0.0%) 
origfaces             2835/65536      158760/3670016  ( 4.3%) 
leaves                1525/65536       48800/2097152  ( 2.3%) 
leaffaces             7375/65536       14750/131072   (11.3%) 
leafbrushes           3238/65536        6476/131072   ( 4.9%) 
areas                    3/256            24/2048     ( 1.2%) 
surfedges            35780/512000     143120/2048000  ( 7.0%) 
edges                22870/256000      91480/1024000  ( 8.9%) 
LDR worldlights         41/8192         3608/720896   ( 0.5%) 
HDR worldlights          0/8192            0/720896   ( 0.0%) 
leafwaterdata            0/32768           0/393216   ( 0.0%) 
waterstrips            841/32768        8410/327680   ( 2.6%) 
waterverts               0/65536           0/786432   ( 0.0%) 
waterindices         15834/65536       31668/131072   (24.2%) 
cubemapsamples           0/1024            0/16384    ( 0.0%) 
overlays                 0/512             0/180224   ( 0.0%) 
LDR lightdata         [variable]     2572864/0        ( 0.0%) 
HDR lightdata         [variable]           0/0        ( 0.0%) 
visdata               [variable]      111939/16777216 ( 0.7%) 
entdata               [variable]       16835/393216   ( 4.3%) 
LDR ambient table     1525/65536        6100/262144   ( 2.3%) 
HDR ambient table     1525/65536        6100/262144   ( 2.3%) 
LDR leaf ambient      7712/65536      215936/1835008  (11.8%) 
HDR leaf ambient      1525/65536       42700/1835008  ( 2.3%) 
occluders                0/0               0/0        ( 0.0%) 
occluder polygons        0/0               0/0        ( 0.0%) 
occluder vert ind        0/0               0/0        ( 0.0%) 
detail props          [variable]           1/137276   ( 0.0%) 
dtl prp lght          [variable]           1/4        (25.0%) 
HDR dtl prp lght      [variable]           1/4        (25.0%) 
static props          [variable]           1/17926    ( 0.0%) 
pakfile               [variable]        1845/0        ( 0.0%) 
physics               [variable]      350017/4194304  ( 8.3%) 
physics terrain       [variable]       32290/1048576  ( 3.1%) 

Level flags = 0

Total triangle count: 14961
Writing d:\oihguv\mge_oihguv_sucks_b3_fix4.bsp
28 seconds elapsed



[Reading texlights from 'lights.rad']
[56 texlights parsed from 'lights.rad']

Loading d:\oihguv\mge_oihguv_sucks_b3_fix4.bsp
4699 faces
4 degenerate faces
939633 square feet [135307200.00 square inches]
148 Displacements
58383 Square Feet [8407201.00 Square Inches]
4695 patches before subdivision
zero area child patch
zero area child patch
zero area child patch
zero area child patch
65065 patches after subdivision
41 direct lights
0...1...2...3...4...5...6...7...8...9...100...1...2...3...4...5...6...7...8...9...10transfers 5291944, max 684
transfer lists:  40.4 megs
0...1...2...3...4...5...6...7...8...9...10	Bounce #1 added RGB(178489, 101955, 99810)
0...1...2...3...4...5...6...7...8...9...10	Bounce #2 added RGB(29697, 14127, 11849)
0...1...2...3...4...5...6...7...8...9...10	Bounce #3 added RGB(5761, 2129, 1429)
0...1...2...3...4...5...6...7...8...9...10	Bounce #4 added RGB(1073, 327, 189)
0...1...2...3...4...5...6...7...8...9...10	Bounce #5 added RGB(219, 53, 26)
0...1...2...3...4...5...6...7...8...9...10	Bounce #6 added RGB(43, 9, 4)
0...1...2...3...4...5...6...7...8...9...10	Bounce #7 added RGB(9, 1, 1)
0...1...2...3...4...5...6...7...8...9...10	Bounce #8 added RGB(2, 0, 0)
0...1...2...3...4...5...6...7...8...9...10	Bounce #9 added RGB(0, 0, 0)
Build Patch/Sample Hash Table(s).....Done<0.0160 sec>
0...1...2...3...4...5...6...7...8...9...10FinalLightFace Done
Computing detail prop lighting : 0...1...2...3...4...5...6...7...8...9...10
0 of 0 (0% of) surface lights went in leaf ambient cubes.
0...1...2...3...4...5...6...7...8...9...10Writing leaf ambient...done
Ready to Finish

Object names       Objects/Maxobjs  Memory / Maxmem  Fullness 
------------       ---------------  ---------------  -------- 
models                   4/1024          192/49152    ( 0.4%) 
brushes                955/8192        11460/98304    (11.7%) 
brushsides            7892/65536       63136/524288   (12.0%) 
planes                8756/65536      175120/1310720  (13.4%) 
vertexes             11127/65536      133524/786432   (17.0%) 
nodes                 1520/65536       48640/2097152  ( 2.3%) 
texinfos              1751/12288      126072/884736   (14.2%) 
texdata                 55/2048         1760/65536    ( 2.7%) 
dispinfos              148/0           26048/0        ( 0.0%) 
disp_verts            6556/0          131120/0        ( 0.0%) 
disp_tris             9632/0           19264/0        ( 0.0%) 
disp_lmsamples      186680/0          186680/0        ( 0.0%) 
faces                 4699/65536      263144/3670016  ( 7.2%) 
hdr faces             4699/65536      263144/3670016  ( 7.2%) 
origfaces             2835/65536      158760/3670016  ( 4.3%) 
leaves                1525/65536       48800/2097152  ( 2.3%) 
leaffaces             7375/65536       14750/131072   (11.3%) 
leafbrushes           3238/65536        6476/131072   ( 4.9%) 
areas                    3/256            24/2048     ( 1.2%) 
surfedges            35780/512000     143120/2048000  ( 7.0%) 
edges                22870/256000      91480/1024000  ( 8.9%) 
LDR worldlights         41/8192         3608/720896   ( 0.5%) 
HDR worldlights         41/8192         3608/720896   ( 0.5%) 
leafwaterdata            0/32768           0/393216   ( 0.0%) 
waterstrips            841/32768        8410/327680   ( 2.6%) 
waterverts               0/65536           0/786432   ( 0.0%) 
waterindices         15834/65536       31668/131072   (24.2%) 
cubemapsamples           0/1024            0/16384    ( 0.0%) 
overlays                 0/512             0/180224   ( 0.0%) 
LDR lightdata         [variable]     2572864/0        ( 0.0%) 
HDR lightdata         [variable]     2572864/0        ( 0.0%) 
visdata               [variable]      111939/16777216 ( 0.7%) 
entdata               [variable]       16835/393216   ( 4.3%) 
LDR ambient table     1525/65536        6100/262144   ( 2.3%) 
HDR ambient table     1525/65536        6100/262144   ( 2.3%) 
LDR leaf ambient      7712/65536      215936/1835008  (11.8%) 
HDR leaf ambient      7715/65536      216020/1835008  (11.8%) 
occluders                0/0               0/0        ( 0.0%) 
occluder polygons        0/0               0/0        ( 0.0%) 
occluder vert ind        0/0               0/0        ( 0.0%) 
detail props          [variable]           1/137276   ( 0.0%) 
dtl prp lght          [variable]           1/4        (25.0%) 
HDR dtl prp lght      [variable]           1/4        (25.0%) 
static props          [variable]           1/17926    ( 0.0%) 
pakfile               [variable]        1845/0        ( 0.0%) 
physics               [variable]      350017/4194304  ( 8.3%) 
physics terrain       [variable]       32290/1048576  ( 3.1%) 

Level flags = 0

Total triangle count: 14961
Writing d:\oihguv\mge_oihguv_sucks_b3_fix4.bsp
28 seconds elapsed
