


materialPath: C:\Program Files (x86)\Steam\steamapps\common\Source SDK Base 2013 Multiplayer\customConfig_tf2\materials
Loading D:\oihguv\mge_oihguv_sucks_2_9.vmf
ConVarRef mat_reduceparticles doesn't point to an existing ConVar
Could not locate GameData file tf2_ficool2_lite.fgd
Patching WVT material: maps/mge_oihguv_sucks_2_9/winter/blendgrasstograss002_wvt_patch
Patching WVT material: maps/mge_oihguv_sucks_2_9/nature/blendrockground007_wvt_patch
Patching WVT material: maps/mge_oihguv_sucks_2_9/nature/blendgroundtograss007_nodetail_wvt_patch
Patching WVT material: maps/mge_oihguv_sucks_2_9/nature/blendrockgroundwallforest_wvt_patch
Patching WVT material: maps/mge_oihguv_sucks_2_9/nature/blendgroundtograss008_nodetail_wvt_patch
Patching WVT material: maps/mge_oihguv_sucks_2_9/nature/blendgroundtograss008_wvt_patch
Patching WVT material: maps/mge_oihguv_sucks_2_9/brick/blendcobbletocobblesnow001_wvt_patch
Patching WVT material: maps/mge_oihguv_sucks_2_9/nature/blendgroundtograss001_wvt_patch
Patching WVT material: maps/mge_oihguv_sucks_2_9/nature/blendgroundtograss005_wvt_patch
fixing up env_cubemap materials on brush sides...
0...1...2...3...4...5...6...7...8...9...100...1...2...3...4...5...6...7...8...9...10Processing areas...done (0)
Building Faces...done (0)
Chop Details...done (0)
Find Visible Detail Sides...
Merged 2342 detail faces...done (0)
Merging details...done (0)
FixTjuncs...
PruneNodes...
WriteBSP...
done (2)
writing D:\oihguv\mge_oihguv_sucks_2_9.prt...Building visibility clusters...
done (0)
*** Error: Skybox vtf files for skybox/sky_yuki_01 weren't compiled with the same size texture and/or same flags!
Can't load skybox file skybox/sky_yuki_01 to build the default cubemap!
*** Error: Skybox vtf files for skybox/sky_yuki_01 weren't compiled with the same size texture and/or same flags!
Can't load skybox file skybox/sky_yuki_01 to build the default cubemap!
Finding displacement neighbors...
Found a displacement edge abutting multiple other edges.
Finding lightmap sample positions...
Displacement Alpha : 0...1...2...3...4...5...6...7...8...9...10
Building Physics collision data...
WARNING: Map using power 4 displacements, terrain physics cannot be compressed, map will need additional memory and CPU.
done (1) (7616829 bytes)
Placing detail props : 0...1...2...3...4...5...6...7...8...9..Material NATURE/BLENDGROUNDTOGRASS008 uses unknown detail object type tf_forest_grass!
Material NATURE/BLENDGROUNDTOGRASS008 uses unknown detail object type tf_forest_grass!
Material NATURE/BLENDGROUNDTOGRASS008 uses unknown detail object type tf_forest_grass!
Material NATURE/BLENDGROUNDTOGRASS008 uses unknown detail object type tf_forest_grass!
.10
Compacting texture/material tables...
Reduced 10442 texinfos to 6893
Reduced 150 texdatas to 132 (3602 bytes to 2839)
Writing D:\oihguv\mge_oihguv_sucks_2_9.bsp
Wrote ZIP buffer, estimated size 5956, actual size 4670
9 seconds elapsed



12 threads
reading d:\oihguv\mge_oihguv_sucks_2_9.bsp
reading d:\oihguv\mge_oihguv_sucks_2_9.prt
6175 portalclusters
20855 numportals
0...1...2...3...4...5...6...7...8...9...10Optimized: 142154 visible clusters (3.73%)
Total clusters visible: 3806442
Average clusters visible: 616
Building PAS...
Average clusters audible: 718
visdatasize:1321901  compressed from 9583600
writing d:\oihguv\mge_oihguv_sucks_2_9.bsp
5 seconds elapsed



[Reading texlights from 'lights.rad']
[56 texlights parsed from 'lights.rad']

Loading d:\oihguv\mge_oihguv_sucks_2_9.bsp
21330 faces
18 degenerate faces
9784568 square feet [1408977792.00 square inches]
847 Displacements
440331 Square Feet [63407756.00 Square Inches]
21312 patches before subdivision
zero area child patch
zero area child patch
248680 patches after subdivision
103 direct lights
0...1...2...3...4...5...6...7...8...9...100...1...2...3...4...5...6...7...8...9...10transfers 22589499, max 1148
transfer lists: 172.3 megs
0...1...2...3...4...5...6...7...8...9...10	Bounce #1 added RGB(721255, 415268, 462242)
0...1...2...3...4...5...6...7...8...9...10	Bounce #2 added RGB(113380, 60011, 61079)
0...1...2...3...4...5...6...7...8...9...10	Bounce #3 added RGB(22355, 10595, 9791)
0...1...2...3...4...5...6...7...8...9...10	Bounce #4 added RGB(4773, 2115, 1816)
0...1...2...3...4...5...6...7...8...9...10	Bounce #5 added RGB(1112, 462, 365)
0...1...2...3...4...5...6...7...8...9...10	Bounce #6 added RGB(273, 109, 79)
0...1...2...3...4...5...6...7...8...9...10	Bounce #7 added RGB(72, 28, 18)
0...1...2...3...4...5...6...7...8...9...10	Bounce #8 added RGB(20, 8, 4)
0...1...2...3...4...5...6...7...8...9...10	Bounce #9 added RGB(6, 2, 1)
0...1...2...3...4...5...6...7...8...9...10	Bounce #10 added RGB(2, 1, 0)
0...1...2...3...4...5...6...7...8...9...10	Bounce #11 added RGB(1, 0, 0)
Build Patch/Sample Hash Table(s).....Done<0.0682 sec>
0...1...2...3...4...5...6...7...8...9...10FinalLightFace Done
Computing detail prop lighting : 0...1...2...3...4...5...6...7...8...9...10
0 of 0 (0% of) surface lights went in leaf ambient cubes.
0...1...2...3...4...5...6...7...8...9...10Writing leaf ambient...done
Ready to Finish

Object names       Objects/Maxobjs  Memory / Maxmem  Fullness 
------------       ---------------  ---------------  -------- 
models                  56/1024         2688/49152    ( 5.5%) 
brushes               4905/8192        58860/98304    (59.9%) 
brushsides           39426/65536      315408/524288   (60.2%) 
planes               29756/65536      595120/1310720  (45.4%) 
vertexes             42295/65536      507540/786432   (64.5%) 
nodes                12170/65536      389440/2097152  (18.6%) 
texinfos              6893/12288      496296/884736   (56.1%) 
texdata                132/2048         4224/65536    ( 6.4%) 
dispinfos              847/0          149072/0        ( 0.0%) 
disp_verts           34607/0          692140/0        ( 0.0%) 
disp_tris            50624/0          101248/0        ( 0.0%) 
disp_lmsamples     1178949/0         1178949/0        ( 0.0%) 
faces                21330/65536     1194480/3670016  (32.5%) 
hdr faces                0/65536           0/3670016  ( 0.0%) 
origfaces            13055/65536      731080/3670016  (19.9%) 
leaves               12227/65536      391264/2097152  (18.7%) 
leaffaces            26930/65536       53860/131072   (41.1%) 
leafbrushes          14575/65536       29150/131072   (22.2%) 
areas                   31/256           248/2048     (12.1%) 
surfedges           156292/512000     625168/2048000  (30.5%) 
edges                96514/256000     386056/1024000  (37.7%) 
LDR worldlights        103/8192         9064/720896   ( 1.3%) 
HDR worldlights          0/8192            0/720896   ( 0.0%) 
leafwaterdata            0/32768           0/393216   ( 0.0%) 
waterstrips           2621/32768       26210/327680   ( 8.0%) 
waterverts               0/65536           0/786432   ( 0.0%) 
waterindices         48186/65536       96372/131072   (73.5%) 
cubemapsamples           0/1024            0/16384    ( 0.0%) 
overlays                 0/512             0/180224   ( 0.0%) 
LDR lightdata         [variable]    12690596/0        ( 0.0%) 
HDR lightdata         [variable]           0/0        ( 0.0%) 
visdata               [variable]     1321901/16777216 ( 7.9%) 
entdata               [variable]       59011/393216   (15.0%) 
LDR ambient table    12227/65536       48908/262144   (18.7%) 
HDR ambient table    12227/65536       48908/262144   (18.7%) 
LDR leaf ambient     61417/65536     1719676/1835008  (93.7%) VERY FULL!
HDR leaf ambient     12227/65536      342356/1835008  (18.7%) 
occluders                0/0               0/0        ( 0.0%) 
occluder polygons        0/0               0/0        ( 0.0%) 
occluder vert ind        0/0               0/0        ( 0.0%) 
detail props          [variable]           1/6724     ( 0.0%) 
dtl prp lght          [variable]           1/4        (25.0%) 
HDR dtl prp lght      [variable]           1/4        (25.0%) 
static props          [variable]           1/73084    ( 0.0%) 
pakfile               [variable]        4670/0        ( 0.0%) 
physics               [variable]     7616829/4194304  (181.6%) VERY FULL!
physics terrain       [variable]           0/1048576  ( 0.0%) 

Level flags = 0

Total triangle count: 61242
Writing d:\oihguv\mge_oihguv_sucks_2_9.bsp
1 minute, 51 seconds elapsed
