================== VBSP ==================



materialPath: C:\Program Files (x86)\Steam\steamapps\common\Source SDK Base 2013 Multiplayer\customConfig_tf2\materials
Loading D:\oihguv\mge_oihguv_sucks_2andahalf.vmf
ConVarRef mat_reduceparticles doesn't point to an existing ConVar
Could not locate GameData file tf2_ficool2_lite.fgd
Patching WVT material: maps/mge_oihguv_sucks_2andahalf/winter/blendgrasstograss002_wvt_patch
Patching WVT material: maps/mge_oihguv_sucks_2andahalf/nature/blendrockground007_wvt_patch
Patching WVT material: maps/mge_oihguv_sucks_2andahalf/nature/blendgroundtograss007_nodetail_wvt_patch
Patching WVT material: maps/mge_oihguv_sucks_2andahalf/nature/blendrockgroundwallforest_wvt_patch
Patching WVT material: maps/mge_oihguv_sucks_2andahalf/nature/blendgroundtograss008_nodetail_wvt_patch
Patching WVT material: maps/mge_oihguv_sucks_2andahalf/nature/blendgroundtograss008_wvt_patch
Patching WVT material: maps/mge_oihguv_sucks_2andahalf/brick/blendcobbletocobblesnow001_wvt_patch
Patching WVT material: maps/mge_oihguv_sucks_2andahalf/nature/blendgroundtograss001_wvt_patch
Patching WVT material: maps/mge_oihguv_sucks_2andahalf/nature/blendgroundtograss005_wvt_patch
fixing up env_cubemap materials on brush sides...
0...1...2...3...4...5...6...7...8...9...100...1...2...3...4...5...6...7...8...9...10Processing areas...done (0)
Building Faces...done (0)
Chop Details...done (0)
Find Visible Detail Sides...
Merged 2344 detail faces...done (0)
Merging details...done (1)
FixTjuncs...
PruneNodes...
WriteBSP...
done (1)
writing D:\oihguv\mge_oihguv_sucks_2andahalf.prt...Building visibility clusters...
done (1)
*** Error: Skybox vtf files for skybox/sky_yuki_01 weren't compiled with the same size texture and/or same flags!
Can't load skybox file skybox/sky_yuki_01 to build the default cubemap!
*** Error: Skybox vtf files for skybox/sky_yuki_01 weren't compiled with the same size texture and/or same flags!
Can't load skybox file skybox/sky_yuki_01 to build the default cubemap!
Finding displacement neighbors...
Found a displacement edge abutting multiple other edges.
Finding lightmap sample positions...
Displacement Alpha : 0...1...2...3...4...5...6...7...8...9...10
Building Physics collision data...
WARNING: Map using power 4 displacements, terrain physics cannot be compressed, map will need additional memory and CPU.
done (2) (7616621 bytes)
Placing detail props : 0...1...2...3...4...5...6...7...8...9..Material NATURE/BLENDGROUNDTOGRASS008 uses unknown detail object type tf_forest_grass!
Material NATURE/BLENDGROUNDTOGRASS008 uses unknown detail object type tf_forest_grass!
Material NATURE/BLENDGROUNDTOGRASS008 uses unknown detail object type tf_forest_grass!
Material NATURE/BLENDGROUNDTOGRASS008 uses unknown detail object type tf_forest_grass!
.10
Compacting texture/material tables...
Reduced 10402 texinfos to 6868
Reduced 150 texdatas to 132 (3662 bytes to 2851)
Writing D:\oihguv\mge_oihguv_sucks_2andahalf.bsp
Wrote ZIP buffer, estimated size 6082, actual size 4796
11 seconds elapsed

================== VVIS ==================




12 threads
reading d:\oihguv\mge_oihguv_sucks_2andahalf.bsp
reading d:\oihguv\mge_oihguv_sucks_2andahalf.prt
6182 portalclusters
20870 numportals
0...1...2...3...4...5...6...7...8...9...100...1...2...3...4...5...6...7...8...9...10Optimized: 12683 visible clusters (0.51%)
Total clusters visible: 2467914
Average clusters visible: 399
Building PAS...
Average clusters audible: 709
visdatasize:1274050  compressed from 9594464
writing d:\oihguv\mge_oihguv_sucks_2andahalf.bsp
1 hour, 9 minutes, 56 seconds elapsed

================== VRAD ==================




[Reading texlights from 'lights.rad']
[56 texlights parsed from 'lights.rad']

Loading d:\oihguv\mge_oihguv_sucks_2andahalf.bsp
21335 faces
19 degenerate faces
9784090 square feet [1408908928.00 square inches]
847 Displacements
440331 Square Feet [63407756.00 Square Inches]
21316 patches before subdivision
zero area child patch
zero area child patch
248830 patches after subdivision
103 direct lights
0...1...2...3...4...5...6...7...8...9...100...1...2...3...4...5...6...7...8...9...10transfers 22606599, max 1148
transfer lists: 172.5 megs
0...1...2...3...4...5...6...7...8...9...10	Bounce #1 added RGB(716957, 412445, 458913)
0...1...2...3...4...5...6...7...8...9...10	Bounce #2 added RGB(112733, 59669, 60737)
0...1...2...3...4...5...6...7...8...9...10	Bounce #3 added RGB(22229, 10538, 9741)
0...1...2...3...4...5...6...7...8...9...10	Bounce #4 added RGB(4745, 2104, 1807)
0...1...2...3...4...5...6...7...8...9...10	Bounce #5 added RGB(1105, 459, 363)
0...1...2...3...4...5...6...7...8...9...10	Bounce #6 added RGB(271, 108, 78)
0...1...2...3...4...5...6...7...8...9...10	Bounce #7 added RGB(71, 28, 18)
0...1...2...3...4...5...6...7...8...9...10	Bounce #8 added RGB(20, 8, 4)
0...1...2...3...4...5...6...7...8...9...10	Bounce #9 added RGB(6, 2, 1)
0...1...2...3...4...5...6...7...8...9...10	Bounce #10 added RGB(2, 1, 0)
0...1...2...3...4...5...6...7...8...9...10	Bounce #11 added RGB(1, 0, 0)
Build Patch/Sample Hash Table(s).....Done<0.0688 sec>
0...1...2...3...4...5...6...7...8...9...10FinalLightFace Done
Computing detail prop lighting : 0...1...2...3...4...5...6...7...8...9...10
0 of 0 (0% of) surface lights went in leaf ambient cubes.
0...1...2...3...4...5...6...7...8...9...10Writing leaf ambient...done
Ready to Finish

Object names       Objects/Maxobjs  Memory / Maxmem  Fullness 
------------       ---------------  ---------------  -------- 
models                  56/1024         2688/49152    ( 5.5%) 
brushes               4905/8192        58860/98304    (59.9%) 
brushsides           39430/65536      315440/524288   (60.2%) 
planes               29732/65536      594640/1310720  (45.4%) 
vertexes             42283/65536      507396/786432   (64.5%) 
nodes                12185/65536      389920/2097152  (18.6%) 
texinfos              6868/12288      494496/884736   (55.9%) 
texdata                132/2048         4224/65536    ( 6.4%) 
dispinfos              847/0          149072/0        ( 0.0%) 
disp_verts           34607/0          692140/0        ( 0.0%) 
disp_tris            50624/0          101248/0        ( 0.0%) 
disp_lmsamples     1178949/0         1178949/0        ( 0.0%) 
faces                21335/65536     1194760/3670016  (32.6%) 
hdr faces                0/65536           0/3670016  ( 0.0%) 
origfaces            13038/65536      730128/3670016  (19.9%) 
leaves               12242/65536      391744/2097152  (18.7%) 
leaffaces            26865/65536       53730/131072   (41.0%) 
leafbrushes          14578/65536       29156/131072   (22.2%) 
areas                   31/256           248/2048     (12.1%) 
surfedges           156155/512000     624620/2048000  (30.5%) 
edges                96429/256000     385716/1024000  (37.7%) 
LDR worldlights        103/8192         9064/720896   ( 1.3%) 
HDR worldlights          0/8192            0/720896   ( 0.0%) 
leafwaterdata            0/32768           0/393216   ( 0.0%) 
waterstrips           2592/32768       25920/327680   ( 7.9%) 
waterverts               0/65536           0/786432   ( 0.0%) 
waterindices         47475/65536       94950/131072   (72.4%) 
cubemapsamples           0/1024            0/16384    ( 0.0%) 
overlays                 0/512             0/180224   ( 0.0%) 
LDR lightdata         [variable]    12689184/0        ( 0.0%) 
HDR lightdata         [variable]           0/0        ( 0.0%) 
visdata               [variable]     1274050/16777216 ( 7.6%) 
entdata               [variable]       59011/393216   (15.0%) 
LDR ambient table    12242/65536       48968/262144   (18.7%) 
HDR ambient table    12242/65536       48968/262144   (18.7%) 
LDR leaf ambient     61357/65536     1717996/1835008  (93.6%) VERY FULL!
HDR leaf ambient     12242/65536      342776/1835008  (18.7%) 
occluders                0/0               0/0        ( 0.0%) 
occluder polygons        0/0               0/0        ( 0.0%) 
occluder vert ind        0/0               0/0        ( 0.0%) 
detail props          [variable]           1/6724     ( 0.0%) 
dtl prp lght          [variable]           1/4        (25.0%) 
HDR dtl prp lght      [variable]           1/4        (25.0%) 
static props          [variable]           1/73062    ( 0.0%) 
pakfile               [variable]        4796/0        ( 0.0%) 
physics               [variable]     7616621/4194304  (181.6%) VERY FULL!
physics terrain       [variable]           0/1048576  ( 0.0%) 

Level flags = 0

Total triangle count: 61163
Writing d:\oihguv\mge_oihguv_sucks_2andahalf.bsp
7 minutes, 4 seconds elapsed



[Reading texlights from 'lights.rad']
[56 texlights parsed from 'lights.rad']

Loading d:\oihguv\mge_oihguv_sucks_2andahalf.bsp
21335 faces
19 degenerate faces
9784090 square feet [1408908928.00 square inches]
847 Displacements
440331 Square Feet [63407756.00 Square Inches]
21316 patches before subdivision
zero area child patch
zero area child patch
248830 patches after subdivision
103 direct lights
0...1...2...3...4...5...6...7...8...9...100...1...2...3...4...5...6...7...8...9...10transfers 22606599, max 1148
transfer lists: 172.5 megs
0...1...2...3...4...5...6...7...8...9...10	Bounce #1 added RGB(711387, 408063, 454982)
0...1...2...3...4...5...6...7...8...9...10	Bounce #2 added RGB(111871, 59069, 60223)
0...1...2...3...4...5...6...7...8...9...10	Bounce #3 added RGB(22063, 10441, 9669)
0...1...2...3...4...5...6...7...8...9...10	Bounce #4 added RGB(4712, 2087, 1796)
0...1...2...3...4...5...6...7...8...9...10	Bounce #5 added RGB(1098, 456, 362)
0...1...2...3...4...5...6...7...8...9...10	Bounce #6 added RGB(270, 108, 78)
0...1...2...3...4...5...6...7...8...9...10	Bounce #7 added RGB(71, 28, 18)
0...1...2...3...4...5...6...7...8...9...10	Bounce #8 added RGB(20, 8, 4)
0...1...2...3...4...5...6...7...8...9...10	Bounce #9 added RGB(6, 2, 1)
0...1...2...3...4...5...6...7...8...9...10	Bounce #10 added RGB(2, 1, 0)
0...1...2...3...4...5...6...7...8...9...10	Bounce #11 added RGB(1, 0, 0)
Build Patch/Sample Hash Table(s).....Done<0.0709 sec>
0...1...2...3...4...5...6...7...8...9...10FinalLightFace Done
Computing detail prop lighting : 0...1...2...3...4...5...6...7...8...9...10
0 of 0 (0% of) surface lights went in leaf ambient cubes.
0...1...2...3...4...5...6...7...8...9...10Writing leaf ambient...done
Ready to Finish

Object names       Objects/Maxobjs  Memory / Maxmem  Fullness 
------------       ---------------  ---------------  -------- 
models                  56/1024         2688/49152    ( 5.5%) 
brushes               4905/8192        58860/98304    (59.9%) 
brushsides           39430/65536      315440/524288   (60.2%) 
planes               29732/65536      594640/1310720  (45.4%) 
vertexes             42283/65536      507396/786432   (64.5%) 
nodes                12185/65536      389920/2097152  (18.6%) 
texinfos              6868/12288      494496/884736   (55.9%) 
texdata                132/2048         4224/65536    ( 6.4%) 
dispinfos              847/0          149072/0        ( 0.0%) 
disp_verts           34607/0          692140/0        ( 0.0%) 
disp_tris            50624/0          101248/0        ( 0.0%) 
disp_lmsamples     1178949/0         1178949/0        ( 0.0%) 
faces                21335/65536     1194760/3670016  (32.6%) 
hdr faces            21335/65536     1194760/3670016  (32.6%) 
origfaces            13038/65536      730128/3670016  (19.9%) 
leaves               12242/65536      391744/2097152  (18.7%) 
leaffaces            26865/65536       53730/131072   (41.0%) 
leafbrushes          14578/65536       29156/131072   (22.2%) 
areas                   31/256           248/2048     (12.1%) 
surfedges           156155/512000     624620/2048000  (30.5%) 
edges                96429/256000     385716/1024000  (37.7%) 
LDR worldlights        103/8192         9064/720896   ( 1.3%) 
HDR worldlights        103/8192         9064/720896   ( 1.3%) 
leafwaterdata            0/32768           0/393216   ( 0.0%) 
waterstrips           2592/32768       25920/327680   ( 7.9%) 
waterverts               0/65536           0/786432   ( 0.0%) 
waterindices         47475/65536       94950/131072   (72.4%) 
cubemapsamples           0/1024            0/16384    ( 0.0%) 
overlays                 0/512             0/180224   ( 0.0%) 
LDR lightdata         [variable]    12689184/0        ( 0.0%) 
HDR lightdata         [variable]    12689184/0        ( 0.0%) 
visdata               [variable]     1274050/16777216 ( 7.6%) 
entdata               [variable]       59011/393216   (15.0%) 
LDR ambient table    12242/65536       48968/262144   (18.7%) 
HDR ambient table    12242/65536       48968/262144   (18.7%) 
LDR leaf ambient     61357/65536     1717996/1835008  (93.6%) VERY FULL!
HDR leaf ambient     61375/65536     1718500/1835008  (93.7%) VERY FULL!
occluders                0/0               0/0        ( 0.0%) 
occluder polygons        0/0               0/0        ( 0.0%) 
occluder vert ind        0/0               0/0        ( 0.0%) 
detail props          [variable]           1/6724     ( 0.0%) 
dtl prp lght          [variable]           1/4        (25.0%) 
HDR dtl prp lght      [variable]           1/4        (25.0%) 
static props          [variable]           1/73062    ( 0.0%) 
pakfile               [variable]        4796/0        ( 0.0%) 
physics               [variable]     7616621/4194304  (181.6%) VERY FULL!
physics terrain       [variable]           0/1048576  ( 0.0%) 

Level flags = 0

Total triangle count: 61163
Writing d:\oihguv\mge_oihguv_sucks_2andahalf.bsp
7 minutes, 1 second elapsed
