


materialPath: C:\Program Files (x86)\Steam\steamapps\common\Source SDK Base 2013 Multiplayer\customConfig_tf2\materials
Loading D:\oihguv\oihguv_b2_.vmf
ConVarRef mat_reduceparticles doesn't point to an existing ConVar
Could not locate GameData file tf2_ficool2_lite.fgd
Patching WVT material: maps/oihguv_b2_/winter/blendgrasstograss002_wvt_patch
Patching WVT material: maps/oihguv_b2_/nature/blendrockground007_wvt_patch
Patching WVT material: maps/oihguv_b2_/nature/blendgroundtograss007_nodetail_wvt_patch
Patching WVT material: maps/oihguv_b2_/nature/blendrockgroundwallforest_wvt_patch
Patching WVT material: maps/oihguv_b2_/nature/blendgroundtograss008_nodetail_wvt_patch
Patching WVT material: maps/oihguv_b2_/nature/blendgroundtograss008_wvt_patch
Patching WVT material: maps/oihguv_b2_/brick/blendcobbletocobblesnow001_wvt_patch
Patching WVT material: maps/oihguv_b2_/nature/blendgroundtograss001_wvt_patch
Patching WVT material: maps/oihguv_b2_/nature/blendgroundtograss005_wvt_patch
fixing up env_cubemap materials on brush sides...
0...1...2...3...4...5...6...7...8...9...10**** leaked ****
Entity info_observer_point (-1280.00 -10560.00 -472.64) leaked!

FindPortalSide: Couldn't find a good match for which brush to assign to a portal near (7168.0 2653.5 792.0)
Leaf 0 contents: 
Leaf 1 contents: CONTENTS_SOLID 
viscontents (node 0 contents ^ node 1 contents): CONTENTS_SOLID 
This means that none of the brushes in leaf 0 or 1 that touches the portal has CONTENTS_SOLID 
Check for a huge brush enclosing the coordinates above that has contents CONTENTS_SOLID 
Candidate brush IDs: 


FindPortalSide: Couldn't find a good match for which brush to assign to a portal near (7168.0 2141.5 2728.0)
Leaf 0 contents: 
Leaf 1 contents: CONTENTS_SOLID 
viscontents (node 0 contents ^ node 1 contents): CONTENTS_SOLID 
This means that none of the brushes in leaf 0 or 1 that touches the portal has CONTENTS_SOLID 
Check for a huge brush enclosing the coordinates above that has contents CONTENTS_SOLID 
Candidate brush IDs: 


FindPortalSide: Couldn't find a good match for which brush to assign to a portal near (7168.0 2141.5 784.0)
Leaf 0 contents: 
Leaf 1 contents: CONTENTS_SOLID 
viscontents (node 0 contents ^ node 1 contents): CONTENTS_SOLID 
This means that none of the brushes in leaf 0 or 1 that touches the portal has CONTENTS_SOLID 
Check for a huge brush enclosing the coordinates above that has contents CONTENTS_SOLID 
Candidate brush IDs: 


FindPortalSide: Couldn't find a good match for which brush to assign to a portal near (7168.0 2141.5 -1152.0)
Leaf 0 contents: 
Leaf 1 contents: CONTENTS_SOLID 
viscontents (node 0 contents ^ node 1 contents): CONTENTS_SOLID 
This means that none of the brushes in leaf 0 or 1 that touches the portal has CONTENTS_SOLID 
Check for a huge brush enclosing the coordinates above that has contents CONTENTS_SOLID 
Candidate brush IDs: 


FindPortalSide: Couldn't find a good match for which brush to assign to a portal near (6656.0 3072.0 792.0)
Leaf 0 contents: 
Leaf 1 contents: CONTENTS_SOLID 
viscontents (node 0 contents ^ node 1 contents): CONTENTS_SOLID 
This means that none of the brushes in leaf 0 or 1 that touches the portal has CONTENTS_SOLID 
Check for a huge brush enclosing the coordinates above that has contents CONTENTS_SOLID 
Candidate brush IDs: 


FindPortalSide: Couldn't find a good match for which brush to assign to a portal near (5632.0 3072.0 792.0)
Leaf 0 contents: 
Leaf 1 contents: CONTENTS_SOLID 
viscontents (node 0 contents ^ node 1 contents): CONTENTS_SOLID 
This means that none of the brushes in leaf 0 or 1 that touches the portal has CONTENTS_SOLID 
Check for a huge brush enclosing the coordinates above that has contents CONTENTS_SOLID 
Candidate brush IDs: 


FindPortalSide: Couldn't find a good match for which brush to assign to a portal near (7168.0 1536.0 792.0)
Leaf 0 contents: 
Leaf 1 contents: CONTENTS_SOLID 
viscontents (node 0 contents ^ node 1 contents): CONTENTS_SOLID 
This means that none of the brushes in leaf 0 or 1 that touches the portal has CONTENTS_SOLID 
Check for a huge brush enclosing the coordinates above that has contents CONTENTS_SOLID 
Candidate brush IDs: 


FindPortalSide: Couldn't find a good match for which brush to assign to a portal near (6656.0 0.0 792.0)
Leaf 0 contents: CONTENTS_SOLID 
Leaf 1 contents: 
viscontents (node 0 contents ^ node 1 contents): CONTENTS_SOLID 
This means that none of the brushes in leaf 0 or 1 that touches the portal has CONTENTS_SOLID 
Check for a huge brush enclosing the coordinates above that has contents CONTENTS_SOLID 
Candidate brush IDs: 

*** Suppressing further FindPortalSide errors.... ***
Processing areas...done (0)
Building Faces...done (0)
Chop Details...done (0)
Find Visible Detail Sides...
Merged 2336 detail faces...done (0)
Merging details...done (0)
FixTjuncs...
PruneNodes...
WriteBSP...
done (1)
*** Error: Skybox vtf files for skybox/sky_skylab_01_yello_ weren't compiled with the same size texture and/or same flags!
Can't load skybox file skybox/sky_skylab_01_yello_ to build the default cubemap!
*** Error: Skybox vtf files for skybox/sky_skylab_01_yello_ weren't compiled with the same size texture and/or same flags!
Can't load skybox file skybox/sky_skylab_01_yello_ to build the default cubemap!
Finding displacement neighbors...
Found a displacement edge abutting multiple other edges.
Finding lightmap sample positions...
Displacement Alpha : 0...1...2...3...4...5...6...7...8...9...10
Building Physics collision data...
WARNING: Map using power 4 displacements, terrain physics cannot be compressed, map will need additional memory and CPU.
done (1) (7305109 bytes)
Placing detail props : 0...1...2...3...4...5...6...7...8...9..Material NATURE/BLENDGROUNDTOGRASS008 uses unknown detail object type tf_forest_grass!
Material NATURE/BLENDGROUNDTOGRASS008 uses unknown detail object type tf_forest_grass!
Material NATURE/BLENDGROUNDTOGRASS008 uses unknown detail object type tf_forest_grass!
Material NATURE/BLENDGROUNDTOGRASS008 uses unknown detail object type tf_forest_grass!
.10
Compacting texture/material tables...
Reduced 9377 texinfos to 5959
Reduced 148 texdatas to 132 (3473 bytes to 2831)
Writing D:\oihguv\oihguv_b2_.bsp
Wrote ZIP buffer, estimated size 5746, actual size 4460
7 seconds elapsed



12 threads
reading d:\oihguv\oihguv_b2_.bsp
reading d:\oihguv\oihguv_b2_.prt
LoadPortals: couldn't read d:\oihguv\oihguv_b2_.prt



[Reading texlights from 'lights.rad']
[56 texlights parsed from 'lights.rad']

Loading d:\oihguv\oihguv_b2_.bsp
No vis information, direct lighting only.
18277 faces
16 degenerate faces
9318341 square feet [1341841024.00 square inches]
846 Displacements
439961 Square Feet [63354508.00 Square Inches]
98 direct lights
0...1...2...3...4...5...6...7...8...9...10Build Patch/Sample Hash Table(s).....Done<0.0546 sec>
0...1...2...3...4...5...6...7...8...9...10FinalLightFace Done
0 of 0 (0% of) surface lights went in leaf ambient cubes.
0...1...2...3...4...5...6...7...8...9...10Writing leaf ambient...done
Ready to Finish

Object names       Objects/Maxobjs  Memory / Maxmem  Fullness 
------------       ---------------  ---------------  -------- 
models                  46/1024         2208/49152    ( 4.5%) 
brushes               4144/8192        49728/98304    (50.6%) 
brushsides           32949/65536      263592/524288   (50.3%) 
planes               25952/65536      519040/1310720  (39.6%) 
vertexes             37311/65536      447732/786432   (56.9%) 
nodes                11709/65536      374688/2097152  (17.9%) 
texinfos              5959/12288      429048/884736   (48.5%) 
texdata                132/2048         4224/65536    ( 6.4%) 
dispinfos              846/0          148896/0        ( 0.0%) 
disp_verts           34582/0          691640/0        ( 0.0%) 
disp_tris            50592/0          101184/0        ( 0.0%) 
disp_lmsamples     1177253/0         1177253/0        ( 0.0%) 
faces                18277/65536     1023512/3670016  (27.9%) 
hdr faces                0/65536           0/3670016  ( 0.0%) 
origfaces            11220/65536      628320/3670016  (17.1%) 
leaves               11756/65536      376192/2097152  (17.9%) 
leaffaces            23722/65536       47444/131072   (36.2%) 
leafbrushes          11747/65536       23494/131072   (17.9%) 
areas                   22/256           176/2048     ( 8.6%) 
surfedges           134282/512000     537128/2048000  (26.2%) 
edges                83576/256000     334304/1024000  (32.6%) 
LDR worldlights         98/8192         8624/720896   ( 1.2%) 
HDR worldlights          0/8192            0/720896   ( 0.0%) 
leafwaterdata            0/32768           0/393216   ( 0.0%) 
waterstrips           2346/32768       23460/327680   ( 7.2%) 
waterverts               0/65536           0/786432   ( 0.0%) 
waterindices         43113/65536       86226/131072   (65.8%) 
cubemapsamples           0/1024            0/16384    ( 0.0%) 
overlays                 0/512             0/180224   ( 0.0%) 
LDR lightdata         [variable]    10869172/0        ( 0.0%) 
HDR lightdata         [variable]           0/0        ( 0.0%) 
visdata               [variable]           0/16777216 ( 0.0%) 
entdata               [variable]       51222/393216   (13.0%) 
LDR ambient table    11756/65536       47024/262144   (17.9%) 
HDR ambient table    11756/65536       47024/262144   (17.9%) 
LDR leaf ambient     71942/65536     2014376/1835008  (109.8%) VERY FULL!
HDR leaf ambient     11756/65536      329168/1835008  (17.9%) 
occluders                0/0               0/0        ( 0.0%) 
occluder polygons        0/0               0/0        ( 0.0%) 
occluder vert ind        0/0               0/0        ( 0.0%) 
detail props          [variable]           1/12       ( 8.3%) 
static props          [variable]           1/60760    ( 0.0%) 
pakfile               [variable]        4460/0        ( 0.0%) 
physics               [variable]     7305109/4194304  (174.2%) VERY FULL!
physics terrain       [variable]           0/1048576  ( 0.0%) 

Level flags = 0

Total triangle count: 52796
Writing d:\oihguv\oihguv_b2_.bsp
2 minutes, 16 seconds elapsed



materialPath: C:\Program Files (x86)\Steam\steamapps\common\Source SDK Base 2013 Multiplayer\customConfig_tf2\materials
Loading D:\oihguv\oihguv_b2_.vmf
ConVarRef mat_reduceparticles doesn't point to an existing ConVar
Could not locate GameData file tf2_ficool2_lite.fgd
Patching WVT material: maps/oihguv_b2_/winter/blendgrasstograss002_wvt_patch
Patching WVT material: maps/oihguv_b2_/nature/blendrockground007_wvt_patch
Patching WVT material: maps/oihguv_b2_/nature/blendgroundtograss007_nodetail_wvt_patch
Patching WVT material: maps/oihguv_b2_/nature/blendrockgroundwallforest_wvt_patch
Patching WVT material: maps/oihguv_b2_/nature/blendgroundtograss008_nodetail_wvt_patch
Patching WVT material: maps/oihguv_b2_/nature/blendgroundtograss008_wvt_patch
Patching WVT material: maps/oihguv_b2_/brick/blendcobbletocobblesnow001_wvt_patch
Patching WVT material: maps/oihguv_b2_/nature/blendgroundtograss001_wvt_patch
Patching WVT material: maps/oihguv_b2_/nature/blendgroundtograss005_wvt_patch
fixing up env_cubemap materials on brush sides...
0...1...2...3...4...5...6...7...8...9...100...1...2...3...4...5...6...7...8...9...10Processing areas...done (0)
Building Faces...done (0)
Chop Details...done (0)
Find Visible Detail Sides...
Merged 2336 detail faces...done (0)
Merging details...done (0)
FixTjuncs...
PruneNodes...
WriteBSP...
done (2)
writing D:\oihguv\oihguv_b2_.prt...Building visibility clusters...
done (0)
*** Error: Skybox vtf files for skybox/sky_skylab_01_yello_ weren't compiled with the same size texture and/or same flags!
Can't load skybox file skybox/sky_skylab_01_yello_ to build the default cubemap!
*** Error: Skybox vtf files for skybox/sky_skylab_01_yello_ weren't compiled with the same size texture and/or same flags!
Can't load skybox file skybox/sky_skylab_01_yello_ to build the default cubemap!
Finding displacement neighbors...
Found a displacement edge abutting multiple other edges.
Finding lightmap sample positions...
Displacement Alpha : 0...1...2...3...4...5...6...7...8...9...10
Building Physics collision data...
WARNING: Map using power 4 displacements, terrain physics cannot be compressed, map will need additional memory and CPU.
done (1) (7616069 bytes)
Placing detail props : 0...1...2...3...4...5...6...7...8...9..Material NATURE/BLENDGROUNDTOGRASS008 uses unknown detail object type tf_forest_grass!
Material NATURE/BLENDGROUNDTOGRASS008 uses unknown detail object type tf_forest_grass!
Material NATURE/BLENDGROUNDTOGRASS008 uses unknown detail object type tf_forest_grass!
Material NATURE/BLENDGROUNDTOGRASS008 uses unknown detail object type tf_forest_grass!
.10
Compacting texture/material tables...
Reduced 10384 texinfos to 6856
Reduced 150 texdatas to 132 (3502 bytes to 2819)
Writing D:\oihguv\oihguv_b2_.bsp
Wrote ZIP buffer, estimated size 5746, actual size 4460
9 seconds elapsed



12 threads
reading d:\oihguv\oihguv_b2_.bsp
reading d:\oihguv\oihguv_b2_.prt
6162 portalclusters
20788 numportals
0...1...2...3...4...5...6...7...8...9...10Optimized: 142501 visible clusters (3.76%)
Total clusters visible: 3792324
Average clusters visible: 615
Building PAS...
Average clusters audible: 717
visdatasize:1316964  compressed from 9563424
writing d:\oihguv\oihguv_b2_.bsp
6 seconds elapsed



[Reading texlights from 'lights.rad']
[56 texlights parsed from 'lights.rad']

Loading d:\oihguv\oihguv_b2_.bsp
21333 faces
19 degenerate faces
9784134 square feet [1408915328.00 square inches]
847 Displacements
440331 Square Feet [63407756.00 Square Inches]
21314 patches before subdivision
zero area child patch
zero area child patch
249032 patches after subdivision
101 direct lights
0...1...2...3...4...5...6...7...8...9...100...1...2...3...4...5...6...7...8...9...10transfers 22749284, max 1148
transfer lists: 173.6 megs
0...1...2...3...4...5...6...7...8...9...10	Bounce #1 added RGB(720555, 521043, 382013)
0...1...2...3...4...5...6...7...8...9...10	Bounce #2 added RGB(113235, 72994, 51568)
0...1...2...3...4...5...6...7...8...9...10	Bounce #3 added RGB(22372, 12635, 8455)
0...1...2...3...4...5...6...7...8...9...10	Bounce #4 added RGB(4779, 2495, 1583)
0...1...2...3...4...5...6...7...8...9...10	Bounce #5 added RGB(1115, 541, 321)
0...1...2...3...4...5...6...7...8...9...10	Bounce #6 added RGB(274, 127, 70)
0...1...2...3...4...5...6...7...8...9...10	Bounce #7 added RGB(72, 32, 16)
0...1...2...3...4...5...6...7...8...9...10	Bounce #8 added RGB(20, 9, 4)
0...1...2...3...4...5...6...7...8...9...10	Bounce #9 added RGB(6, 3, 1)
0...1...2...3...4...5...6...7...8...9...10	Bounce #10 added RGB(2, 1, 0)
0...1...2...3...4...5...6...7...8...9...10	Bounce #11 added RGB(1, 0, 0)
Build Patch/Sample Hash Table(s).....Done<0.0694 sec>
0...1...2...3...4...5...6...7...8...9...10FinalLightFace Done
0 of 0 (0% of) surface lights went in leaf ambient cubes.
0...1...2...3...4...5...6...7...8...9...10Writing leaf ambient...done
Ready to Finish

Object names       Objects/Maxobjs  Memory / Maxmem  Fullness 
------------       ---------------  ---------------  -------- 
models                  56/1024         2688/49152    ( 5.5%) 
brushes               4906/8192        58872/98304    (59.9%) 
brushsides           39433/65536      315464/524288   (60.2%) 
planes               29716/65536      594320/1310720  (45.3%) 
vertexes             42301/65536      507612/786432   (64.5%) 
nodes                12135/65536      388320/2097152  (18.5%) 
texinfos              6856/12288      493632/884736   (55.8%) 
texdata                132/2048         4224/65536    ( 6.4%) 
dispinfos              847/0          149072/0        ( 0.0%) 
disp_verts           34607/0          692140/0        ( 0.0%) 
disp_tris            50624/0          101248/0        ( 0.0%) 
disp_lmsamples     1178949/0         1178949/0        ( 0.0%) 
faces                21333/65536     1194648/3670016  (32.6%) 
hdr faces                0/65536           0/3670016  ( 0.0%) 
origfaces            13034/65536      729904/3670016  (19.9%) 
leaves               12192/65536      390144/2097152  (18.6%) 
leaffaces            26862/65536       53724/131072   (41.0%) 
leafbrushes          14518/65536       29036/131072   (22.2%) 
areas                   31/256           248/2048     (12.1%) 
surfedges           156222/512000     624888/2048000  (30.5%) 
edges                96457/256000     385828/1024000  (37.7%) 
LDR worldlights        101/8192         8888/720896   ( 1.2%) 
HDR worldlights          0/8192            0/720896   ( 0.0%) 
leafwaterdata            0/32768           0/393216   ( 0.0%) 
waterstrips           2612/32768       26120/327680   ( 8.0%) 
waterverts               0/65536           0/786432   ( 0.0%) 
waterindices         47961/65536       95922/131072   (73.2%) 
cubemapsamples           0/1024            0/16384    ( 0.0%) 
overlays                 0/512             0/180224   ( 0.0%) 
LDR lightdata         [variable]    12704708/0        ( 0.0%) 
HDR lightdata         [variable]           0/0        ( 0.0%) 
visdata               [variable]     1316964/16777216 ( 7.8%) 
entdata               [variable]       58380/393216   (14.8%) 
LDR ambient table    12192/65536       48768/262144   (18.6%) 
HDR ambient table    12192/65536       48768/262144   (18.6%) 
LDR leaf ambient     61574/65536     1724072/1835008  (94.0%) VERY FULL!
HDR leaf ambient     12192/65536      341376/1835008  (18.6%) 
occluders                0/0               0/0        ( 0.0%) 
occluder polygons        0/0               0/0        ( 0.0%) 
occluder vert ind        0/0               0/0        ( 0.0%) 
detail props          [variable]           1/12       ( 8.3%) 
static props          [variable]           1/73080    ( 0.0%) 
pakfile               [variable]        4460/0        ( 0.0%) 
physics               [variable]     7616069/4194304  (181.6%) VERY FULL!
physics terrain       [variable]           0/1048576  ( 0.0%) 

Level flags = 0

Total triangle count: 61250
Writing d:\oihguv\oihguv_b2_.bsp
1 minute, 49 seconds elapsed



materialPath: C:\Program Files (x86)\Steam\steamapps\common\Source SDK Base 2013 Multiplayer\customConfig_tf2\materials
Loading D:\oihguv\oihguv_b2_.vmf
ConVarRef mat_reduceparticles doesn't point to an existing ConVar
Could not locate GameData file tf2_ficool2_lite.fgd
Patching WVT material: maps/oihguv_b2_/winter/blendgrasstograss002_wvt_patch
Patching WVT material: maps/oihguv_b2_/nature/blendrockground007_wvt_patch
Patching WVT material: maps/oihguv_b2_/nature/blendgroundtograss007_nodetail_wvt_patch
Patching WVT material: maps/oihguv_b2_/nature/blendrockgroundwallforest_wvt_patch
Patching WVT material: maps/oihguv_b2_/nature/blendgroundtograss008_nodetail_wvt_patch
Patching WVT material: maps/oihguv_b2_/nature/blendgroundtograss008_wvt_patch
Patching WVT material: maps/oihguv_b2_/brick/blendcobbletocobblesnow001_wvt_patch
Patching WVT material: maps/oihguv_b2_/nature/blendgroundtograss001_wvt_patch
Patching WVT material: maps/oihguv_b2_/nature/blendgroundtograss005_wvt_patch
fixing up env_cubemap materials on brush sides...
0...1...2...3...4...5...6...7...8...9...100...1...2...3...4...5...6...7...8...9...10Processing areas...done (0)
Building Faces...done (0)
Chop Details...done (0)
Find Visible Detail Sides...
Merged 2336 detail faces...done (0)
Merging details...done (0)
FixTjuncs...
PruneNodes...
WriteBSP...
done (2)
writing D:\oihguv\oihguv_b2_.prt...Building visibility clusters...
done (0)
*** Error: Skybox vtf files for skybox/sky_yuki_01 weren't compiled with the same size texture and/or same flags!
Can't load skybox file skybox/sky_yuki_01 to build the default cubemap!
*** Error: Skybox vtf files for skybox/sky_yuki_01 weren't compiled with the same size texture and/or same flags!
Can't load skybox file skybox/sky_yuki_01 to build the default cubemap!
Finding displacement neighbors...
Found a displacement edge abutting multiple other edges.
Finding lightmap sample positions...
Displacement Alpha : 0...1...2...3...4...5...6...7...8...9...10
Building Physics collision data...
WARNING: Map using power 4 displacements, terrain physics cannot be compressed, map will need additional memory and CPU.
done (1) (7616069 bytes)
Placing detail props : 0...1...2...3...4...5...6...7...8...9..Material NATURE/BLENDGROUNDTOGRASS008 uses unknown detail object type tf_forest_grass!
Material NATURE/BLENDGROUNDTOGRASS008 uses unknown detail object type tf_forest_grass!
Material NATURE/BLENDGROUNDTOGRASS008 uses unknown detail object type tf_forest_grass!
Material NATURE/BLENDGROUNDTOGRASS008 uses unknown detail object type tf_forest_grass!
.10
Compacting texture/material tables...
Reduced 10384 texinfos to 6856
Reduced 150 texdatas to 132 (3502 bytes to 2819)
Writing D:\oihguv\oihguv_b2_.bsp
Wrote ZIP buffer, estimated size 5746, actual size 4460
11 seconds elapsed



12 threads
reading d:\oihguv\oihguv_b2_.bsp
reading d:\oihguv\oihguv_b2_.prt
6162 portalclusters
20788 numportals
0...1...2...3...4...5...6...7...8...9...10Optimized: 142501 visible clusters (3.76%)
Total clusters visible: 3792324
Average clusters visible: 615
Building PAS...
Average clusters audible: 717
visdatasize:1316964  compressed from 9563424
writing d:\oihguv\oihguv_b2_.bsp
6 seconds elapsed



[Reading texlights from 'lights.rad']
[56 texlights parsed from 'lights.rad']

Loading d:\oihguv\oihguv_b2_.bsp
21333 faces
19 degenerate faces
9784134 square feet [1408915328.00 square inches]
847 Displacements
440331 Square Feet [63407756.00 Square Inches]
21314 patches before subdivision
zero area child patch
zero area child patch
249032 patches after subdivision
101 direct lights
0...1...2...3...4...5...6...7...8...9...100...1...2...3...4...5...6...7...8...9...10transfers 22749284, max 1148
transfer lists: 173.6 megs
0...1...2...3...4...5...6...7...8...9...10	Bounce #1 added RGB(720555, 413615, 460407)
0...1...2...3...4...5...6...7...8...9...10	Bounce #2 added RGB(113235, 59775, 60846)
0...1...2...3...4...5...6...7...8...9...10	Bounce #3 added RGB(22372, 10578, 9772)
0...1...2...3...4...5...6...7...8...9...10	Bounce #4 added RGB(4779, 2115, 1815)
0...1...2...3...4...5...6...7...8...9...10	Bounce #5 added RGB(1115, 463, 366)
0...1...2...3...4...5...6...7...8...9...10	Bounce #6 added RGB(274, 109, 79)
0...1...2...3...4...5...6...7...8...9...10	Bounce #7 added RGB(72, 28, 18)
0...1...2...3...4...5...6...7...8...9...10	Bounce #8 added RGB(20, 8, 4)
0...1...2...3...4...5...6...7...8...9...10	Bounce #9 added RGB(6, 2, 1)
0...1...2...3...4...5...6...7...8...9...10	Bounce #10 added RGB(2, 1, 0)
0...1...2...3...4...5...6...7...8...9...10	Bounce #11 added RGB(1, 0, 0)
Build Patch/Sample Hash Table(s).....Done<0.0709 sec>
0...1...2...3...4...5...6...7...8...9...10FinalLightFace Done
0 of 0 (0% of) surface lights went in leaf ambient cubes.
0...1...2...3...4...5...6...7...8...9...10Writing leaf ambient...done
Ready to Finish

Object names       Objects/Maxobjs  Memory / Maxmem  Fullness 
------------       ---------------  ---------------  -------- 
models                  56/1024         2688/49152    ( 5.5%) 
brushes               4906/8192        58872/98304    (59.9%) 
brushsides           39433/65536      315464/524288   (60.2%) 
planes               29716/65536      594320/1310720  (45.3%) 
vertexes             42301/65536      507612/786432   (64.5%) 
nodes                12135/65536      388320/2097152  (18.5%) 
texinfos              6856/12288      493632/884736   (55.8%) 
texdata                132/2048         4224/65536    ( 6.4%) 
dispinfos              847/0          149072/0        ( 0.0%) 
disp_verts           34607/0          692140/0        ( 0.0%) 
disp_tris            50624/0          101248/0        ( 0.0%) 
disp_lmsamples     1178949/0         1178949/0        ( 0.0%) 
faces                21333/65536     1194648/3670016  (32.6%) 
hdr faces                0/65536           0/3670016  ( 0.0%) 
origfaces            13034/65536      729904/3670016  (19.9%) 
leaves               12192/65536      390144/2097152  (18.6%) 
leaffaces            26862/65536       53724/131072   (41.0%) 
leafbrushes          14518/65536       29036/131072   (22.2%) 
areas                   31/256           248/2048     (12.1%) 
surfedges           156222/512000     624888/2048000  (30.5%) 
edges                96457/256000     385828/1024000  (37.7%) 
LDR worldlights        101/8192         8888/720896   ( 1.2%) 
HDR worldlights          0/8192            0/720896   ( 0.0%) 
leafwaterdata            0/32768           0/393216   ( 0.0%) 
waterstrips           2612/32768       26120/327680   ( 8.0%) 
waterverts               0/65536           0/786432   ( 0.0%) 
waterindices         47961/65536       95922/131072   (73.2%) 
cubemapsamples           0/1024            0/16384    ( 0.0%) 
overlays                 0/512             0/180224   ( 0.0%) 
LDR lightdata         [variable]    12704708/0        ( 0.0%) 
HDR lightdata         [variable]           0/0        ( 0.0%) 
visdata               [variable]     1316964/16777216 ( 7.8%) 
entdata               [variable]       58371/393216   (14.8%) 
LDR ambient table    12192/65536       48768/262144   (18.6%) 
HDR ambient table    12192/65536       48768/262144   (18.6%) 
LDR leaf ambient     61308/65536     1716624/1835008  (93.5%) VERY FULL!
HDR leaf ambient     12192/65536      341376/1835008  (18.6%) 
occluders                0/0               0/0        ( 0.0%) 
occluder polygons        0/0               0/0        ( 0.0%) 
occluder vert ind        0/0               0/0        ( 0.0%) 
detail props          [variable]           1/12       ( 8.3%) 
static props          [variable]           1/73080    ( 0.0%) 
pakfile               [variable]        4460/0        ( 0.0%) 
physics               [variable]     7616069/4194304  (181.6%) VERY FULL!
physics terrain       [variable]           0/1048576  ( 0.0%) 

Level flags = 0

Total triangle count: 61250
Writing d:\oihguv\oihguv_b2_.bsp
1 minute, 47 seconds elapsed
