================== VBSP ==================



materialPath: C:\Program Files (x86)\Steam\steamapps\common\Source SDK Base 2013 Multiplayer\customConfig_tf2\materials
Loading D:\oihguv\mge_oihguv_sucks_b4_sky2.vmf
ConVarRef mat_reduceparticles doesn't point to an existing ConVar
Could not locate GameData file tf2_ficool2_lite.fgd
Patching WVT material: maps/mge_oihguv_sucks_b4_sky2/winter/blendgrasstograss002_wvt_patch
Patching WVT material: maps/mge_oihguv_sucks_b4_sky2/nature/blendrockground007_wvt_patch
Patching WVT material: maps/mge_oihguv_sucks_b4_sky2/nature/blendgroundtograss007_nodetail_wvt_patch
Patching WVT material: maps/mge_oihguv_sucks_b4_sky2/nature/blendrockgroundwallforest_wvt_patch
Patching WVT material: maps/mge_oihguv_sucks_b4_sky2/nature/blendgroundtograss008_nodetail_wvt_patch
Patching WVT material: maps/mge_oihguv_sucks_b4_sky2/nature/blendgroundtograss008_wvt_patch
Patching WVT material: maps/mge_oihguv_sucks_b4_sky2/brick/blendcobbletocobblesnow001_wvt_patch
Patching WVT material: maps/mge_oihguv_sucks_b4_sky2/nature/blendgroundtograss001_wvt_patch
Patching WVT material: maps/mge_oihguv_sucks_b4_sky2/nature/blendgroundtograss005_wvt_patch
fixing up env_cubemap materials on brush sides...
0...1...2...3...4...5...6...7...8...9...100...1...2...3...4...5...6...7...8...9...10Processing areas...done (0)
Building Faces...done (0)
Chop Details...done (0)
Find Visible Detail Sides...
Merged 2482 detail faces...done (1)
Merging details...done (1)
FixTjuncs...
PruneNodes...
WriteBSP...
done (1)
writing D:\oihguv\mge_oihguv_sucks_b4_sky2.prt...Building visibility clusters...
done (0)
*** Error: Skybox vtf files for skybox/sky_yuki_01 weren't compiled with the same size texture and/or same flags!
Can't load skybox file skybox/sky_yuki_01 to build the default cubemap!
*** Error: Skybox vtf files for skybox/sky_yuki_01 weren't compiled with the same size texture and/or same flags!
Can't load skybox file skybox/sky_yuki_01 to build the default cubemap!
Finding displacement neighbors...
Found a displacement edge abutting multiple other edges.
Finding lightmap sample positions...
Displacement Alpha : 0...1...2...3...4...5...6...7...8...9...10
Building Physics collision data...
WARNING: Map using power 4 displacements, terrain physics cannot be compressed, map will need additional memory and CPU.
done (1) (7691808 bytes)
Placing detail props : 0...1...2...3...4...5...6...7...8...9.Material NATURE/BLENDGROUNDTOGRASS008 uses unknown detail object type tf_forest_grass!
Material NATURE/BLENDGROUNDTOGRASS008 uses unknown detail object type tf_forest_grass!
.Material NATURE/BLENDGROUNDTOGRASS008 uses unknown detail object type tf_forest_grass!
Material NATURE/BLENDGROUNDTOGRASS008 uses unknown detail object type tf_forest_grass!
.10
Compacting texture/material tables...
Reduced 10335 texinfos to 6610
Reduced 149 texdatas to 126 (3824 bytes to 2873)
Writing D:\oihguv\mge_oihguv_sucks_b4_sky2.bsp
MSG_FILEWRITE - Filesystem was asked to write to 'D:\oihguv\mge_oihguv_sucks_b4_sky2.bsp', but we don't own that location. Allowing.
Wrote ZIP buffer, estimated size 8142, actual size 6320
11 seconds elapsed

================== VVIS ==================




12 threads
reading d:\oihguv\mge_oihguv_sucks_b4_sky2.bsp
reading d:\oihguv\mge_oihguv_sucks_b4_sky2.prt
6045 portalclusters
20707 numportals
0...1...2...3...4...5...6...7...8...9...10Optimized: 108209 visible clusters (3.46%)
Total clusters visible: 3129536
Average clusters visible: 517
Building PAS...
Average clusters audible: 588
visdatasize:1127489  compressed from 9188400
writing d:\oihguv\mge_oihguv_sucks_b4_sky2.bsp
MSG_FILEWRITE - Filesystem was asked to write to 'd:\oihguv\mge_oihguv_sucks_b4_sky2.bsp', but we don't own that location. Allowing.
6 seconds elapsed

================== VRAD ==================




[Reading texlights from 'lights.rad']
[56 texlights parsed from 'lights.rad']

Loading d:\oihguv\mge_oihguv_sucks_b4_sky2.bsp
20862 faces
18 degenerate faces
10398707 square feet [1497413760.00 square inches]
922 Displacements
463479 Square Feet [66741084.00 Square Inches]
20844 patches before subdivision
zero area child patch
zero area child patch
247090 patches after subdivision
3199 direct lights
0...1...2...3...4...5...6...7...8...9...100...1...2...3...4...5...6...7...8...9...10transfers 16813179, max 844
transfer lists: 128.3 megs
0...1...2...3...4...5...6...7...8...9...10	Bounce #1 added RGB(279662, 194410, 210417)
0...1...2...3...4...5...6...7...8...9...10	Bounce #2 added RGB(42649, 25102, 23287)
0...1...2...3...4...5...6...7...8...9...10	Bounce #3 added RGB(8249, 4267, 3505)
0...1...2...3...4...5...6...7...8...9...10	Bounce #4 added RGB(1796, 851, 640)
0...1...2...3...4...5...6...7...8...9...10	Bounce #5 added RGB(443, 198, 138)
0...1...2...3...4...5...6...7...8...9...10	Bounce #6 added RGB(117, 52, 33)
0...1...2...3...4...5...6...7...8...9...10	Bounce #7 added RGB(35, 15, 9)
0...1...2...3...4...5...6...7...8...9...10	Bounce #8 added RGB(11, 5, 3)
0...1...2...3...4...5...6...7...8...9...10	Bounce #9 added RGB(4, 2, 1)
0...1...2...3...4...5...6...7...8...9...10	Bounce #10 added RGB(1, 1, 0)
0...1...2...3...4...5...6...7...8...9...10	Bounce #11 added RGB(0, 0, 0)
Build Patch/Sample Hash Table(s).....Done<0.0805 sec>
0...1...2...3...4...5...6...7...8...9...10FinalLightFace Done
Computing detail prop lighting : 0...1...2...3...4...5...6...7...8...9...10
3096 of 3096 (100% of) surface lights went in leaf ambient cubes.
0...1...2...3...4...5...6...7...8...9...10Writing leaf ambient...done
Ready to Finish

Object names       Objects/Maxobjs  Memory / Maxmem  Fullness 
------------       ---------------  ---------------  -------- 
models                  56/1024         2688/49152    ( 5.5%) 
brushes               4713/8192        56556/98304    (57.5%) 
brushsides           38934/65536      311472/524288   (59.4%) 
planes               31718/65536      634360/1310720  (48.4%) 
vertexes             41066/65536      492792/786432   (62.7%) 
nodes                11431/65536      365792/2097152  (17.4%) 
texinfos              6610/12288      475920/884736   (53.8%) 
texdata                126/2048         4032/65536    ( 6.2%) 
dispinfos              922/0          162272/0        ( 0.0%) 
disp_verts           35810/0          716200/0        ( 0.0%) 
disp_tris            51872/0          103744/0        ( 0.0%) 
disp_lmsamples     1259189/0         1259189/0        ( 0.0%) 
faces                20862/65536     1168272/3670016  (31.8%) 
hdr faces                0/65536           0/3670016  ( 0.0%) 
origfaces            12926/65536      723856/3670016  (19.7%) 
leaves               11488/65536      367616/2097152  (17.5%) 
leaffaces            26369/65536       52738/131072   (40.2%) 
leafbrushes          13679/65536       27358/131072   (20.9%) 
areas                   32/256           256/2048     (12.5%) 
surfedges           154136/512000     616544/2048000  (30.1%) 
edges                94887/256000     379548/1024000  (37.1%) 
LDR worldlights       3199/8192       281512/720896   (39.1%) 
HDR worldlights          0/8192            0/720896   ( 0.0%) 
leafwaterdata            0/32768           0/393216   ( 0.0%) 
waterstrips           2607/32768       26070/327680   ( 8.0%) 
waterverts               0/65536           0/786432   ( 0.0%) 
waterindices         47487/65536       94974/131072   (72.5%) 
cubemapsamples           1/1024           16/16384    ( 0.1%) 
overlays                 0/512             0/180224   ( 0.0%) 
LDR lightdata         [variable]    12494252/0        ( 0.0%) 
HDR lightdata         [variable]           0/0        ( 0.0%) 
visdata               [variable]     1127489/16777216 ( 6.7%) 
entdata               [variable]       59223/393216   (15.1%) 
LDR ambient table    11488/65536       45952/262144   (17.5%) 
HDR ambient table    11488/65536       45952/262144   (17.5%) 
LDR leaf ambient     60424/65536     1691872/1835008  (92.2%) VERY FULL!
HDR leaf ambient     11488/65536      321664/1835008  (17.5%) 
occluders                0/0               0/0        ( 0.0%) 
occluder polygons        0/0               0/0        ( 0.0%) 
occluder vert ind        0/0               0/0        ( 0.0%) 
detail props          [variable]           1/137276   ( 0.0%) 
dtl prp lght          [variable]           1/4        (25.0%) 
HDR dtl prp lght      [variable]           1/4        (25.0%) 
static props          [variable]           1/70458    ( 0.0%) 
pakfile               [variable]        6320/0        ( 0.0%) 
physics               [variable]     7691808/4194304  (183.4%) VERY FULL!
physics terrain       [variable]           0/1048576  ( 0.0%) 

Level flags = 0

Total triangle count: 60375
Writing d:\oihguv\mge_oihguv_sucks_b4_sky2.bsp
8 minutes, 6 seconds elapsed
